December 17, 2022, 12:04 am
----------- DATA -------------
Array
(
    [name] => Allston cesar Tolentino huaman
    [phone] => +051941836498
    [offerId] => 25c8f434-1934-47b9-8d62-f5327a30c19a
    [domain] => http://caterebsiw.site/lander/hair-pe-5--accaunt-1-/lemon.php
    [ip] => 190.236.13.2
    [utm_campaign] => 
    [utm_content] => 
    [utm_medium] => 
    [utm_source] => 
    [utm_term] => 
    [clickid] => 33l6cff43ouj
    [fbpxl] => 
)

----------- RESPONSE ---------
{"result":"ok","localClickId":"4de23c38-da2a-48cb-aaaa-36efa1e8cd6d"}
----------- END --------------
December 17, 2022, 6:17 am
----------- DATA -------------
Array
(
    [name] => Octavio Alburqueque Paz Alburqueque Paz
    [phone] => +939204027
    [offerId] => 25c8f434-1934-47b9-8d62-f5327a30c19a
    [domain] => http://caterebsiw.site/lander/hair-pe-5--accaunt-1-/lemon.php
    [ip] => 190.235.107.223
    [utm_campaign] => 
    [utm_content] => 
    [utm_medium] => 
    [utm_source] => 
    [utm_term] => 
    [clickid] => 3k83iop43rif
    [fbpxl] => 
)

----------- RESPONSE ---------
{"result":"ok","localClickId":"6013068e-c96a-4426-9cdb-ed26086b7987"}
----------- END --------------
December 17, 2022, 6:29 am
----------- DATA -------------
Array
(
    [name] => Lennier
    [phone] => +965946006
    [offerId] => 25c8f434-1934-47b9-8d62-f5327a30c19a
    [domain] => http://caterebsiw.site/lander/hair-pe-5--accaunt-1-/lemon.php
    [ip] => 190.239.64.183
    [utm_campaign] => 
    [utm_content] => 
    [utm_medium] => 
    [utm_source] => 
    [utm_term] => 
    [clickid] => 3709g2p43rl7
    [fbpxl] => 
)

----------- RESPONSE ---------
{"result":"ok","localClickId":"2dbab92a-b052-4b12-9d76-609ba7213805"}
----------- END --------------
December 17, 2022, 1:00 pm
----------- DATA -------------
Array
(
    [name] => Alexander lopez
    [phone] => +976706059
    [offerId] => 25c8f434-1934-47b9-8d62-f5327a30c19a
    [domain] => http://caterebsiw.site/lander/hair-pe-5--accaunt-1-/lemon.php
    [ip] => 179.7.80.227
    [utm_campaign] => 
    [utm_content] => 
    [utm_medium] => 
    [utm_source] => 
    [utm_term] => 
    [clickid] => 1cg1nma43uur
    [fbpxl] => 
)

----------- RESPONSE ---------
{"result":"ok","localClickId":"a25039c4-9f7e-4e54-a16d-436f84d7d007"}
----------- END --------------
December 17, 2022, 7:33 pm
----------- DATA -------------
Array
(
    [name] => Nelio
    [phone] => +992539509
    [offerId] => 25c8f434-1934-47b9-8d62-f5327a30c19a
    [domain] => http://caterebsiw.site/lander/hair-pe-5--accaunt-1-/lemon.php
    [ip] => 179.7.92.76
    [utm_campaign] => 
    [utm_content] => 
    [utm_medium] => 
    [utm_source] => 
    [utm_term] => 
    [clickid] => 2pbhav644387
    [fbpxl] => 
)

----------- RESPONSE ---------
{"result":"ok","localClickId":"00c7448d-3952-48e4-a6db-5f5bfcd22927"}
----------- END --------------
December 17, 2022, 7:35 pm
----------- DATA -------------
Array
(
    [name] => Victor Manuel Bances Castillo 
    [phone] => +970753315
    [offerId] => 25c8f434-1934-47b9-8d62-f5327a30c19a
    [domain] => http://caterebsiw.site/lander/hair-pe-5--accaunt-1-/lemon.php
    [ip] => 179.6.73.79
    [utm_campaign] => 
    [utm_content] => 
    [utm_medium] => 
    [utm_source] => 
    [utm_term] => 
    [clickid] => 29ate894439g
    [fbpxl] => 
)

----------- RESPONSE ---------
{"result":"ok","localClickId":"8609ad97-69da-463d-89df-6cb7ce55d7b2"}
----------- END --------------
December 17, 2022, 8:31 pm
----------- DATA -------------
Array
(
    [name] => Juan Malpartida
    [phone] => +955566584
    [offerId] => 25c8f434-1934-47b9-8d62-f5327a30c19a
    [domain] => http://caterebsiw.site/lander/hair-pe-5--accaunt-1-/lemon.php
    [ip] => 179.7.65.98
    [utm_campaign] => 
    [utm_content] => 
    [utm_medium] => 
    [utm_source] => 
    [utm_term] => 
    [clickid] => 15u26tp443vf
    [fbpxl] => 
)

----------- RESPONSE ---------
{"result":"ok","localClickId":"f51aaad8-4189-4d65-8c38-0410c592fdfc"}
----------- END --------------
December 17, 2022, 9:50 pm
----------- DATA -------------
Array
(
    [name] => Isaias
    [phone] => +919143359
    [offerId] => 25c8f434-1934-47b9-8d62-f5327a30c19a
    [domain] => http://caterebsiw.site/lander/hair-pe-5--accaunt-1-/lemon.php
    [ip] => 181.176.119.234
    [utm_campaign] => 
    [utm_content] => 
    [utm_medium] => 
    [utm_source] => 
    [utm_term] => 
    [clickid] => 1kff91g444tt
    [fbpxl] => 
)

----------- RESPONSE ---------
{"result":"ok","localClickId":"1fe5ea97-6538-4d65-a8a4-3b13c1edb225"}
----------- END --------------
December 17, 2022, 10:27 pm
----------- DATA -------------
Array
(
    [name] => Claudio banda
    [phone] => +987292557
    [offerId] => 25c8f434-1934-47b9-8d62-f5327a30c19a
    [domain] => http://caterebsiw.site/lander/hair-pe-5--accaunt-1-/lemon.php
    [ip] => 179.6.144.189
    [utm_campaign] => 
    [utm_content] => 
    [utm_medium] => 
    [utm_source] => 
    [utm_term] => 
    [clickid] => 16671qf445eh
    [fbpxl] => 
)

----------- RESPONSE ---------
{"result":"ok","localClickId":"0a7c522d-9aa6-4926-ab5b-8d4e3d5fd26d"}
----------- END --------------
December 17, 2022, 10:28 pm
----------- DATA -------------
Array
(
    [name] => Claudio banda
    [phone] => +987292557
    [offerId] => 25c8f434-1934-47b9-8d62-f5327a30c19a
    [domain] => http://caterebsiw.site/lander/hair-pe-5--accaunt-1-/lemon.php
    [ip] => 179.6.144.189
    [utm_campaign] => 
    [utm_content] => 
    [utm_medium] => 
    [utm_source] => 
    [utm_term] => 
    [clickid] => 16671qf445eh
    [fbpxl] => 
)

----------- RESPONSE ---------
{"result":"ok","localClickId":"cb790344-83f9-44a1-8c73-c00be9ae0dae"}
----------- END --------------
