December 5, 2022, 12:45 am
----------- DATA -------------
Array
(
    [name] => Juan lopez Melgarejo 
    [phone] => +999847423
    [offerId] => 25c8f434-1934-47b9-8d62-f5327a30c19a
    [domain] => http://caterebsiw.site/lander/hair-pe-5--accaunt-1-/lemon.php
    [ip] => 179.6.165.163
    [utm_campaign] => 
    [utm_content] => 
    [utm_medium] => 
    [utm_source] => 
    [utm_term] => 
    [clickid] => 30tfbem3vnfe
    [fbpxl] => 
)

----------- RESPONSE ---------
{"result":"ok","localClickId":"ee3a864f-b9b0-4142-965e-9dab532c37fb"}
----------- END --------------
December 5, 2022, 2:31 am
----------- DATA -------------
Array
(
    [name] => Francis López
    [phone] => +51952537951
    [offerId] => 25c8f434-1934-47b9-8d62-f5327a30c19a
    [domain] => http://caterebsiw.site/lander/hair-pe-5--accaunt-1-/lemon.php
    [ip] => 179.6.82.15
    [utm_campaign] => 
    [utm_content] => 
    [utm_medium] => 
    [utm_source] => 
    [utm_term] => 
    [clickid] => 2flrlq83vk43
    [fbpxl] => 
)

----------- RESPONSE ---------
{"result":"ok","localClickId":"9f5024f9-7fe8-49fc-b04f-b03e13083131"}
----------- END --------------
December 5, 2022, 2:31 am
----------- DATA -------------
Array
(
    [name] => Francis López
    [phone] => +51952537951
    [offerId] => 25c8f434-1934-47b9-8d62-f5327a30c19a
    [domain] => http://caterebsiw.site/lander/hair-pe-5--accaunt-1-/lemon.php
    [ip] => 179.6.82.15
    [utm_campaign] => 
    [utm_content] => 
    [utm_medium] => 
    [utm_source] => 
    [utm_term] => 
    [clickid] => 2flrlq83vk43
    [fbpxl] => 
)

----------- RESPONSE ---------
{"result":"ok","localClickId":"a4d36555-164e-4cd6-9a69-84dd36b8228c"}
----------- END --------------
December 5, 2022, 2:40 am
----------- DATA -------------
Array
(
    [name] => Jose mujica 
    [phone] => +927639247
    [offerId] => 25c8f434-1934-47b9-8d62-f5327a30c19a
    [domain] => http://caterebsiw.site/lander/hair-pe-5--accaunt-1-/lemon.php
    [ip] => 190.236.4.121
    [utm_campaign] => 
    [utm_content] => 
    [utm_medium] => 
    [utm_source] => 
    [utm_term] => 
    [clickid] => 2qa4q733vomr
    [fbpxl] => 
)

----------- RESPONSE ---------
{"result":"ok","localClickId":"2d941d72-8977-4138-88ab-44aed05779d1"}
----------- END --------------
December 5, 2022, 3:58 am
----------- DATA -------------
Array
(
    [name] => Marcelino Mendoza Rodriguez
    [phone] => +967605592
    [offerId] => 25c8f434-1934-47b9-8d62-f5327a30c19a
    [domain] => http://caterebsiw.site/lander/hair-pe-5--accaunt-1-/lemon.php
    [ip] => 190.235.10.11
    [utm_campaign] => 
    [utm_content] => 
    [utm_medium] => 
    [utm_source] => 
    [utm_term] => 
    [clickid] => 33r9tk13vpfa
    [fbpxl] => 
)

----------- RESPONSE ---------
{"result":"ok","localClickId":"461d874d-1496-4c77-8079-b58181204def"}
----------- END --------------
December 5, 2022, 4:07 am
----------- DATA -------------
Array
(
    [name] => Guillermo 
    [phone] => +51994617974
    [offerId] => 25c8f434-1934-47b9-8d62-f5327a30c19a
    [domain] => http://caterebsiw.site/lander/hair-pe-5--accaunt-1-/lemon.php
    [ip] => 201.240.244.9
    [utm_campaign] => 
    [utm_content] => 
    [utm_medium] => 
    [utm_source] => 
    [utm_term] => 
    [clickid] => 2vrms4i3vphn
    [fbpxl] => 
)

----------- RESPONSE ---------
{"result":"ok","localClickId":"51a24082-d042-4a8b-ae0d-80bada323889"}
----------- END --------------
December 5, 2022, 5:37 am
----------- DATA -------------
Array
(
    [name] => José Luis Chávez Collazo 
    [phone] => +962300989
    [offerId] => 25c8f434-1934-47b9-8d62-f5327a30c19a
    [domain] => http://caterebsiw.site/lander/hair-pe-5--accaunt-1-/lemon.php
    [ip] => 179.6.145.177
    [utm_campaign] => 
    [utm_content] => 
    [utm_medium] => 
    [utm_source] => 
    [utm_term] => 
    [clickid] => 3dfu77g3vq7b
    [fbpxl] => 
)

----------- RESPONSE ---------
{"result":"ok","localClickId":"c00cbfe0-5a50-4505-a801-9e6ecdec02b6"}
----------- END --------------
December 5, 2022, 8:39 am
----------- DATA -------------
Array
(
    [name] => Felix
    [phone] => +051942220291
    [offerId] => 25c8f434-1934-47b9-8d62-f5327a30c19a
    [domain] => http://caterebsiw.site/lander/hair-pe-5--accaunt-1-/lemon.php
    [ip] => 179.6.83.91
    [utm_campaign] => 
    [utm_content] => 
    [utm_medium] => 
    [utm_source] => 
    [utm_term] => 
    [clickid] => 272kkpk3vr3m
    [fbpxl] => 
)

----------- RESPONSE ---------
{"result":"ok","localClickId":"713651fe-7ece-4b2f-b90d-7319e97951ff"}
----------- END --------------
December 5, 2022, 9:53 am
----------- DATA -------------
Array
(
    [name] => Clodoaldo 
    [phone] => +991640245
    [offerId] => 25c8f434-1934-47b9-8d62-f5327a30c19a
    [domain] => http://caterebsiw.site/lander/hair-pe-5--accaunt-1-/lemon.php
    [ip] => 179.6.75.21
    [utm_campaign] => 
    [utm_content] => 
    [utm_medium] => 
    [utm_source] => 
    [utm_term] => 
    [clickid] => 3so2fj23vrjd
    [fbpxl] => 
)

----------- RESPONSE ---------
{"result":"ok","localClickId":"35202f4b-65d3-419c-a272-8cdbb08216ac"}
----------- END --------------
December 5, 2022, 11:06 am
----------- DATA -------------
Array
(
    [name] => Eber huamani
    [phone] => +971388888
    [offerId] => 25c8f434-1934-47b9-8d62-f5327a30c19a
    [domain] => http://caterebsiw.site/lander/hair-pe-5--accaunt-1-/lemon.php
    [ip] => 181.176.100.162
    [utm_campaign] => 
    [utm_content] => 
    [utm_medium] => 
    [utm_source] => 
    [utm_term] => 
    [clickid] => 1mqn0n63vsmg
    [fbpxl] => 
)

----------- RESPONSE ---------
{"result":"ok","localClickId":"081b80f3-4830-4c88-8b25-41bc331c937d"}
----------- END --------------
December 5, 2022, 11:07 am
----------- DATA -------------
Array
(
    [name] => Eber huamani
    [phone] => +971388888
    [offerId] => 25c8f434-1934-47b9-8d62-f5327a30c19a
    [domain] => http://caterebsiw.site/lander/hair-pe-5--accaunt-1-/lemon.php
    [ip] => 181.176.100.162
    [utm_campaign] => 
    [utm_content] => 
    [utm_medium] => 
    [utm_source] => 
    [utm_term] => 
    [clickid] => 1mqn0n63vsmg
    [fbpxl] => 
)

----------- RESPONSE ---------
{"result":"ok","localClickId":"36eea3b0-4247-4288-9fdb-a1f1f5cc646d"}
----------- END --------------
December 5, 2022, 12:09 pm
----------- DATA -------------
Array
(
    [name] => Walter Mendoza Vásquez 991
    [phone] => +991427517
    [offerId] => 25c8f434-1934-47b9-8d62-f5327a30c19a
    [domain] => http://caterebsiw.site/lander/hair-pe-5--accaunt-1-/lemon.php
    [ip] => 179.6.152.15
    [utm_campaign] => 
    [utm_content] => 
    [utm_medium] => 
    [utm_source] => 
    [utm_term] => 
    [clickid] => supu5b3vtb3
    [fbpxl] => 
)

----------- RESPONSE ---------
{"result":"ok","localClickId":"532c567a-c5b2-46de-9422-8b768fd565b6"}
----------- END --------------
December 5, 2022, 1:52 pm
----------- DATA -------------
Array
(
    [name] => Javier Salcedo Alfaro
    [phone] => +900577723
    [offerId] => 25c8f434-1934-47b9-8d62-f5327a30c19a
    [domain] => http://caterebsiw.site/lander/hair-pe-5--accaunt-1-/lemon.php
    [ip] => 179.6.74.208
    [utm_campaign] => 
    [utm_content] => 
    [utm_medium] => 
    [utm_source] => 
    [utm_term] => 
    [clickid] => 26is1a53vufv
    [fbpxl] => 
)

----------- RESPONSE ---------
{"result":"ok","localClickId":"e7d26392-fb68-4b90-a8ee-5ae6d1e2f775"}
----------- END --------------
December 5, 2022, 4:40 pm
----------- DATA -------------
Array
(
    [name] => GREGORIO
    [phone] => +51902752776
    [offerId] => 25c8f434-1934-47b9-8d62-f5327a30c19a
    [domain] => http://caterebsiw.site/lander/hair-pe-5--accaunt-1-/lemon.php
    [ip] => 190.237.162.179
    [utm_campaign] => 
    [utm_content] => 
    [utm_medium] => 
    [utm_source] => 
    [utm_term] => 
    [clickid] => 2n255d40088
    [fbpxl] => 
)

----------- RESPONSE ---------
{"result":"ok","localClickId":"29e91861-216b-40fb-a2e1-192456cd0118"}
----------- END --------------
December 5, 2022, 5:28 pm
----------- DATA -------------
Array
(
    [name] => Santiago
    [phone] => +4269178
    [offerId] => 25c8f434-1934-47b9-8d62-f5327a30c19a
    [domain] => http://caterebsiw.site/lander/hair-pe-5--accaunt-1-/lemon.php
    [ip] => 181.66.177.130
    [utm_campaign] => 
    [utm_content] => 
    [utm_medium] => 
    [utm_source] => 
    [utm_term] => 
    [clickid] => 2hr1vlg400rp
    [fbpxl] => 
)

----------- RESPONSE ---------
{"result":"ok","localClickId":"832e7f43-12ee-46a2-ad1b-f33bfe040573"}
----------- END --------------
December 5, 2022, 7:51 pm
----------- DATA -------------
Array
(
    [name] => Juan fernandez Castañeda 
    [phone] => +902781643
    [offerId] => 25c8f434-1934-47b9-8d62-f5327a30c19a
    [domain] => http://caterebsiw.site/lander/hair-pe-5--accaunt-1-/lemon.php
    [ip] => 179.6.73.45
    [utm_campaign] => 
    [utm_content] => 
    [utm_medium] => 
    [utm_source] => 
    [utm_term] => 
    [clickid] => 3v063uo40221
    [fbpxl] => 
)

----------- RESPONSE ---------
{"result":"ok","localClickId":"d7e23eb7-3cff-4fc8-bea7-2915dde875fb"}
----------- END --------------
December 5, 2022, 8:10 pm
----------- DATA -------------
Array
(
    [name] => Reyna valenzuela
    [phone] => +941560479
    [offerId] => 25c8f434-1934-47b9-8d62-f5327a30c19a
    [domain] => http://caterebsiw.site/lander/hair-pe-5--accaunt-1-/lemon.php
    [ip] => 179.6.73.168
    [utm_campaign] => 
    [utm_content] => 
    [utm_medium] => 
    [utm_source] => 
    [utm_term] => 
    [clickid] => 3e7lv5k4028v
    [fbpxl] => 
)

----------- RESPONSE ---------
{"result":"ok","localClickId":"2ba07a96-62ba-4335-9728-9c569599f719"}
----------- END --------------
December 5, 2022, 9:39 pm
----------- DATA -------------
Array
(
    [name] => PASCUAL BENITES VIERA
    [phone] => +914195488
    [offerId] => 25c8f434-1934-47b9-8d62-f5327a30c19a
    [domain] => http://caterebsiw.site/lander/hair-pe-5--accaunt-1-/lemon.php
    [ip] => 179.6.74.37
    [utm_campaign] => 
    [utm_content] => 
    [utm_medium] => 
    [utm_source] => 
    [utm_term] => 
    [clickid] => 1mcg8ae402q4
    [fbpxl] => 
)

----------- RESPONSE ---------
{"result":"ok","localClickId":"90134397-86f9-4de8-b54a-e10bcd904eed"}
----------- END --------------
December 5, 2022, 11:07 pm
----------- DATA -------------
Array
(
    [name] => Yoel nilo maravi ramirez
    [phone] => +956799645
    [offerId] => 25c8f434-1934-47b9-8d62-f5327a30c19a
    [domain] => http://caterebsiw.site/lander/hair-pe-5--accaunt-1-/lemon.php
    [ip] => 179.6.75.63
    [utm_campaign] => 
    [utm_content] => 
    [utm_medium] => 
    [utm_source] => 
    [utm_term] => 
    [clickid] => 3i6u36o403ij
    [fbpxl] => 
)

----------- RESPONSE ---------
{"result":"ok","localClickId":"46a59fcf-9143-46ce-a680-446ddc2a4b6a"}
----------- END --------------
