December 13, 2022, 1:46 am
----------- DATA -------------
Array
(
    [name] => PASCUAL BENITES VIERA
    [phone] => +51914195488
    [offerId] => 25c8f434-1934-47b9-8d62-f5327a30c19a
    [domain] => http://caterebsiw.site/lander/hair-pe-5--accaunt-1-/lemon.php
    [ip] => 179.6.136.42
    [utm_campaign] => 
    [utm_content] => 
    [utm_medium] => 
    [utm_source] => 
    [utm_term] => 
    [clickid] => 3ggkic42d6f
    [fbpxl] => 
)

----------- RESPONSE ---------
{"result":"ok","localClickId":"19747ce2-614b-4922-8ea2-95b6da9ad672"}
----------- END --------------
December 13, 2022, 1:48 am
----------- DATA -------------
Array
(
    [name] => PASCUAL BENITES VIERA
    [phone] => +51914195488
    [offerId] => 25c8f434-1934-47b9-8d62-f5327a30c19a
    [domain] => http://caterebsiw.site/lander/hair-pe-5--accaunt-1-/lemon.php
    [ip] => 179.6.136.42
    [utm_campaign] => 
    [utm_content] => 
    [utm_medium] => 
    [utm_source] => 
    [utm_term] => 
    [clickid] => 8dv4di42d7c
    [fbpxl] => 
)

----------- RESPONSE ---------
{"result":"ok","localClickId":"5c15aac2-93e1-4095-846c-bc69a856d00a"}
----------- END --------------
December 13, 2022, 4:33 am
----------- DATA -------------
Array
(
    [name] => Freddy
    [phone] => +51952669377
    [offerId] => 25c8f434-1934-47b9-8d62-f5327a30c19a
    [domain] => http://caterebsiw.site/lander/hair-pe-5--accaunt-1-/lemon.php
    [ip] => 190.239.70.236
    [utm_campaign] => 
    [utm_content] => 
    [utm_medium] => 
    [utm_source] => 
    [utm_term] => 
    [clickid] => 2i3b1jl42eec
    [fbpxl] => 
)

----------- RESPONSE ---------
{"result":"ok","localClickId":"efb27c9a-a2f9-4606-b5a0-11afbe1cdc55"}
----------- END --------------
December 13, 2022, 10:42 am
----------- DATA -------------
Array
(
    [name] => Juan sirlupu
    [phone] => +999326325
    [offerId] => 25c8f434-1934-47b9-8d62-f5327a30c19a
    [domain] => http://caterebsiw.site/lander/hair-pe-5--accaunt-1-/lemon.php
    [ip] => 132.184.129.149
    [utm_campaign] => 
    [utm_content] => 
    [utm_medium] => 
    [utm_source] => 
    [utm_term] => 
    [clickid] => {subid}
    [fbpxl] => 
)

----------- RESPONSE ---------
{"result":"ok","localClickId":"fbba3d4d-256a-4d91-a034-c590006af247"}
----------- END --------------
December 13, 2022, 1:06 pm
----------- DATA -------------
Array
(
    [name] => Mauricio Llana Teddy
    [phone] => +951977360
    [offerId] => 25c8f434-1934-47b9-8d62-f5327a30c19a
    [domain] => http://caterebsiw.site/lander/hair-pe-5--accaunt-1-/lemon.php
    [ip] => 179.6.138.97
    [utm_campaign] => 
    [utm_content] => 
    [utm_medium] => 
    [utm_source] => 
    [utm_term] => 
    [clickid] => 3atlri642hk7
    [fbpxl] => 
)

----------- RESPONSE ---------
{"result":"ok","localClickId":"ffb2fc29-140d-44fc-a930-65716cb53f41"}
----------- END --------------
December 13, 2022, 1:28 pm
----------- DATA -------------
Array
(
    [name] => Florencio Quispe Mamani 
    [phone] => +955711404
    [offerId] => 25c8f434-1934-47b9-8d62-f5327a30c19a
    [domain] => http://caterebsiw.site/lander/hair-pe-5--accaunt-1-/lemon.php
    [ip] => 179.7.225.103
    [utm_campaign] => 
    [utm_content] => 
    [utm_medium] => 
    [utm_source] => 
    [utm_term] => 
    [clickid] => 13v8gnj42hp4
    [fbpxl] => 
)

----------- RESPONSE ---------
{"result":"ok","localClickId":"06cba047-81d3-46ea-bf1f-b70bcab2a50a"}
----------- END --------------
