November 24, 2022, 6:52 am
----------- DATA -------------
Array
(
    [name] => gdfgdfgsdf
    [phone] => +41231231231
    [offerId] => 25c8f434-1934-47b9-8d62-f5327a30c19a
    [domain] => http://128.199.115.83/lander/hair-pe-5--accaunt-1-/lemon.php
    [ip] => 46.158.202.133
    [utm_campaign] => 
    [utm_content] => 
    [utm_medium] => 
    [utm_source] => 
    [utm_term] => 
    [clickid] => {subid}
    [fbpxl] => 
)

----------- RESPONSE ---------
{"result":"ok","localClickId":"c003e2de-0678-4d90-97bc-0dac6ff797a9"}
----------- END --------------
November 24, 2022, 9:54 am
----------- DATA -------------
Array
(
    [name] => Sergio Pauccara
    [phone] => +967255155
    [offerId] => 25c8f434-1934-47b9-8d62-f5327a30c19a
    [domain] => http://caterebsiw.site/lander/hair-pe-5--accaunt-1-/lemon.php
    [ip] => 179.6.148.204
    [utm_campaign] => 
    [utm_content] => 
    [utm_medium] => 
    [utm_source] => 
    [utm_term] => 
    [clickid] => udgrdu3qpa7
    [fbpxl] => 
)

----------- RESPONSE ---------
{"result":"ok","localClickId":"f96694ff-446f-4b3d-95d6-a295d94cc8a2"}
----------- END --------------
November 24, 2022, 11:25 am
----------- DATA -------------
Array
(
    [name] => Edvin Espinoza
    [phone] => +944523644
    [offerId] => 25c8f434-1934-47b9-8d62-f5327a30c19a
    [domain] => http://caterebsiw.site/lander/hair-pe-5--accaunt-1-/lemon.php
    [ip] => 179.6.139.125
    [utm_campaign] => 
    [utm_content] => 
    [utm_medium] => 
    [utm_source] => 
    [utm_term] => 
    [clickid] => 3fl11f73qq0g
    [fbpxl] => 
)

----------- RESPONSE ---------
{"result":"ok","localClickId":"97ffe3f6-e5a7-417e-81d7-bc8a6a85f90f"}
----------- END --------------
November 24, 2022, 11:39 am
----------- DATA -------------
Array
(
    [name] => Juan 
    [phone] => +944605296
    [offerId] => 25c8f434-1934-47b9-8d62-f5327a30c19a
    [domain] => http://caterebsiw.site/lander/hair-pe-5--accaunt-1-/lemon.php
    [ip] => 179.6.89.159
    [utm_campaign] => 
    [utm_content] => 
    [utm_medium] => 
    [utm_source] => 
    [utm_term] => 
    [clickid] => ugoapj3qq55
    [fbpxl] => 
)

----------- RESPONSE ---------
{"result":"ok","localClickId":"0f68a6e5-fb02-4dac-8317-e53f7b1f5603"}
----------- END --------------
November 24, 2022, 12:13 pm
----------- DATA -------------
Array
(
    [name] => Christian dino
    [phone] => +962541220
    [offerId] => 25c8f434-1934-47b9-8d62-f5327a30c19a
    [domain] => http://caterebsiw.site/lander/hair-pe-5--accaunt-1-/lemon.php
    [ip] => 181.65.0.149
    [utm_campaign] => 
    [utm_content] => 
    [utm_medium] => 
    [utm_source] => 
    [utm_term] => 
    [clickid] => 3gque2t3qqeq
    [fbpxl] => 
)

----------- RESPONSE ---------
{"result":"ok","localClickId":"16c5d201-a850-4f5a-a6d8-aa6ba36c27e3"}
----------- END --------------
November 24, 2022, 2:32 pm
----------- DATA -------------
Array
(
    [name] => Luis Pumacayo 
    [phone] => +951444565
    [offerId] => 25c8f434-1934-47b9-8d62-f5327a30c19a
    [domain] => http://caterebsiw.site/lander/hair-pe-5--accaunt-1-/lemon.php
    [ip] => 190.239.92.20
    [utm_campaign] => 
    [utm_content] => 
    [utm_medium] => 
    [utm_source] => 
    [utm_term] => 
    [clickid] => 1k88kvq3qrl1
    [fbpxl] => 
)

----------- RESPONSE ---------
{"result":"ok","localClickId":"f8f631a9-8172-4b7c-80fd-11a3449e9046"}
----------- END --------------
November 24, 2022, 6:27 pm
----------- DATA -------------
Array
(
    [name] => Juan moscoso.velasquez
    [phone] => +990505610
    [offerId] => 25c8f434-1934-47b9-8d62-f5327a30c19a
    [domain] => http://caterebsiw.site/lander/hair-pe-5--accaunt-1-/lemon.php
    [ip] => 190.236.15.196
    [utm_campaign] => 
    [utm_content] => 
    [utm_medium] => 
    [utm_source] => 
    [utm_term] => 
    [clickid] => 32f9q0v3quj5
    [fbpxl] => 
)

----------- RESPONSE ---------
{"result":"ok","localClickId":"12f59049-1317-44f3-b0e1-783a18c3f0ac"}
----------- END --------------
November 24, 2022, 7:35 pm
----------- DATA -------------
Array
(
    [name] => Jorge javier macedo rodríguez se
    [phone] => +51930246545
    [offerId] => 25c8f434-1934-47b9-8d62-f5327a30c19a
    [domain] => http://caterebsiw.site/lander/hair-pe-5--accaunt-1-/lemon.php
    [ip] => 181.176.67.200
    [utm_campaign] => 
    [utm_content] => 
    [utm_medium] => 
    [utm_source] => 
    [utm_term] => 
    [clickid] => 1vjvf4e3qvbf
    [fbpxl] => 
)

----------- RESPONSE ---------
{"result":"ok","localClickId":"a0c727ed-b455-4ba0-9d79-72502e3e3710"}
----------- END --------------
November 24, 2022, 8:30 pm
----------- DATA -------------
Array
(
    [name] => Jaime
    [phone] => +977264253
    [offerId] => 25c8f434-1934-47b9-8d62-f5327a30c19a
    [domain] => http://caterebsiw.site/lander/hair-pe-5--accaunt-1-/lemon.php
    [ip] => 190.239.64.109
    [utm_campaign] => 
    [utm_content] => 
    [utm_medium] => 
    [utm_source] => 
    [utm_term] => 
    [clickid] => 3nfop6u3qvt1
    [fbpxl] => 
)

----------- RESPONSE ---------
{"result":"ok","localClickId":"b6a55eb2-0992-446b-819c-12d0ad477664"}
----------- END --------------
November 24, 2022, 8:38 pm
----------- DATA -------------
Array
(
    [name] => Wilmer
    [phone] => +51972292589
    [offerId] => 25c8f434-1934-47b9-8d62-f5327a30c19a
    [domain] => http://caterebsiw.site/lander/hair-pe-5--accaunt-1-/lemon.php
    [ip] => 179.7.64.114
    [utm_campaign] => 
    [utm_content] => 
    [utm_medium] => 
    [utm_source] => 
    [utm_term] => 
    [clickid] => 3p7hno83r00r
    [fbpxl] => 
)

----------- RESPONSE ---------
{"result":"ok","localClickId":"75b2d565-51bb-4bbc-b804-c3f343931968"}
----------- END --------------
November 24, 2022, 8:48 pm
----------- DATA -------------
Array
(
    [name] => Edwin jaramillo
    [phone] => +915916143
    [offerId] => 25c8f434-1934-47b9-8d62-f5327a30c19a
    [domain] => http://caterebsiw.site/lander/hair-pe-5--accaunt-1-/lemon.php
    [ip] => 179.6.165.246
    [utm_campaign] => 
    [utm_content] => 
    [utm_medium] => 
    [utm_source] => 
    [utm_term] => 
    [clickid] => dfs7gl3r03c
    [fbpxl] => 
)

----------- RESPONSE ---------
{"result":"ok","localClickId":"44906f62-d7dc-4717-909c-9e8e90cd8e7e"}
----------- END --------------
November 24, 2022, 10:30 pm
----------- DATA -------------
Array
(
    [name] => Jorge javier macedo rodríguez
    [phone] => +51930246545
    [offerId] => 25c8f434-1934-47b9-8d62-f5327a30c19a
    [domain] => http://caterebsiw.site/lander/hair-pe-5--accaunt-1-/lemon.php
    [ip] => 181.176.67.200
    [utm_campaign] => 
    [utm_content] => 
    [utm_medium] => 
    [utm_source] => 
    [utm_term] => 
    [clickid] => 1vjvf4e3r185
    [fbpxl] => 
)

----------- RESPONSE ---------
{"result":"ok","localClickId":"221bc975-1683-4290-a5b8-c4832a096a3c"}
----------- END --------------
November 24, 2022, 10:30 pm
----------- DATA -------------
Array
(
    [name] => Jorge javier macedo rodríguez
    [phone] => +51930246545
    [offerId] => 25c8f434-1934-47b9-8d62-f5327a30c19a
    [domain] => http://caterebsiw.site/lander/hair-pe-5--accaunt-1-/lemon.php
    [ip] => 181.176.67.200
    [utm_campaign] => 
    [utm_content] => 
    [utm_medium] => 
    [utm_source] => 
    [utm_term] => 
    [clickid] => 1vjvf4e3r185
    [fbpxl] => 
)

----------- RESPONSE ---------
{"result":"ok","localClickId":"7e63249b-1b38-49af-8a9a-40e27ad5b965"}
----------- END --------------
November 24, 2022, 10:30 pm
----------- DATA -------------
Array
(
    [name] => Jorge javier macedo rodríguez
    [phone] => +51930246545
    [offerId] => 25c8f434-1934-47b9-8d62-f5327a30c19a
    [domain] => http://caterebsiw.site/lander/hair-pe-5--accaunt-1-/lemon.php
    [ip] => 181.176.67.200
    [utm_campaign] => 
    [utm_content] => 
    [utm_medium] => 
    [utm_source] => 
    [utm_term] => 
    [clickid] => 1vjvf4e3r185
    [fbpxl] => 
)

----------- RESPONSE ---------
{"result":"ok","localClickId":"ab060056-f31c-450f-90dd-7925c9d51cb0"}
----------- END --------------
November 24, 2022, 10:30 pm
----------- DATA -------------
Array
(
    [name] => Jorge javier macedo rodríguez
    [phone] => +51930246545
    [offerId] => 25c8f434-1934-47b9-8d62-f5327a30c19a
    [domain] => http://caterebsiw.site/lander/hair-pe-5--accaunt-1-/lemon.php
    [ip] => 181.176.67.200
    [utm_campaign] => 
    [utm_content] => 
    [utm_medium] => 
    [utm_source] => 
    [utm_term] => 
    [clickid] => 1vjvf4e3r185
    [fbpxl] => 
)

----------- RESPONSE ---------
{"result":"ok","localClickId":"6d38a6f3-8bc7-4a38-9044-16b7b9cc538c"}
----------- END --------------
November 24, 2022, 10:30 pm
----------- DATA -------------
Array
(
    [name] => Jorge javier macedo rodríguez
    [phone] => +51930246545
    [offerId] => 25c8f434-1934-47b9-8d62-f5327a30c19a
    [domain] => http://caterebsiw.site/lander/hair-pe-5--accaunt-1-/lemon.php
    [ip] => 181.176.67.200
    [utm_campaign] => 
    [utm_content] => 
    [utm_medium] => 
    [utm_source] => 
    [utm_term] => 
    [clickid] => 1vjvf4e3r185
    [fbpxl] => 
)

----------- RESPONSE ---------
{"result":"ok","localClickId":"0e826c69-5284-4d4b-907b-e66474e23fa3"}
----------- END --------------
November 24, 2022, 10:30 pm
----------- DATA -------------
Array
(
    [name] => Jorge javier macedo rodríguez
    [phone] => +51930246545
    [offerId] => 25c8f434-1934-47b9-8d62-f5327a30c19a
    [domain] => http://caterebsiw.site/lander/hair-pe-5--accaunt-1-/lemon.php
    [ip] => 181.176.67.200
    [utm_campaign] => 
    [utm_content] => 
    [utm_medium] => 
    [utm_source] => 
    [utm_term] => 
    [clickid] => 1vjvf4e3r185
    [fbpxl] => 
)

----------- RESPONSE ---------
{"result":"ok","localClickId":"01f1e731-0fbf-49f2-8209-7a7912c766f9"}
----------- END --------------
November 24, 2022, 11:37 pm
----------- DATA -------------
Array
(
    [name] => Sandro peña inuma
    [phone] => +953526151
    [offerId] => 25c8f434-1934-47b9-8d62-f5327a30c19a
    [domain] => http://caterebsiw.site/lander/hair-pe-5--accaunt-1-/lemon.php
    [ip] => 190.236.131.145
    [utm_campaign] => 
    [utm_content] => 
    [utm_medium] => 
    [utm_source] => 
    [utm_term] => 
    [clickid] => 1fmuko63r1rn
    [fbpxl] => 
)

----------- RESPONSE ---------
{"result":"ok","localClickId":"90f0bc10-8963-46ba-b00d-6e5b01ae6ed8"}
----------- END --------------
