February 10, 2023, 1:04 am
----------- DATA -------------
Array
(
    [name] => Celestino baylon ortega
    [phone] => +51995623075
    [offerId] => 25c8f434-1934-47b9-8d62-f5327a30c19a
    [domain] => http://finalcjfyi.site/lander/hair-pe-5--accaunt-1-/lemon.php
    [ip] => 190.239.93.254
    [utm_campaign] => 
    [utm_content] => 
    [utm_medium] => 
    [utm_source] => 
    [utm_term] => 
    [clickid] => 26319sa545fu
    [fbpxl] => 
)

----------- RESPONSE ---------
{"result":"ok","localClickId":"c7cc787d-5600-4979-b4bd-00885ef1a775"}
----------- END --------------
February 10, 2023, 2:22 am
----------- DATA -------------
Array
(
    [name] => Ricardo 
    [phone] => +959422539
    [offerId] => 25c8f434-1934-47b9-8d62-f5327a30c19a
    [domain] => http://finalcjfyi.site/lander/hair-pe-5--accaunt-1-/lemon.php
    [ip] => 179.6.145.20
    [utm_campaign] => 
    [utm_content] => 
    [utm_medium] => 
    [utm_source] => 
    [utm_term] => 
    [clickid] => 1guc9mb546jr
    [fbpxl] => 
)

----------- RESPONSE ---------
{"result":"ok","localClickId":"023af4a0-1a91-4fad-9504-f6c71f7ed01e"}
----------- END --------------
February 10, 2023, 2:48 am
----------- DATA -------------
Array
(
    [name] => Frank
    [phone] => +51923423079
    [offerId] => 25c8f434-1934-47b9-8d62-f5327a30c19a
    [domain] => http://finalcjfyi.site/lander/hair-pe-5--accaunt-1-/lemon.php
    [ip] => 179.7.82.185
    [utm_campaign] => 
    [utm_content] => 
    [utm_medium] => 
    [utm_source] => 
    [utm_term] => 
    [clickid] => s1t03546ut
    [fbpxl] => 
)

----------- RESPONSE ---------
{"result":"ok","localClickId":"5a733525-6cf3-4377-a3c7-8f212d8672c8"}
----------- END --------------
February 10, 2023, 2:49 am
----------- DATA -------------
Array
(
    [name] => Franklin
    [phone] => +923426079
    [offerId] => 25c8f434-1934-47b9-8d62-f5327a30c19a
    [domain] => http://finalcjfyi.site/lander/hair-pe-5--accaunt-1-/lemon.php
    [ip] => 179.7.82.185
    [utm_campaign] => 
    [utm_content] => 
    [utm_medium] => 
    [utm_source] => 
    [utm_term] => 
    [clickid] => s1t035470b
    [fbpxl] => 
)

----------- RESPONSE ---------
{"result":"ok","localClickId":"171077fb-b8ac-43fe-b019-44824a1894bc"}
----------- END --------------
February 10, 2023, 3:23 am
----------- DATA -------------
Array
(
    [name] => Italo Edilerto Rodriguez Lozada
    [phone] => +951955331
    [offerId] => 25c8f434-1934-47b9-8d62-f5327a30c19a
    [domain] => http://finalcjfyi.site/lander/hair-pe-5--accaunt-1-/lemon.php
    [ip] => 190.236.0.63
    [utm_campaign] => 
    [utm_content] => 
    [utm_medium] => 
    [utm_source] => 
    [utm_term] => 
    [clickid] => 1r2opt0547io
    [fbpxl] => 
)

----------- RESPONSE ---------
{"result":"ok","localClickId":"6f006c8a-68aa-4c39-a078-552df38dfa90"}
----------- END --------------
February 10, 2023, 5:55 am
----------- DATA -------------
Array
(
    [name] => Juan
    [phone] => +901909950
    [offerId] => 25c8f434-1934-47b9-8d62-f5327a30c19a
    [domain] => http://finalcjfyi.site/lander/hair-pe-5--accaunt-1-/lemon.php
    [ip] => 190.43.149.0
    [utm_campaign] => 
    [utm_content] => 
    [utm_medium] => 
    [utm_source] => 
    [utm_term] => 
    [clickid] => 3d2l0hv549i7
    [fbpxl] => 
)

----------- RESPONSE ---------
{"result":"ok","localClickId":"bd00b64e-c000-4f71-98fd-fe4e55c3801c"}
----------- END --------------
February 10, 2023, 8:07 am
----------- DATA -------------
Array
(
    [name] => SERGIO MURILLO POMA
    [phone] => +981920992
    [offerId] => 25c8f434-1934-47b9-8d62-f5327a30c19a
    [domain] => http://finalcjfyi.site/lander/hair-pe-5--accaunt-1-/lemon.php
    [ip] => 181.66.138.224
    [utm_campaign] => 
    [utm_content] => 
    [utm_medium] => 
    [utm_source] => 
    [utm_term] => 
    [clickid] => 2ralqqe54ab9
    [fbpxl] => 
)

----------- RESPONSE ---------
{"result":"ok","localClickId":"f4dcea45-45d7-47f0-b2f5-99d46927bea2"}
----------- END --------------
February 10, 2023, 10:22 am
----------- DATA -------------
Array
(
    [name] => Antonio Eliseo
    [phone] => +51950775630
    [offerId] => 25c8f434-1934-47b9-8d62-f5327a30c19a
    [domain] => http://finalcjfyi.site/lander/hair-pe-5--accaunt-1-/lemon.php
    [ip] => 200.121.142.160
    [utm_campaign] => 
    [utm_content] => 
    [utm_medium] => 
    [utm_source] => 
    [utm_term] => 
    [clickid] => 2uj8uuj54c3c
    [fbpxl] => 
)

----------- RESPONSE ---------
{"result":"ok","localClickId":"e8dc47b8-f77e-49fc-90fb-027a3ad108ac"}
----------- END --------------
February 10, 2023, 10:24 am
----------- DATA -------------
Array
(
    [name] => Uber 
    [phone] => +910957675
    [offerId] => 25c8f434-1934-47b9-8d62-f5327a30c19a
    [domain] => http://finalcjfyi.site/lander/hair-pe-5--accaunt-1-/lemon.php
    [ip] => 181.176.110.251
    [utm_campaign] => 
    [utm_content] => 
    [utm_medium] => 
    [utm_source] => 
    [utm_term] => 
    [clickid] => aqljn354c4a
    [fbpxl] => 
)

----------- RESPONSE ---------
{"result":"ok","localClickId":"29ec6951-526c-47ef-85da-242544787ef6"}
----------- END --------------
February 10, 2023, 10:54 am
----------- DATA -------------
Array
(
    [name] => Teofilo  Huaman paz
    [phone] => +948586354
    [offerId] => 25c8f434-1934-47b9-8d62-f5327a30c19a
    [domain] => http://finalcjfyi.site/lander/hair-pe-5--accaunt-1-/lemon.php
    [ip] => 190.236.7.129
    [utm_campaign] => 
    [utm_content] => 
    [utm_medium] => 
    [utm_source] => 
    [utm_term] => 
    [clickid] => 7mef9854cea
    [fbpxl] => 
)

----------- RESPONSE ---------
{"result":"ok","localClickId":"c382dfb0-af3e-49b1-b4d2-2524065e3f50"}
----------- END --------------
February 10, 2023, 11:02 am
----------- DATA -------------
Array
(
    [name] => Cesar obispo
    [phone] => +941346440
    [offerId] => 25c8f434-1934-47b9-8d62-f5327a30c19a
    [domain] => http://finalcjfyi.site/lander/hair-pe-5--accaunt-1-/lemon.php
    [ip] => 179.7.65.38
    [utm_campaign] => 
    [utm_content] => 
    [utm_medium] => 
    [utm_source] => 
    [utm_term] => 
    [clickid] => 3ik1dh054ci7
    [fbpxl] => 
)

----------- RESPONSE ---------
{"result":"ok","localClickId":"366b54a5-8965-4efc-9723-27182747c5ad"}
----------- END --------------
February 10, 2023, 11:04 am
----------- DATA -------------
Array
(
    [name] => Adonis Bellorin
    [phone] => +51990980774
    [offerId] => 25c8f434-1934-47b9-8d62-f5327a30c19a
    [domain] => http://finalcjfyi.site/lander/hair-pe-5--accaunt-1-/lemon.php
    [ip] => 181.176.119.154
    [utm_campaign] => 
    [utm_content] => 
    [utm_medium] => 
    [utm_source] => 
    [utm_term] => 
    [clickid] => vkrm3p54cje
    [fbpxl] => 
)

----------- RESPONSE ---------
{"result":"ok","localClickId":"20b626eb-82c3-47dd-96cc-fae434b661b2"}
----------- END --------------
February 10, 2023, 11:04 am
----------- DATA -------------
Array
(
    [name] => Hugo Alexander Villalta iman
    [phone] => +925582663
    [offerId] => 25c8f434-1934-47b9-8d62-f5327a30c19a
    [domain] => http://finalcjfyi.site/lander/hair-pe-5--accaunt-1-/lemon.php
    [ip] => 190.239.215.230
    [utm_campaign] => 
    [utm_content] => 
    [utm_medium] => 
    [utm_source] => 
    [utm_term] => 
    [clickid] => 34i79rh54cgs
    [fbpxl] => 
)

----------- RESPONSE ---------
{"result":"ok","localClickId":"28edf584-3753-45e0-a75b-4afc579294f3"}
----------- END --------------
February 10, 2023, 12:58 pm
----------- DATA -------------
Array
(
    [name] => Ricardo Boza Rodriguez
    [phone] => +973697736
    [offerId] => 25c8f434-1934-47b9-8d62-f5327a30c19a
    [domain] => http://finalcjfyi.site/lander/hair-pe-5--accaunt-1-/lemon.php
    [ip] => 190.232.131.106
    [utm_campaign] => 
    [utm_content] => 
    [utm_medium] => 
    [utm_source] => 
    [utm_term] => 
    [clickid] => 1jhbeue54e0u
    [fbpxl] => 
)

----------- RESPONSE ---------
{"result":"ok","localClickId":"320621b6-68df-4f83-8180-37570be6cd5e"}
----------- END --------------
February 10, 2023, 2:28 pm
----------- DATA -------------
Array
(
    [name] => Albino Torres Egusquiza
    [phone] => +992838289
    [offerId] => 25c8f434-1934-47b9-8d62-f5327a30c19a
    [domain] => http://finalcjfyi.site/lander/hair-pe-5--accaunt-1-/lemon.php
    [ip] => 132.184.129.211
    [utm_campaign] => 
    [utm_content] => 
    [utm_medium] => 
    [utm_source] => 
    [utm_term] => 
    [clickid] => 2n24e5i54f09
    [fbpxl] => 
)

----------- RESPONSE ---------
{"result":"ok","localClickId":"9ed7c7bc-fb59-49d0-922e-07b1065cda10"}
----------- END --------------
February 10, 2023, 4:02 pm
----------- DATA -------------
Array
(
    [name] => Arturo Suarez
    [phone] => +51989423268
    [offerId] => 25c8f434-1934-47b9-8d62-f5327a30c19a
    [domain] => http://finalcjfyi.site/lander/hair-pe-5--accaunt-1-/lemon.php
    [ip] => 200.48.160.139
    [utm_campaign] => 
    [utm_content] => 
    [utm_medium] => 
    [utm_source] => 
    [utm_term] => 
    [clickid] => 30pkkes54ftc
    [fbpxl] => 
)

----------- RESPONSE ---------
{"result":"ok","localClickId":"b21c3ff5-7a07-4e30-abf8-3e598b5baa3c"}
----------- END --------------
February 10, 2023, 6:02 pm
----------- DATA -------------
Array
(
    [name] => Pedro Da Silva Ruiz
    [phone] => +944107111
    [offerId] => 25c8f434-1934-47b9-8d62-f5327a30c19a
    [domain] => http://finalcjfyi.site/lander/hair-pe-5--accaunt-1-/lemon.php
    [ip] => 190.237.35.19
    [utm_campaign] => 
    [utm_content] => 
    [utm_medium] => 
    [utm_source] => 
    [utm_term] => 
    [clickid] => 1r3kqdi54h1n
    [fbpxl] => 
)

----------- RESPONSE ---------
{"result":"ok","localClickId":"eca57191-6781-46e9-8eb9-633374c0091d"}
----------- END --------------
February 10, 2023, 7:12 pm
----------- DATA -------------
Array
(
    [name] => Christian Rodríguez Huerta
    [phone] => +51957513721
    [offerId] => 25c8f434-1934-47b9-8d62-f5327a30c19a
    [domain] => http://finalcjfyi.site/lander/hair-pe-5--accaunt-1-/lemon.php
    [ip] => 190.239.52.155
    [utm_campaign] => 
    [utm_content] => 
    [utm_medium] => 
    [utm_source] => 
    [utm_term] => 
    [clickid] => 1p2e3uv54hsk
    [fbpxl] => 
)

----------- RESPONSE ---------
{"result":"ok","localClickId":"fefd1488-d3b4-4a93-95cd-40b3ff03cd5b"}
----------- END --------------
February 10, 2023, 7:56 pm
----------- DATA -------------
Array
(
    [name] => Denny's Martínez
    [phone] => +947380075
    [offerId] => 25c8f434-1934-47b9-8d62-f5327a30c19a
    [domain] => http://finalcjfyi.site/lander/hair-pe-5--accaunt-1-/lemon.php
    [ip] => 181.65.18.200
    [utm_campaign] => 
    [utm_content] => 
    [utm_medium] => 
    [utm_source] => 
    [utm_term] => 
    [clickid] => 2q4m8fj54idj
    [fbpxl] => 
)

----------- RESPONSE ---------
{"result":"ok","localClickId":"44c4aa31-45ce-4563-be07-88b52a2489a3"}
----------- END --------------
February 10, 2023, 8:05 pm
----------- DATA -------------
Array
(
    [name] => José Luis 
    [phone] => +64998066002
    [offerId] => 25c8f434-1934-47b9-8d62-f5327a30c19a
    [domain] => http://finalcjfyi.site/lander/hair-pe-5--accaunt-1-/lemon.php
    [ip] => 190.236.6.209
    [utm_campaign] => 
    [utm_content] => 
    [utm_medium] => 
    [utm_source] => 
    [utm_term] => 
    [clickid] => 33pqjr454ifm
    [fbpxl] => 
)

----------- RESPONSE ---------
{"result":"ok","localClickId":"123dbfa2-5997-451c-8f7b-5981d4bd630c"}
----------- END --------------
February 10, 2023, 8:51 pm
----------- DATA -------------
Array
(
    [name] => alberto
    [phone] => +51959326787
    [offerId] => 25c8f434-1934-47b9-8d62-f5327a30c19a
    [domain] => http://finalcjfyi.site/lander/hair-pe-5--accaunt-1-/lemon.php
    [ip] => 179.6.148.168
    [utm_campaign] => 
    [utm_content] => 
    [utm_medium] => 
    [utm_source] => 
    [utm_term] => 
    [clickid] => ln0aes54fp0
    [fbpxl] => 
)

----------- RESPONSE ---------
{"result":"ok","localClickId":"6f4f7955-1e14-4332-8c0f-2638309cd8e2"}
----------- END --------------
February 10, 2023, 9:43 pm
----------- DATA -------------
Array
(
    [name] => James Jesus
    [phone] => +976801572
    [offerId] => 25c8f434-1934-47b9-8d62-f5327a30c19a
    [domain] => http://finalcjfyi.site/lander/hair-pe-5--accaunt-1-/lemon.php
    [ip] => 190.237.145.230
    [utm_campaign] => 
    [utm_content] => 
    [utm_medium] => 
    [utm_source] => 
    [utm_term] => 
    [clickid] => 2fkgv8k54jhf
    [fbpxl] => 
)

----------- RESPONSE ---------
{"result":"ok","localClickId":"a1d125d8-4924-4ec0-8106-b43dbc6da197"}
----------- END --------------
February 10, 2023, 9:44 pm
----------- DATA -------------
Array
(
    [name] => James Jesus
    [phone] => +51976801572
    [offerId] => 25c8f434-1934-47b9-8d62-f5327a30c19a
    [domain] => http://finalcjfyi.site/lander/hair-pe-5--accaunt-1-/lemon.php
    [ip] => 190.237.145.230
    [utm_campaign] => 
    [utm_content] => 
    [utm_medium] => 
    [utm_source] => 
    [utm_term] => 
    [clickid] => 2fkgv8k54jhu
    [fbpxl] => 
)

----------- RESPONSE ---------
{"result":"ok","localClickId":"38c04376-48ae-4b58-82bc-048cf55c557f"}
----------- END --------------
February 10, 2023, 10:03 pm
----------- DATA -------------
Array
(
    [name] => Jose urquiza
    [phone] => +993226890
    [offerId] => 25c8f434-1934-47b9-8d62-f5327a30c19a
    [domain] => http://finalcjfyi.site/lander/hair-pe-5--accaunt-1-/lemon.php
    [ip] => 190.237.31.76
    [utm_campaign] => 
    [utm_content] => 
    [utm_medium] => 
    [utm_source] => 
    [utm_term] => 
    [clickid] => d6ab7r54jm7
    [fbpxl] => 
)

----------- RESPONSE ---------
{"result":"ok","localClickId":"923c68b4-20e3-46d8-8773-2a1c35340fa4"}
----------- END --------------
February 10, 2023, 10:34 pm
----------- DATA -------------
Array
(
    [name] => Victor 
    [phone] => +977123077
    [offerId] => 25c8f434-1934-47b9-8d62-f5327a30c19a
    [domain] => http://finalcjfyi.site/lander/hair-pe-5--accaunt-1-/lemon.php
    [ip] => 179.6.73.84
    [utm_campaign] => 
    [utm_content] => 
    [utm_medium] => 
    [utm_source] => 
    [utm_term] => 
    [clickid] => qgte2b54k24
    [fbpxl] => 
)

----------- RESPONSE ---------
{"result":"ok","localClickId":"bddd4760-2a24-4c72-9744-7758c444570b"}
----------- END --------------
February 10, 2023, 10:48 pm
----------- DATA -------------
Array
(
    [name] => Nestor
    [phone] => +930427565
    [offerId] => 25c8f434-1934-47b9-8d62-f5327a30c19a
    [domain] => http://finalcjfyi.site/lander/hair-pe-5--accaunt-1-/lemon.php
    [ip] => 190.119.104.26
    [utm_campaign] => 
    [utm_content] => 
    [utm_medium] => 
    [utm_source] => 
    [utm_term] => 
    [clickid] => 28j66i154k6f
    [fbpxl] => 
)

----------- RESPONSE ---------
{"result":"ok","localClickId":"160fbf6f-ebf6-453d-a441-fa6532f52b2b"}
----------- END --------------
