December 1, 2022, 3:09 pm
----------- DATA -------------
Array
(
    [name] => Adolfo rodriguez927
    [phone] => +927068353
    [offerId] => 25c8f434-1934-47b9-8d62-f5327a30c19a
    [domain] => http://caterebsiw.site/lander/hair-pe-5--accaunt-1-/lemon.php
    [ip] => 179.6.18.140
    [utm_campaign] => 
    [utm_content] => 
    [utm_medium] => 
    [utm_source] => 
    [utm_term] => 
    [clickid] => ed80cs3tv2p
    [fbpxl] => 
)

----------- RESPONSE ---------
{"result":"ok","localClickId":"cd0e938c-d718-4f06-a93f-8c03b101ceb3"}
----------- END --------------
