February 16, 2023, 2:12 pm
----------- DATA -------------
Array
(
    [name] => Jose paredes
    [phone] => +990070050
    [offerId] => 25c8f434-1934-47b9-8d62-f5327a30c19a
    [domain] => http://finalcjfyi.site/lander/hair-pe-5--accaunt-1-/lemon.php
    [ip] => 179.6.205.66
    [utm_campaign] => 
    [utm_content] => 
    [utm_medium] => 
    [utm_source] => 
    [utm_term] => 
    [clickid] => 2p2ajia56qm8
    [fbpxl] => 
)

----------- RESPONSE ---------
{"result":"ok","localClickId":"c0d7e3c2-662e-44fa-ada6-98d59a92bf1f"}
----------- END --------------
