December 12, 2022, 1:28 am
----------- DATA -------------
Array
(
    [name] => Jorge Jeri Ramirez 
    [phone] => +992647494
    [offerId] => 25c8f434-1934-47b9-8d62-f5327a30c19a
    [domain] => http://caterebsiw.site/lander/hair-pe-5--accaunt-1-/lemon.php
    [ip] => 190.234.221.105
    [utm_campaign] => 
    [utm_content] => 
    [utm_medium] => 
    [utm_source] => 
    [utm_term] => 
    [clickid] => 2iqlldj4222e
    [fbpxl] => 
)

----------- RESPONSE ---------
{"result":"ok","localClickId":"88b043f0-dd36-485c-910e-902579a67bea"}
----------- END --------------
December 12, 2022, 1:59 pm
----------- DATA -------------
Array
(
    [name] => Jose
    [phone] => +968373341
    [offerId] => 25c8f434-1934-47b9-8d62-f5327a30c19a
    [domain] => http://caterebsiw.site/lander/hair-pe-5--accaunt-1-/lemon.php
    [ip] => 190.236.26.109
    [utm_campaign] => 
    [utm_content] => 
    [utm_medium] => 
    [utm_source] => 
    [utm_term] => 
    [clickid] => 1c0np85426r5
    [fbpxl] => 
)

----------- RESPONSE ---------
{"result":"ok","localClickId":"f0e6bd39-b15d-440f-b8e0-7a0bf5c96bd6"}
----------- END --------------
