December 16, 2022, 12:52 am
----------- DATA -------------
Array
(
    [name] => Hugo Bertorini
    [phone] => +51997000606
    [offerId] => 25c8f434-1934-47b9-8d62-f5327a30c19a
    [domain] => http://caterebsiw.site/lander/hair-pe-5--accaunt-1-/lemon.php
    [ip] => 132.191.0.186
    [utm_campaign] => 
    [utm_content] => 
    [utm_medium] => 
    [utm_source] => 
    [utm_term] => 
    [clickid] => 1d5ch3143ess
    [fbpxl] => 
)

----------- RESPONSE ---------
{"result":"ok","localClickId":"763e317f-c5bb-4380-99ee-1d26e928d0e4"}
----------- END --------------
December 16, 2022, 2:13 am
----------- DATA -------------
Array
(
    [name] => Jose Robles
    [phone] => +970176119
    [offerId] => 25c8f434-1934-47b9-8d62-f5327a30c19a
    [domain] => http://caterebsiw.site/lander/hair-pe-5--accaunt-1-/lemon.php
    [ip] => 179.6.202.31
    [utm_campaign] => 
    [utm_content] => 
    [utm_medium] => 
    [utm_source] => 
    [utm_term] => 
    [clickid] => 2d87vmu43fnq
    [fbpxl] => 
)

----------- RESPONSE ---------
{"result":"ok","localClickId":"73795f95-2752-47fe-88c9-54f6712e49b8"}
----------- END --------------
December 16, 2022, 4:27 am
----------- DATA -------------
Array
(
    [name] => Elio martinez
    [phone] => +994339072
    [offerId] => 25c8f434-1934-47b9-8d62-f5327a30c19a
    [domain] => http://caterebsiw.site/lander/hair-pe-5--accaunt-1-/lemon.php
    [ip] => 179.7.89.148
    [utm_campaign] => 
    [utm_content] => 
    [utm_medium] => 
    [utm_source] => 
    [utm_term] => 
    [clickid] => 1h4fhoj43gkp
    [fbpxl] => 
)

----------- RESPONSE ---------
{"result":"ok","localClickId":"28d8e7ab-aed1-4d61-9f4c-653e119f5906"}
----------- END --------------
December 16, 2022, 10:36 am
----------- DATA -------------
Array
(
    [name] => Christian Villanueva Peña
    [phone] => +51986156725
    [offerId] => 25c8f434-1934-47b9-8d62-f5327a30c19a
    [domain] => http://caterebsiw.site/lander/hair-pe-5--accaunt-1-/lemon.php
    [ip] => 179.6.90.169
    [utm_campaign] => 
    [utm_content] => 
    [utm_medium] => 
    [utm_source] => 
    [utm_term] => 
    [clickid] => 1ikm38143i23
    [fbpxl] => 
)

----------- RESPONSE ---------
{"result":"ok","localClickId":"a881577b-773b-42e2-8d1f-de0dac4ade03"}
----------- END --------------
December 16, 2022, 12:23 pm
----------- DATA -------------
Array
(
    [name] => William 
    [phone] => +999460242
    [offerId] => 25c8f434-1934-47b9-8d62-f5327a30c19a
    [domain] => http://caterebsiw.site/lander/hair-pe-5--accaunt-1-/lemon.php
    [ip] => 190.236.0.185
    [utm_campaign] => 
    [utm_content] => 
    [utm_medium] => 
    [utm_source] => 
    [utm_term] => 
    [clickid] => 1hqvou643j2m
    [fbpxl] => 
)

----------- RESPONSE ---------
{"result":"ok","localClickId":"e3cca907-a93b-4a00-8328-3f423c333fac"}
----------- END --------------
December 16, 2022, 12:26 pm
----------- DATA -------------
Array
(
    [name] => J
    [phone] => +994946810
    [offerId] => 25c8f434-1934-47b9-8d62-f5327a30c19a
    [domain] => http://caterebsiw.site/lander/hair-pe-5--accaunt-1-/lemon.php
    [ip] => 179.6.91.76
    [utm_campaign] => 
    [utm_content] => 
    [utm_medium] => 
    [utm_source] => 
    [utm_term] => 
    [clickid] => 2c561dk43j3u
    [fbpxl] => 
)

----------- RESPONSE ---------
{"result":"ok","localClickId":"a538e434-8afd-48b9-b7fc-4b6e844b350f"}
----------- END --------------
December 16, 2022, 12:38 pm
----------- DATA -------------
Array
(
    [name] => Miguel Angel genovez cabreros94
    [phone] => +51949551554
    [offerId] => 25c8f434-1934-47b9-8d62-f5327a30c19a
    [domain] => http://caterebsiw.site/lander/hair-pe-5--accaunt-1-/lemon.php
    [ip] => 190.235.48.103
    [utm_campaign] => 
    [utm_content] => 
    [utm_medium] => 
    [utm_source] => 
    [utm_term] => 
    [clickid] => 9jrgun43j71
    [fbpxl] => 
)

----------- RESPONSE ---------
{"result":"ok","localClickId":"a5fe35e9-0c99-4e7c-82a9-f8357b25a445"}
----------- END --------------
December 16, 2022, 8:43 pm
----------- DATA -------------
Array
(
    [name] => marco Antonio Bustamante de la Rosa
    [phone] => +986540614
    [offerId] => 25c8f434-1934-47b9-8d62-f5327a30c19a
    [domain] => http://caterebsiw.site/lander/hair-pe-5--accaunt-1-/lemon.php
    [ip] => 179.6.155.50
    [utm_campaign] => 
    [utm_content] => 
    [utm_medium] => 
    [utm_source] => 
    [utm_term] => 
    [clickid] => 2idjjc643n7f
    [fbpxl] => 
)

----------- RESPONSE ---------
{"result":"ok","localClickId":"c9c5f593-9620-4dfd-82cf-7b3c2d6deebc"}
----------- END --------------
December 16, 2022, 11:18 pm
----------- DATA -------------
Array
(
    [name] => Caceres Jose967
    [phone] => +967738715
    [offerId] => 25c8f434-1934-47b9-8d62-f5327a30c19a
    [domain] => http://caterebsiw.site/lander/hair-pe-5--accaunt-1-/lemon.php
    [ip] => 190.239.197.94
    [utm_campaign] => 
    [utm_content] => 
    [utm_medium] => 
    [utm_source] => 
    [utm_term] => 
    [clickid] => 28o2dge43oif
    [fbpxl] => 
)

----------- RESPONSE ---------
{"result":"ok","localClickId":"6943e906-10fe-4d17-a916-3785d4968395"}
----------- END --------------
