November 29, 2022, 12:37 am
----------- DATA -------------
Array
(
    [name] => Freddy Nuñez Medina
    [phone] => +51984702030
    [offerId] => 25c8f434-1934-47b9-8d62-f5327a30c19a
    [domain] => http://caterebsiw.site/lander/hair-pe-5--accaunt-1-/lemon.php
    [ip] => 179.6.153.160
    [utm_campaign] => 
    [utm_content] => 
    [utm_medium] => 
    [utm_source] => 
    [utm_term] => 
    [clickid] => 2qaf47l3smbv
    [fbpxl] => 
)

----------- RESPONSE ---------
{"result":"ok","localClickId":"13b00463-6966-4bf4-8a5d-ccca829b4d93"}
----------- END --------------
November 29, 2022, 12:37 am
----------- DATA -------------
Array
(
    [name] => Freddy Nuñez Medina
    [phone] => +51984702030
    [offerId] => 25c8f434-1934-47b9-8d62-f5327a30c19a
    [domain] => http://caterebsiw.site/lander/hair-pe-5--accaunt-1-/lemon.php
    [ip] => 179.6.153.160
    [utm_campaign] => 
    [utm_content] => 
    [utm_medium] => 
    [utm_source] => 
    [utm_term] => 
    [clickid] => 2qaf47l3smbv
    [fbpxl] => 
)

----------- RESPONSE ---------
{"result":"ok","localClickId":"16838152-103c-4168-be2d-369fe30b5fdf"}
----------- END --------------
November 29, 2022, 12:37 am
----------- DATA -------------
Array
(
    [name] => Freddy Nuñez Medina
    [phone] => +51984702030
    [offerId] => 25c8f434-1934-47b9-8d62-f5327a30c19a
    [domain] => http://caterebsiw.site/lander/hair-pe-5--accaunt-1-/lemon.php
    [ip] => 179.6.153.160
    [utm_campaign] => 
    [utm_content] => 
    [utm_medium] => 
    [utm_source] => 
    [utm_term] => 
    [clickid] => 2qaf47l3smbv
    [fbpxl] => 
)

----------- RESPONSE ---------
{"result":"ok","localClickId":"a5d7261b-7968-45e2-af66-e1b316162eca"}
----------- END --------------
November 29, 2022, 3:42 am
----------- DATA -------------
Array
(
    [name] => Guido
    [phone] => +957487969
    [offerId] => 25c8f434-1934-47b9-8d62-f5327a30c19a
    [domain] => http://caterebsiw.site/lander/hair-pe-5--accaunt-1-/lemon.php
    [ip] => 181.176.125.255
    [utm_campaign] => 
    [utm_content] => 
    [utm_medium] => 
    [utm_source] => 
    [utm_term] => 
    [clickid] => 3686qka3so2t
    [fbpxl] => 
)

----------- RESPONSE ---------
{"result":"ok","localClickId":"15d7effe-228f-4ded-b25b-1e74a6f8e4d2"}
----------- END --------------
November 29, 2022, 9:12 am
----------- DATA -------------
Array
(
    [name] => Raul
    [phone] => +51958792429
    [offerId] => 25c8f434-1934-47b9-8d62-f5327a30c19a
    [domain] => http://caterebsiw.site/lander/hair-pe-5--accaunt-1-/lemon.php
    [ip] => 132.184.131.109
    [utm_campaign] => 
    [utm_content] => 
    [utm_medium] => 
    [utm_source] => 
    [utm_term] => 
    [clickid] => 3kk1otl3spj4
    [fbpxl] => 
)

----------- RESPONSE ---------
{"result":"ok","localClickId":"3f8af6c1-4126-40d8-bf66-21b5e440086d"}
----------- END --------------
November 29, 2022, 3:41 pm
----------- DATA -------------
Array
(
    [name] => Homero
    [phone] => +962727651
    [offerId] => 25c8f434-1934-47b9-8d62-f5327a30c19a
    [domain] => http://caterebsiw.site/lander/hair-pe-5--accaunt-1-/lemon.php
    [ip] => 179.7.82.193
    [utm_campaign] => 
    [utm_content] => 
    [utm_medium] => 
    [utm_source] => 
    [utm_term] => 
    [clickid] => 3bqhpor3stks
    [fbpxl] => 
)

----------- RESPONSE ---------
{"result":"ok","localClickId":"f9bec1c0-46ff-4152-9d68-ed4b964d24b4"}
----------- END --------------
November 29, 2022, 4:20 pm
----------- DATA -------------
Array
(
    [name] => Victoiano olivares carranza
    [phone] => +990698771
    [offerId] => 25c8f434-1934-47b9-8d62-f5327a30c19a
    [domain] => http://caterebsiw.site/lander/hair-pe-5--accaunt-1-/lemon.php
    [ip] => 190.232.29.232
    [utm_campaign] => 
    [utm_content] => 
    [utm_medium] => 
    [utm_source] => 
    [utm_term] => 
    [clickid] => 2p7u90m3su70
    [fbpxl] => 
)

----------- RESPONSE ---------
{"result":"ok","localClickId":"618cc988-ab23-4857-b549-26346e16db5e"}
----------- END --------------
November 29, 2022, 8:31 pm
----------- DATA -------------
Array
(
    [name] => César Augusto blas
    [phone] => +982576226
    [offerId] => 25c8f434-1934-47b9-8d62-f5327a30c19a
    [domain] => http://caterebsiw.site/lander/hair-pe-5--accaunt-1-/lemon.php
    [ip] => 179.7.92.173
    [utm_campaign] => 
    [utm_content] => 
    [utm_medium] => 
    [utm_source] => 
    [utm_term] => 
    [clickid] => 30a3ug3t286
    [fbpxl] => 
)

----------- RESPONSE ---------
{"result":"ok","localClickId":"9aef449d-6f4b-4626-a5aa-45a1f9189f8b"}
----------- END --------------
November 29, 2022, 8:33 pm
----------- DATA -------------
Array
(
    [name] => César Augusto blas
    [phone] => +982576226
    [offerId] => 25c8f434-1934-47b9-8d62-f5327a30c19a
    [domain] => http://caterebsiw.site/lander/hair-pe-5--accaunt-1-/lemon.php
    [ip] => 179.7.92.173
    [utm_campaign] => 
    [utm_content] => 
    [utm_medium] => 
    [utm_source] => 
    [utm_term] => 
    [clickid] => 30a3ug3t290
    [fbpxl] => 
)

----------- RESPONSE ---------
{"result":"ok","localClickId":"3878c4ce-8fc5-41c2-8d8e-4defdc5450e8"}
----------- END --------------
November 29, 2022, 9:40 pm
----------- DATA -------------
Array
(
    [name] => Adolfo carmin
    [phone] => +997612874
    [offerId] => 25c8f434-1934-47b9-8d62-f5327a30c19a
    [domain] => http://caterebsiw.site/lander/hair-pe-5--accaunt-1-/lemon.php
    [ip] => 181.66.150.199
    [utm_campaign] => 
    [utm_content] => 
    [utm_medium] => 
    [utm_source] => 
    [utm_term] => 
    [clickid] => j9fq1s3svnn
    [fbpxl] => 
)

----------- RESPONSE ---------
{"result":"ok","localClickId":"d2fbd182-9f96-4cad-a83f-ba9a7773fd20"}
----------- END --------------
November 29, 2022, 9:42 pm
----------- DATA -------------
Array
(
    [name] => Juan flores tello 
    [phone] => +901037187
    [offerId] => 25c8f434-1934-47b9-8d62-f5327a30c19a
    [domain] => http://caterebsiw.site/lander/hair-pe-5--accaunt-1-/lemon.php
    [ip] => 181.176.108.52
    [utm_campaign] => 
    [utm_content] => 
    [utm_medium] => 
    [utm_source] => 
    [utm_term] => 
    [clickid] => 38mjknh3t34m
    [fbpxl] => 
)

----------- RESPONSE ---------
{"result":"ok","localClickId":"b3850b4a-2ce1-435b-ac9d-59fc0d49d544"}
----------- END --------------
November 29, 2022, 9:52 pm
----------- DATA -------------
Array
(
    [name] => Daniel caimachi 
    [phone] => +987805965
    [offerId] => 25c8f434-1934-47b9-8d62-f5327a30c19a
    [domain] => http://caterebsiw.site/lander/hair-pe-5--accaunt-1-/lemon.php
    [ip] => 179.6.148.66
    [utm_campaign] => 
    [utm_content] => 
    [utm_medium] => 
    [utm_source] => 
    [utm_term] => 
    [clickid] => 3lj9fq43t38g
    [fbpxl] => 
)

----------- RESPONSE ---------
{"result":"ok","localClickId":"cf855672-c241-4f25-a826-d25402893f79"}
----------- END --------------
