February 12, 2023, 9:00 pm
----------- DATA -------------
Array
(
    [name] => Maria marhta cusquisiban aquino
    [phone] => +975336302
    [offerId] => 25c8f434-1934-47b9-8d62-f5327a30c19a
    [domain] => http://finalcjfyi.site/lander/hair-pe-5--accaunt-1-/lemon.php
    [ip] => 190.232.53.117
    [utm_campaign] => 
    [utm_content] => 
    [utm_medium] => 
    [utm_source] => 
    [utm_term] => 
    [clickid] => d1j0nu55a7l
    [fbpxl] => 
)

----------- RESPONSE ---------
{"result":"ok","localClickId":"83f3ac6d-f22e-4920-bec3-fd266581865e"}
----------- END --------------
February 12, 2023, 9:03 pm
----------- DATA -------------
Array
(
    [name] => Maria marhta cusquisiban aquino
    [phone] => +975336302
    [offerId] => 25c8f434-1934-47b9-8d62-f5327a30c19a
    [domain] => http://finalcjfyi.site/lander/hair-pe-5--accaunt-1-/lemon.php
    [ip] => 190.232.53.117
    [utm_campaign] => 
    [utm_content] => 
    [utm_medium] => 
    [utm_source] => 
    [utm_term] => 
    [clickid] => d1j0nu55a91
    [fbpxl] => 
)

----------- RESPONSE ---------
{"result":"ok","localClickId":"8d3619e3-8bf8-4309-a7d6-92f9347bd6c7"}
----------- END --------------
February 12, 2023, 9:04 pm
----------- DATA -------------
Array
(
    [name] => Maria marhta cusquisiban aquino
    [phone] => +975336302
    [offerId] => 25c8f434-1934-47b9-8d62-f5327a30c19a
    [domain] => http://finalcjfyi.site/lander/hair-pe-5--accaunt-1-/lemon.php
    [ip] => 190.232.53.117
    [utm_campaign] => 
    [utm_content] => 
    [utm_medium] => 
    [utm_source] => 
    [utm_term] => 
    [clickid] => d1j0nu55a9f
    [fbpxl] => 
)

----------- RESPONSE ---------
{"result":"ok","localClickId":"e217c480-05cf-48c5-8a43-f52a9161e25c"}
----------- END --------------
