December 11, 2022, 11:35 am
----------- DATA -------------
Array
(
    [name] => Rafael Apaza
    [phone] => +51947431492
    [offerId] => 25c8f434-1934-47b9-8d62-f5327a30c19a
    [domain] => http://caterebsiw.site/lander/hair-pe-5--accaunt-1-/lemon.php
    [ip] => 179.6.145.17
    [utm_campaign] => 
    [utm_content] => 
    [utm_medium] => 
    [utm_source] => 
    [utm_term] => 
    [clickid] => 3dt3ke241rj5
    [fbpxl] => 
)

----------- RESPONSE ---------
{"result":"ok","localClickId":"b9d319d0-406d-494f-8938-04877cc35515"}
----------- END --------------
December 11, 2022, 12:17 pm
----------- DATA -------------
Array
(
    [name] => Walter cruz
    [phone] => +913801673
    [offerId] => 25c8f434-1934-47b9-8d62-f5327a30c19a
    [domain] => http://caterebsiw.site/lander/hair-pe-5--accaunt-1-/lemon.php
    [ip] => 181.66.138.95
    [utm_campaign] => 
    [utm_content] => 
    [utm_medium] => 
    [utm_source] => 
    [utm_term] => 
    [clickid] => 3dmv1dd41s01
    [fbpxl] => 
)

----------- RESPONSE ---------
{"result":"ok","localClickId":"d76ffea3-2ee0-4d39-85d6-2a3be9221fca"}
----------- END --------------
December 11, 2022, 11:00 pm
----------- DATA -------------
Array
(
    [name] => Eliseo Calderón
    [phone] => +985270232
    [offerId] => 25c8f434-1934-47b9-8d62-f5327a30c19a
    [domain] => http://caterebsiw.site/lander/hair-pe-5--accaunt-1-/lemon.php
    [ip] => 132.184.131.170
    [utm_campaign] => 
    [utm_content] => 
    [utm_medium] => 
    [utm_source] => 
    [utm_term] => 
    [clickid] => eei7lk4214l
    [fbpxl] => 
)

----------- RESPONSE ---------
{"result":"ok","localClickId":"4deaff7b-a8c8-4c40-83df-be8900ad4014"}
----------- END --------------
December 11, 2022, 11:00 pm
----------- DATA -------------
Array
(
    [name] => Eliseo Calderón
    [phone] => +985270232
    [offerId] => 25c8f434-1934-47b9-8d62-f5327a30c19a
    [domain] => http://caterebsiw.site/lander/hair-pe-5--accaunt-1-/lemon.php
    [ip] => 132.184.131.170
    [utm_campaign] => 
    [utm_content] => 
    [utm_medium] => 
    [utm_source] => 
    [utm_term] => 
    [clickid] => eei7lk4214l
    [fbpxl] => 
)

----------- RESPONSE ---------
{"result":"ok","localClickId":"5d7a41fe-237f-4308-954e-fbe67c7df361"}
----------- END --------------
December 11, 2022, 11:00 pm
----------- DATA -------------
Array
(
    [name] => Eliseo Calderón
    [phone] => +985270232
    [offerId] => 25c8f434-1934-47b9-8d62-f5327a30c19a
    [domain] => http://caterebsiw.site/lander/hair-pe-5--accaunt-1-/lemon.php
    [ip] => 132.184.131.170
    [utm_campaign] => 
    [utm_content] => 
    [utm_medium] => 
    [utm_source] => 
    [utm_term] => 
    [clickid] => eei7lk4214l
    [fbpxl] => 
)

----------- RESPONSE ---------
{"result":"ok","localClickId":"09bb2dbd-4322-4b25-b338-c177819ef23b"}
----------- END --------------
