February 14, 2023, 8:05 am
----------- DATA -------------
Array
(
    [name] => Estebaan Hiillca
    [phone] => +917277131
    [offerId] => 25c8f434-1934-47b9-8d62-f5327a30c19a
    [domain] => http://finalcjfyi.site/lander/hair-pe-5--accaunt-1-/lemon.php
    [ip] => 181.176.64.42
    [utm_campaign] => 
    [utm_content] => 
    [utm_medium] => 
    [utm_source] => 
    [utm_term] => 
    [clickid] => i00i5h55q9k
    [fbpxl] => 
)

----------- RESPONSE ---------
{"result":"ok","localClickId":"6a224811-0de4-44f5-af46-2443b99cba34"}
----------- END --------------
February 14, 2023, 8:05 am
----------- DATA -------------
Array
(
    [name] => Estebaan Hiillca
    [phone] => +917277131
    [offerId] => 25c8f434-1934-47b9-8d62-f5327a30c19a
    [domain] => http://finalcjfyi.site/lander/hair-pe-5--accaunt-1-/lemon.php
    [ip] => 181.176.64.42
    [utm_campaign] => 
    [utm_content] => 
    [utm_medium] => 
    [utm_source] => 
    [utm_term] => 
    [clickid] => i00i5h55q9k
    [fbpxl] => 
)

----------- RESPONSE ---------
{"result":"ok","localClickId":"08e2081f-8fd3-4415-9eed-04bddc00a584"}
----------- END --------------
February 14, 2023, 8:05 am
----------- DATA -------------
Array
(
    [name] => Estebaan Hiillca
    [phone] => +917277131
    [offerId] => 25c8f434-1934-47b9-8d62-f5327a30c19a
    [domain] => http://finalcjfyi.site/lander/hair-pe-5--accaunt-1-/lemon.php
    [ip] => 181.176.64.42
    [utm_campaign] => 
    [utm_content] => 
    [utm_medium] => 
    [utm_source] => 
    [utm_term] => 
    [clickid] => i00i5h55q9k
    [fbpxl] => 
)

----------- RESPONSE ---------
{"result":"ok","localClickId":"fbf44993-3484-4144-a7a6-df8130613643"}
----------- END --------------
February 14, 2023, 9:34 am
----------- DATA -------------
Array
(
    [name] => Cecilio 
    [phone] => +954725482
    [offerId] => 25c8f434-1934-47b9-8d62-f5327a30c19a
    [domain] => http://finalcjfyi.site/lander/hair-pe-5--accaunt-1-/lemon.php
    [ip] => 181.176.125.157
    [utm_campaign] => 
    [utm_content] => 
    [utm_medium] => 
    [utm_source] => 
    [utm_term] => 
    [clickid] => 1bsa77v55r3q
    [fbpxl] => 
)

----------- RESPONSE ---------
{"result":"ok","localClickId":"212a9c20-9f96-4784-a89a-4665984e9a1a"}
----------- END --------------
February 14, 2023, 11:12 pm
----------- DATA -------------
Array
(
    [name] => Fidel Ccahua Reyes
    [phone] => +51914235032
    [offerId] => 25c8f434-1934-47b9-8d62-f5327a30c19a
    [domain] => http://finalcjfyi.site/lander/hair-pe-5--accaunt-1-/lemon.php
    [ip] => 179.7.77.228
    [utm_campaign] => 
    [utm_content] => 
    [utm_medium] => 
    [utm_source] => 
    [utm_term] => 
    [clickid] => 2fvl76s56640
    [fbpxl] => 
)

----------- RESPONSE ---------
{"result":"ok","localClickId":"7c52d62d-2795-44cf-b021-38c816698909"}
----------- END --------------
February 14, 2023, 11:14 pm
----------- DATA -------------
Array
(
    [name] => Ccc
    [phone] => +952858585
    [offerId] => 25c8f434-1934-47b9-8d62-f5327a30c19a
    [domain] => http://finalcjfyi.site/lander/hair-pe-5--accaunt-1-/lemon.php
    [ip] => 190.239.88.233
    [utm_campaign] => 
    [utm_content] => 
    [utm_medium] => 
    [utm_source] => 
    [utm_term] => 
    [clickid] => 28luqjp5664r
    [fbpxl] => 
)

----------- RESPONSE ---------
{"result":"ok","localClickId":"be300c27-49b0-4be3-999c-c45e62ff2dee"}
----------- END --------------
February 14, 2023, 11:43 pm
----------- DATA -------------
Array
(
    [name] => Pedro cámara chochoca
    [phone] => +958574103
    [offerId] => 25c8f434-1934-47b9-8d62-f5327a30c19a
    [domain] => http://finalcjfyi.site/lander/hair-pe-5--accaunt-1-/lemon.php
    [ip] => 190.234.21.34
    [utm_campaign] => 
    [utm_content] => 
    [utm_medium] => 
    [utm_source] => 
    [utm_term] => 
    [clickid] => 33j4gcg566d0
    [fbpxl] => 
)

----------- RESPONSE ---------
{"result":"ok","localClickId":"5e500418-2dc2-4d8c-a849-fb5a7316c796"}
----------- END --------------
