February 9, 2023, 12:15 am
----------- DATA -------------
Array
(
    [name] => Cesar Mescua
    [phone] => +995577873
    [offerId] => 25c8f434-1934-47b9-8d62-f5327a30c19a
    [domain] => http://finalcjfyi.site/lander/hair-pe-5--accaunt-1-/lemon.php
    [ip] => 190.236.202.40
    [utm_campaign] => 
    [utm_content] => 
    [utm_medium] => 
    [utm_source] => 
    [utm_term] => 
    [clickid] => 1d1h3ho53l55
    [fbpxl] => 
)

----------- RESPONSE ---------
{"result":"ok","localClickId":"535c13c8-cbfa-48fa-90f8-34eed5891fbc"}
----------- END --------------
February 9, 2023, 12:53 am
----------- DATA -------------
Array
(
    [name] => Johel loayza Johel loayza carrasco
    [phone] => +983653839
    [offerId] => 25c8f434-1934-47b9-8d62-f5327a30c19a
    [domain] => http://finalcjfyi.site/lander/hair-pe-5--accaunt-1-/lemon.php
    [ip] => 190.40.199.2
    [utm_campaign] => 
    [utm_content] => 
    [utm_medium] => 
    [utm_source] => 
    [utm_term] => 
    [clickid] => gov5lp53lo4
    [fbpxl] => 
)

----------- RESPONSE ---------
{"result":"ok","localClickId":"0c6596e3-d093-4406-a89f-e60b35f56693"}
----------- END --------------
February 9, 2023, 1:10 am
----------- DATA -------------
Array
(
    [name] => Mauro flores
    [phone] => +960869414
    [offerId] => 25c8f434-1934-47b9-8d62-f5327a30c19a
    [domain] => http://finalcjfyi.site/lander/hair-pe-5--accaunt-1-/lemon.php
    [ip] => 190.234.23.169
    [utm_campaign] => 
    [utm_content] => 
    [utm_medium] => 
    [utm_source] => 
    [utm_term] => 
    [clickid] => 54ucqv53ltb
    [fbpxl] => 
)

----------- RESPONSE ---------
{"result":"ok","localClickId":"c091110f-5448-4c98-8b38-8f597ab20865"}
----------- END --------------
February 9, 2023, 1:15 am
----------- DATA -------------
Array
(
    [name] => Oscar Guerra castro
    [phone] => +901660322
    [offerId] => 25c8f434-1934-47b9-8d62-f5327a30c19a
    [domain] => http://finalcjfyi.site/lander/hair-pe-5--accaunt-1-/lemon.php
    [ip] => 190.237.163.49
    [utm_campaign] => 
    [utm_content] => 
    [utm_medium] => 
    [utm_source] => 
    [utm_term] => 
    [clickid] => dlq83053m43
    [fbpxl] => 
)

----------- RESPONSE ---------
{"result":"ok","localClickId":"f870e3c5-98bc-432d-b9eb-f86472c33553"}
----------- END --------------
February 9, 2023, 1:25 am
----------- DATA -------------
Array
(
    [name] => Uber Toledo Neira 
    [phone] => +999218617
    [offerId] => 25c8f434-1934-47b9-8d62-f5327a30c19a
    [domain] => http://finalcjfyi.site/lander/hair-pe-5--accaunt-1-/lemon.php
    [ip] => 190.236.24.126
    [utm_campaign] => 
    [utm_content] => 
    [utm_medium] => 
    [utm_source] => 
    [utm_term] => 
    [clickid] => svd38g53m38
    [fbpxl] => 
)

----------- RESPONSE ---------
{"result":"ok","localClickId":"3f32a9ae-0b7f-42e7-9c71-bb112105572c"}
----------- END --------------
February 9, 2023, 1:38 am
----------- DATA -------------
Array
(
    [name] => Diego alexander Alvarez  choquemamani
    [phone] => +954501025
    [offerId] => 25c8f434-1934-47b9-8d62-f5327a30c19a
    [domain] => http://finalcjfyi.site/lander/hair-pe-5--accaunt-1-/lemon.php
    [ip] => 190.239.95.152
    [utm_campaign] => 
    [utm_content] => 
    [utm_medium] => 
    [utm_source] => 
    [utm_term] => 
    [clickid] => 3idtl9n53mep
    [fbpxl] => 
)

----------- RESPONSE ---------
{"result":"ok","localClickId":"e0e18ebb-65ef-493d-a7a6-6115b0700c0e"}
----------- END --------------
February 9, 2023, 1:58 am
----------- DATA -------------
Array
(
    [name] => Cesario
    [phone] => +932442987
    [offerId] => 25c8f434-1934-47b9-8d62-f5327a30c19a
    [domain] => http://finalcjfyi.site/lander/hair-pe-5--accaunt-1-/lemon.php
    [ip] => 179.6.144.100
    [utm_campaign] => 
    [utm_content] => 
    [utm_medium] => 
    [utm_source] => 
    [utm_term] => 
    [clickid] => 22j8tge53mpi
    [fbpxl] => 
)

----------- RESPONSE ---------
{"result":"ok","localClickId":"8816fb3a-9a23-49f8-979d-11042f46969b"}
----------- END --------------
February 9, 2023, 2:13 am
----------- DATA -------------
Array
(
    [name] => Jose paredes 
    [phone] => +990070050
    [offerId] => 25c8f434-1934-47b9-8d62-f5327a30c19a
    [domain] => http://finalcjfyi.site/lander/hair-pe-5--accaunt-1-/lemon.php
    [ip] => 179.6.205.66
    [utm_campaign] => 
    [utm_content] => 
    [utm_medium] => 
    [utm_source] => 
    [utm_term] => 
    [clickid] => 1t6e7nf53mvi
    [fbpxl] => 
)

----------- RESPONSE ---------
{"result":"ok","localClickId":"570c78ab-00a0-40e8-b280-ac0f6ebda1e2"}
----------- END --------------
February 9, 2023, 2:13 am
----------- DATA -------------
Array
(
    [name] => Félix Borja lo
    [phone] => +51964319845
    [offerId] => 25c8f434-1934-47b9-8d62-f5327a30c19a
    [domain] => http://finalcjfyi.site/lander/hair-pe-5--accaunt-1-/lemon.php
    [ip] => 132.184.131.207
    [utm_campaign] => 
    [utm_content] => 
    [utm_medium] => 
    [utm_source] => 
    [utm_term] => 
    [clickid] => 2f7je7i53n01
    [fbpxl] => 
)

----------- RESPONSE ---------
{"result":"ok","localClickId":"9001b376-ca4c-4995-841c-1fd9ee389aa6"}
----------- END --------------
February 9, 2023, 2:55 am
----------- DATA -------------
Array
(
    [name] => Gerson RS
    [phone] => +51959076888
    [offerId] => 25c8f434-1934-47b9-8d62-f5327a30c19a
    [domain] => http://finalcjfyi.site/lander/hair-pe-5--accaunt-1-/lemon.php
    [ip] => 201.230.37.107
    [utm_campaign] => 
    [utm_content] => 
    [utm_medium] => 
    [utm_source] => 
    [utm_term] => 
    [clickid] => 2ivvpui53nmr
    [fbpxl] => 
)

----------- RESPONSE ---------
{"result":"ok","localClickId":"c8ed5dff-77c9-4df8-97ea-bcfe4d5ef1e7"}
----------- END --------------
February 9, 2023, 3:02 am
----------- DATA -------------
Array
(
    [name] => Julio César Romero Quispe Romero Quispe
    [phone] => +945123714
    [offerId] => 25c8f434-1934-47b9-8d62-f5327a30c19a
    [domain] => http://finalcjfyi.site/lander/hair-pe-5--accaunt-1-/lemon.php
    [ip] => 45.230.249.183
    [utm_campaign] => 
    [utm_content] => 
    [utm_medium] => 
    [utm_source] => 
    [utm_term] => 
    [clickid] => 105m1b553nos
    [fbpxl] => 
)

----------- RESPONSE ---------
{"result":"ok","localClickId":"84395060-9a01-403e-9c80-57ae2bb963a5"}
----------- END --------------
February 9, 2023, 3:07 am
----------- DATA -------------
Array
(
    [name] => Miguel Fernandez
    [phone] => +923790742
    [offerId] => 25c8f434-1934-47b9-8d62-f5327a30c19a
    [domain] => http://finalcjfyi.site/lander/hair-pe-5--accaunt-1-/lemon.php
    [ip] => 179.6.166.31
    [utm_campaign] => 
    [utm_content] => 
    [utm_medium] => 
    [utm_source] => 
    [utm_term] => 
    [clickid] => 3ateeai53ns1
    [fbpxl] => 
)

----------- RESPONSE ---------
{"result":"ok","localClickId":"78c70ea8-0f7d-45b3-931e-49a69f08727f"}
----------- END --------------
February 9, 2023, 3:25 am
----------- DATA -------------
Array
(
    [name] => Franklin Gerardo
    [phone] => +972622230
    [offerId] => 25c8f434-1934-47b9-8d62-f5327a30c19a
    [domain] => http://finalcjfyi.site/lander/hair-pe-5--accaunt-1-/lemon.php
    [ip] => 190.232.176.168
    [utm_campaign] => 
    [utm_content] => 
    [utm_medium] => 
    [utm_source] => 
    [utm_term] => 
    [clickid] => 1o6bv4953o5a
    [fbpxl] => 
)

----------- RESPONSE ---------
{"result":"ok","localClickId":"908f6627-5885-444f-b287-79ec7d00baf6"}
----------- END --------------
February 9, 2023, 3:46 am
----------- DATA -------------
Array
(
    [name] => Luis Avalos
    [phone] => +943050601
    [offerId] => 25c8f434-1934-47b9-8d62-f5327a30c19a
    [domain] => http://finalcjfyi.site/lander/hair-pe-5--accaunt-1-/lemon.php
    [ip] => 132.157.128.78
    [utm_campaign] => 
    [utm_content] => 
    [utm_medium] => 
    [utm_source] => 
    [utm_term] => 
    [clickid] => 1041uut53ofu
    [fbpxl] => 
)

----------- RESPONSE ---------
{"result":"ok","localClickId":"0d9abecc-13c4-40a0-ad90-400bf3281acb"}
----------- END --------------
February 9, 2023, 3:52 am
----------- DATA -------------
Array
(
    [name] => Angel ceballos ramos
    [phone] => +966237692
    [offerId] => 25c8f434-1934-47b9-8d62-f5327a30c19a
    [domain] => http://finalcjfyi.site/lander/hair-pe-5--accaunt-1-/lemon.php
    [ip] => 200.37.105.154
    [utm_campaign] => 
    [utm_content] => 
    [utm_medium] => 
    [utm_source] => 
    [utm_term] => 
    [clickid] => 3raijih53ok1
    [fbpxl] => 
)

----------- RESPONSE ---------
{"result":"ok","localClickId":"0ac02b3c-4067-4121-bf7d-a707420d3e32"}
----------- END --------------
February 9, 2023, 8:21 am
----------- DATA -------------
Array
(
    [name] => Segundo marcial
    [phone] => +921808271
    [offerId] => 25c8f434-1934-47b9-8d62-f5327a30c19a
    [domain] => http://finalcjfyi.site/lander/hair-pe-5--accaunt-1-/lemon.php
    [ip] => 181.176.68.170
    [utm_campaign] => 
    [utm_content] => 
    [utm_medium] => 
    [utm_source] => 
    [utm_term] => 
    [clickid] => 1u6j65753qft
    [fbpxl] => 
)

----------- RESPONSE ---------
{"result":"ok","localClickId":"a8599e7e-1e95-42e1-92c7-6ee21589eee6"}
----------- END --------------
February 9, 2023, 8:29 am
----------- DATA -------------
Array
(
    [name] => dagoberto mogollon salazar
    [phone] => +937304776
    [offerId] => 25c8f434-1934-47b9-8d62-f5327a30c19a
    [domain] => http://finalcjfyi.site/lander/hair-pe-5--accaunt-1-/lemon.php
    [ip] => 181.176.118.59
    [utm_campaign] => 
    [utm_content] => 
    [utm_medium] => 
    [utm_source] => 
    [utm_term] => 
    [clickid] => 228h8gs53qig
    [fbpxl] => 
)

----------- RESPONSE ---------
{"result":"ok","localClickId":"b70ac553-de54-4f39-bbef-90b673367234"}
----------- END --------------
February 9, 2023, 8:39 am
----------- DATA -------------
Array
(
    [name] => Jose muro rojas
    [phone] => +947252478
    [offerId] => 25c8f434-1934-47b9-8d62-f5327a30c19a
    [domain] => http://finalcjfyi.site/lander/hair-pe-5--accaunt-1-/lemon.php
    [ip] => 132.184.129.198
    [utm_campaign] => 
    [utm_content] => 
    [utm_medium] => 
    [utm_source] => 
    [utm_term] => 
    [clickid] => 2b312hd53qjs
    [fbpxl] => 
)

----------- RESPONSE ---------
{"result":"ok","localClickId":"d0c118fb-738f-4c2e-bc3c-6b8f745ee913"}
----------- END --------------
February 9, 2023, 9:19 am
----------- DATA -------------
Array
(
    [name] => Hernaldo Muñoz
    [phone] => +51978746914
    [offerId] => 25c8f434-1934-47b9-8d62-f5327a30c19a
    [domain] => http://finalcjfyi.site/lander/hair-pe-5--accaunt-1-/lemon.php
    [ip] => 179.6.85.107
    [utm_campaign] => 
    [utm_content] => 
    [utm_medium] => 
    [utm_source] => 
    [utm_term] => 
    [clickid] => 3rakpg253qrj
    [fbpxl] => 
)

----------- RESPONSE ---------
{"result":"ok","localClickId":"0d40f330-48d4-4295-ac27-d7e408e5e640"}
----------- END --------------
February 9, 2023, 10:15 am
----------- DATA -------------
Array
(
    [name] => Carlos 
    [phone] => +941697845
    [offerId] => 25c8f434-1934-47b9-8d62-f5327a30c19a
    [domain] => http://finalcjfyi.site/lander/hair-pe-5--accaunt-1-/lemon.php
    [ip] => 179.6.82.32
    [utm_campaign] => 
    [utm_content] => 
    [utm_medium] => 
    [utm_source] => 
    [utm_term] => 
    [clickid] => 1a230v953rdr
    [fbpxl] => 
)

----------- RESPONSE ---------
{"result":"ok","localClickId":"a1804786-9f05-4f90-a66c-649a7642b926"}
----------- END --------------
February 9, 2023, 10:15 am
----------- DATA -------------
Array
(
    [name] => Carlos 
    [phone] => +941697845
    [offerId] => 25c8f434-1934-47b9-8d62-f5327a30c19a
    [domain] => http://finalcjfyi.site/lander/hair-pe-5--accaunt-1-/lemon.php
    [ip] => 179.6.82.32
    [utm_campaign] => 
    [utm_content] => 
    [utm_medium] => 
    [utm_source] => 
    [utm_term] => 
    [clickid] => 1a230v953rdr
    [fbpxl] => 
)

----------- RESPONSE ---------
{"result":"ok","localClickId":"01ed81c3-73ce-4523-ade1-8d5641f01dfc"}
----------- END --------------
February 9, 2023, 10:31 am
----------- DATA -------------
Array
(
    [name] => Gerardo quispe oviedo
    [phone] => +975424342
    [offerId] => 25c8f434-1934-47b9-8d62-f5327a30c19a
    [domain] => http://finalcjfyi.site/lander/hair-pe-5--accaunt-1-/lemon.php
    [ip] => 179.6.146.93
    [utm_campaign] => 
    [utm_content] => 
    [utm_medium] => 
    [utm_source] => 
    [utm_term] => 
    [clickid] => u1hkff53rkk
    [fbpxl] => 
)

----------- RESPONSE ---------
{"result":"ok","localClickId":"1f656a37-c9cd-4799-bd53-a03ea3b32853"}
----------- END --------------
February 9, 2023, 11:11 am
----------- DATA -------------
Array
(
    [name] => Roberto
    [phone] => +930178267
    [offerId] => 25c8f434-1934-47b9-8d62-f5327a30c19a
    [domain] => http://finalcjfyi.site/lander/hair-pe-5--accaunt-1-/lemon.php
    [ip] => 179.6.155.55
    [utm_campaign] => 
    [utm_content] => 
    [utm_medium] => 
    [utm_source] => 
    [utm_term] => 
    [clickid] => 17uekj353s4k
    [fbpxl] => 
)

----------- RESPONSE ---------
{"result":"ok","localClickId":"c1b1654c-87d4-49d4-976c-266bb936160e"}
----------- END --------------
February 9, 2023, 11:33 am
----------- DATA -------------
Array
(
    [name] => Julio César Romero Quispe Romero Quispe
    [phone] => +945123714
    [offerId] => 25c8f434-1934-47b9-8d62-f5327a30c19a
    [domain] => http://finalcjfyi.site/lander/hair-pe-5--accaunt-1-/lemon.php
    [ip] => 45.230.249.183
    [utm_campaign] => 
    [utm_content] => 
    [utm_medium] => 
    [utm_source] => 
    [utm_term] => 
    [clickid] => 244fn6053sdg
    [fbpxl] => 
)

----------- RESPONSE ---------
{"result":"ok","localClickId":"bf5c924e-307d-4cfd-8faf-ddcc6b595633"}
----------- END --------------
February 9, 2023, 12:28 pm
----------- DATA -------------
Array
(
    [name] => Enrique Maldonado
    [phone] => +990151313
    [offerId] => 25c8f434-1934-47b9-8d62-f5327a30c19a
    [domain] => http://finalcjfyi.site/lander/hair-pe-5--accaunt-1-/lemon.php
    [ip] => 132.251.3.110
    [utm_campaign] => 
    [utm_content] => 
    [utm_medium] => 
    [utm_source] => 
    [utm_term] => 
    [clickid] => mgge7f53t35
    [fbpxl] => 
)

----------- RESPONSE ---------
{"result":"ok","localClickId":"ab79eaae-ebfd-43f9-a121-13d84ee166df"}
----------- END --------------
February 9, 2023, 12:42 pm
----------- DATA -------------
Array
(
    [name] => Quiero saber cuanto cuesta..... no entIendo que es PEN
    [phone] => +00000000
    [offerId] => 25c8f434-1934-47b9-8d62-f5327a30c19a
    [domain] => http://finalcjfyi.site/lander/hair-pe-5--accaunt-1-/lemon.php
    [ip] => 190.234.244.208
    [utm_campaign] => 
    [utm_content] => 
    [utm_medium] => 
    [utm_source] => 
    [utm_term] => 
    [clickid] => jb7ijr53t7n
    [fbpxl] => 
)

----------- RESPONSE ---------
{"result":"ok","localClickId":"82adb03d-ace8-4b15-8454-4b30c7173be6"}
----------- END --------------
February 9, 2023, 12:44 pm
----------- DATA -------------
Array
(
    [name] => Jose bustamante
    [phone] => +954281497
    [offerId] => 25c8f434-1934-47b9-8d62-f5327a30c19a
    [domain] => http://finalcjfyi.site/lander/hair-pe-5--accaunt-1-/lemon.php
    [ip] => 181.64.57.51
    [utm_campaign] => 
    [utm_content] => 
    [utm_medium] => 
    [utm_source] => 
    [utm_term] => 
    [clickid] => 5v8cld53tbk
    [fbpxl] => 
)

----------- RESPONSE ---------
{"result":"ok","localClickId":"8b055357-bb00-4da3-a4de-9dce3000d580"}
----------- END --------------
February 9, 2023, 12:54 pm
----------- DATA -------------
Array
(
    [name] => Luis delgado herrera 
    [phone] => +957408400
    [offerId] => 25c8f434-1934-47b9-8d62-f5327a30c19a
    [domain] => http://finalcjfyi.site/lander/hair-pe-5--accaunt-1-/lemon.php
    [ip] => 190.237.145.166
    [utm_campaign] => 
    [utm_content] => 
    [utm_medium] => 
    [utm_source] => 
    [utm_term] => 
    [clickid] => ikkjti53tg8
    [fbpxl] => 
)

----------- RESPONSE ---------
{"result":"ok","localClickId":"d1a4e19d-5190-4d98-b912-28b66bee5c6f"}
----------- END --------------
February 9, 2023, 1:41 pm
----------- DATA -------------
Array
(
    [name] => Franklin jose
    [phone] => +51927189980
    [offerId] => 25c8f434-1934-47b9-8d62-f5327a30c19a
    [domain] => http://finalcjfyi.site/lander/hair-pe-5--accaunt-1-/lemon.php
    [ip] => 181.64.238.75
    [utm_campaign] => 
    [utm_content] => 
    [utm_medium] => 
    [utm_source] => 
    [utm_term] => 
    [clickid] => roles653u63
    [fbpxl] => 
)

----------- RESPONSE ---------
{"result":"ok","localClickId":"f0f9147c-eaa0-46d8-90b0-4046560b56f6"}
----------- END --------------
February 9, 2023, 2:18 pm
----------- DATA -------------
Array
(
    [name] => César 
    [phone] => +965333226
    [offerId] => 25c8f434-1934-47b9-8d62-f5327a30c19a
    [domain] => http://finalcjfyi.site/lander/hair-pe-5--accaunt-1-/lemon.php
    [ip] => 190.237.100.131
    [utm_campaign] => 
    [utm_content] => 
    [utm_medium] => 
    [utm_source] => 
    [utm_term] => 
    [clickid] => bu3bnf53uij
    [fbpxl] => 
)

----------- RESPONSE ---------
{"result":"ok","localClickId":"51e1f1df-4904-40c2-8409-9dc4e8fca522"}
----------- END --------------
February 9, 2023, 3:22 pm
----------- DATA -------------
Array
(
    [name] => Christian alalu
    [phone] => +924785967
    [offerId] => 25c8f434-1934-47b9-8d62-f5327a30c19a
    [domain] => http://finalcjfyi.site/lander/hair-pe-5--accaunt-1-/lemon.php
    [ip] => 190.235.45.232
    [utm_campaign] => 
    [utm_content] => 
    [utm_medium] => 
    [utm_source] => 
    [utm_term] => 
    [clickid] => 1nuu5tn53v7n
    [fbpxl] => 
)

----------- RESPONSE ---------
{"result":"ok","localClickId":"2f80a27b-a1e1-4f5e-8b5f-2c174dc4d625"}
----------- END --------------
February 9, 2023, 4:05 pm
----------- DATA -------------
Array
(
    [name] => Valentín meza
    [phone] => +929939139
    [offerId] => 25c8f434-1934-47b9-8d62-f5327a30c19a
    [domain] => http://finalcjfyi.site/lander/hair-pe-5--accaunt-1-/lemon.php
    [ip] => 181.176.99.138
    [utm_campaign] => 
    [utm_content] => 
    [utm_medium] => 
    [utm_source] => 
    [utm_term] => 
    [clickid] => 1n73as353vlb
    [fbpxl] => 
)

----------- RESPONSE ---------
{"result":"ok","localClickId":"c956810b-4b35-407e-b45b-0b154cba8de8"}
----------- END --------------
February 9, 2023, 4:11 pm
----------- DATA -------------
Array
(
    [name] => Roberto
    [phone] => +930178267
    [offerId] => 25c8f434-1934-47b9-8d62-f5327a30c19a
    [domain] => http://finalcjfyi.site/lander/hair-pe-5--accaunt-1-/lemon.php
    [ip] => 179.6.155.55
    [utm_campaign] => 
    [utm_content] => 
    [utm_medium] => 
    [utm_source] => 
    [utm_term] => 
    [clickid] => 17uekj353vo7
    [fbpxl] => 
)

----------- RESPONSE ---------
{"result":"ok","localClickId":"85098277-4ab8-493c-905d-53fe4c7a869a"}
----------- END --------------
February 9, 2023, 4:11 pm
----------- DATA -------------
Array
(
    [name] => Roberto
    [phone] => +930178267
    [offerId] => 25c8f434-1934-47b9-8d62-f5327a30c19a
    [domain] => http://finalcjfyi.site/lander/hair-pe-5--accaunt-1-/lemon.php
    [ip] => 179.6.137.55
    [utm_campaign] => 
    [utm_content] => 
    [utm_medium] => 
    [utm_source] => 
    [utm_term] => 
    [clickid] => 17uekj353vo7
    [fbpxl] => 
)

----------- RESPONSE ---------
{"result":"ok","localClickId":"633dfb6a-6f57-4c5e-aaa5-8494234c8565"}
----------- END --------------
February 9, 2023, 4:44 pm
----------- DATA -------------
Array
(
    [name] => Carlos Alberto
    [phone] => +989436803
    [offerId] => 25c8f434-1934-47b9-8d62-f5327a30c19a
    [domain] => http://finalcjfyi.site/lander/hair-pe-5--accaunt-1-/lemon.php
    [ip] => 179.7.88.234
    [utm_campaign] => 
    [utm_content] => 
    [utm_medium] => 
    [utm_source] => 
    [utm_term] => 
    [clickid] => 3i1dmpq5402t
    [fbpxl] => 
)

----------- RESPONSE ---------
{"result":"ok","localClickId":"5fe89c61-caaf-4b35-a818-ba1f55bc3721"}
----------- END --------------
February 9, 2023, 5:13 pm
----------- DATA -------------
Array
(
    [name] => Gabol
    [phone] => +983305105
    [offerId] => 25c8f434-1934-47b9-8d62-f5327a30c19a
    [domain] => http://finalcjfyi.site/lander/hair-pe-5--accaunt-1-/lemon.php
    [ip] => 179.6.145.46
    [utm_campaign] => 
    [utm_content] => 
    [utm_medium] => 
    [utm_source] => 
    [utm_term] => 
    [clickid] => 3htrfvv53vil
    [fbpxl] => 
)

----------- RESPONSE ---------
{"result":"ok","localClickId":"21025069-4893-4ed4-a84a-69f0dffd0698"}
----------- END --------------
February 9, 2023, 5:22 pm
----------- DATA -------------
Array
(
    [name] => Lorenzo Tapia
    [phone] => +972207127
    [offerId] => 25c8f434-1934-47b9-8d62-f5327a30c19a
    [domain] => http://finalcjfyi.site/lander/hair-pe-5--accaunt-1-/lemon.php
    [ip] => 179.6.14.105
    [utm_campaign] => 
    [utm_content] => 
    [utm_medium] => 
    [utm_source] => 
    [utm_term] => 
    [clickid] => 3abul9o540c7
    [fbpxl] => 
)

----------- RESPONSE ---------
{"result":"ok","localClickId":"5ace81ec-1d18-4154-b4d9-bdd8380e9eda"}
----------- END --------------
February 9, 2023, 5:57 pm
----------- DATA -------------
Array
(
    [name] => Santiago Cruz 
    [phone] => +51981660672
    [offerId] => 25c8f434-1934-47b9-8d62-f5327a30c19a
    [domain] => http://finalcjfyi.site/lander/hair-pe-5--accaunt-1-/lemon.php
    [ip] => 190.239.93.21
    [utm_campaign] => 
    [utm_content] => 
    [utm_medium] => 
    [utm_source] => 
    [utm_term] => 
    [clickid] => 3kk7sf7540na
    [fbpxl] => 
)

----------- RESPONSE ---------
{"result":"ok","localClickId":"4c8c6b2d-8c1f-4282-a63a-6ed39f2e5c2c"}
----------- END --------------
February 9, 2023, 9:19 pm
----------- DATA -------------
Array
(
    [name] => Jorge 
    [phone] => +978823087
    [offerId] => 25c8f434-1934-47b9-8d62-f5327a30c19a
    [domain] => http://finalcjfyi.site/lander/hair-pe-5--accaunt-1-/lemon.php
    [ip] => 179.7.80.157
    [utm_campaign] => 
    [utm_content] => 
    [utm_medium] => 
    [utm_source] => 
    [utm_term] => 
    [clickid] => 18m7s4954344
    [fbpxl] => 
)

----------- RESPONSE ---------
{"result":"ok","localClickId":"e6872d4a-a196-4d5b-9168-4b99a8331a7a"}
----------- END --------------
February 9, 2023, 9:21 pm
----------- DATA -------------
Array
(
    [name] => Jorge AUGUSTO Negron
    [phone] => +933001453
    [offerId] => 25c8f434-1934-47b9-8d62-f5327a30c19a
    [domain] => http://finalcjfyi.site/lander/hair-pe-5--accaunt-1-/lemon.php
    [ip] => 190.239.74.20
    [utm_campaign] => 
    [utm_content] => 
    [utm_medium] => 
    [utm_source] => 
    [utm_term] => 
    [clickid] => 1a1qvdc542kl
    [fbpxl] => 
)

----------- RESPONSE ---------
{"result":"ok","localClickId":"8da2456f-ad93-4252-a1c0-e912141056c3"}
----------- END --------------
February 9, 2023, 9:59 pm
----------- DATA -------------
Array
(
    [name] => Raúl
    [phone] => +998363295
    [offerId] => 25c8f434-1934-47b9-8d62-f5327a30c19a
    [domain] => http://finalcjfyi.site/lander/hair-pe-5--accaunt-1-/lemon.php
    [ip] => 132.251.0.156
    [utm_campaign] => 
    [utm_content] => 
    [utm_medium] => 
    [utm_source] => 
    [utm_term] => 
    [clickid] => 5t6qd5543hp
    [fbpxl] => 
)

----------- RESPONSE ---------
{"result":"ok","localClickId":"26b93ed8-3d8c-4257-bece-a96eb2b224d4"}
----------- END --------------
February 9, 2023, 10:05 pm
----------- DATA -------------
Array
(
    [name] => Carlos acosta
    [phone] => +51958946067
    [offerId] => 25c8f434-1934-47b9-8d62-f5327a30c19a
    [domain] => http://finalcjfyi.site/lander/hair-pe-5--accaunt-1-/lemon.php
    [ip] => 179.6.89.113
    [utm_campaign] => 
    [utm_content] => 
    [utm_medium] => 
    [utm_source] => 
    [utm_term] => 
    [clickid] => 3k281kn543j3
    [fbpxl] => 
)

----------- RESPONSE ---------
{"result":"ok","localClickId":"6d44a14e-cab1-4e85-a910-d589f76d4e93"}
----------- END --------------
February 9, 2023, 10:17 pm
----------- DATA -------------
Array
(
    [name] => Wilfredo
    [phone] => +969081607
    [offerId] => 25c8f434-1934-47b9-8d62-f5327a30c19a
    [domain] => http://finalcjfyi.site/lander/hair-pe-5--accaunt-1-/lemon.php
    [ip] => 190.42.33.246
    [utm_campaign] => 
    [utm_content] => 
    [utm_medium] => 
    [utm_source] => 
    [utm_term] => 
    [clickid] => 1h29u5e543og
    [fbpxl] => 
)

----------- RESPONSE ---------
{"result":"ok","localClickId":"aed5a386-8bfb-44d5-90a8-cc36178e9ba8"}
----------- END --------------
February 9, 2023, 10:52 pm
----------- DATA -------------
Array
(
    [name] => Víctor santillan 
    [phone] => +995888144
    [offerId] => 25c8f434-1934-47b9-8d62-f5327a30c19a
    [domain] => http://finalcjfyi.site/lander/hair-pe-5--accaunt-1-/lemon.php
    [ip] => 181.67.43.71
    [utm_campaign] => 
    [utm_content] => 
    [utm_medium] => 
    [utm_source] => 
    [utm_term] => 
    [clickid] => 2ovnjbb54438
    [fbpxl] => 
)

----------- RESPONSE ---------
{"result":"ok","localClickId":"b27faf92-076d-4922-9850-1b9ba75157ac"}
----------- END --------------
February 9, 2023, 10:57 pm
----------- DATA -------------
Array
(
    [name] => Edgar V Romero Cosme
    [phone] => +970538719
    [offerId] => 25c8f434-1934-47b9-8d62-f5327a30c19a
    [domain] => http://finalcjfyi.site/lander/hair-pe-5--accaunt-1-/lemon.php
    [ip] => 132.184.128.248
    [utm_campaign] => 
    [utm_content] => 
    [utm_medium] => 
    [utm_source] => 
    [utm_term] => 
    [clickid] => 3acacie5446a
    [fbpxl] => 
)

----------- RESPONSE ---------
{"result":"ok","localClickId":"46f3fa06-dad2-4585-b1a9-97d6dca9735f"}
----------- END --------------
