February 8, 2023, 11:38 am
----------- DATA -------------
Array
(
    [name] => Alejandro Augusto Barrenechea oscategui934107589
    [phone] => +934107589
    [offerId] => 25c8f434-1934-47b9-8d62-f5327a30c19a
    [domain] => http://finalcjfyi.site/lander/hair-pe-5--accaunt-1-/lemon.php
    [ip] => 132.184.128.108
    [utm_campaign] => 
    [utm_content] => 
    [utm_medium] => 
    [utm_source] => 
    [utm_term] => 
    [clickid] => 2lvd7t2539fo
    [fbpxl] => 
)

----------- RESPONSE ---------
{"result":"ok","localClickId":"426e784a-2b4c-4cda-87cd-ecd6e6b1adba"}
----------- END --------------
February 8, 2023, 11:49 am
----------- DATA -------------
Array
(
    [name] => Vico
    [phone] => +95812886
    [offerId] => 25c8f434-1934-47b9-8d62-f5327a30c19a
    [domain] => http://finalcjfyi.site/lander/hair-pe-5--accaunt-1-/lemon.php
    [ip] => 132.184.128.104
    [utm_campaign] => 
    [utm_content] => 
    [utm_medium] => 
    [utm_source] => 
    [utm_term] => 
    [clickid] => 1783jku539ls
    [fbpxl] => 
)

----------- RESPONSE ---------
{"result":"ok","localClickId":"d3413de3-58e3-49d3-86ce-6880d7026a39"}
----------- END --------------
February 8, 2023, 12:17 pm
----------- DATA -------------
Array
(
    [name] => Luis canal
    [phone] => +950331200
    [offerId] => 25c8f434-1934-47b9-8d62-f5327a30c19a
    [domain] => http://finalcjfyi.site/lander/hair-pe-5--accaunt-1-/lemon.php
    [ip] => 179.7.76.219
    [utm_campaign] => 
    [utm_content] => 
    [utm_medium] => 
    [utm_source] => 
    [utm_term] => 
    [clickid] => 11cs7pu53a28
    [fbpxl] => 
)

----------- RESPONSE ---------
{"result":"ok","localClickId":"f7213158-8e99-43f4-9172-fb19a8a9ae26"}
----------- END --------------
February 8, 2023, 12:19 pm
----------- DATA -------------
Array
(
    [name] => Willy Urbina
    [phone] => +984160095
    [offerId] => 25c8f434-1934-47b9-8d62-f5327a30c19a
    [domain] => http://finalcjfyi.site/lander/hair-pe-5--accaunt-1-/lemon.php
    [ip] => 179.6.80.20
    [utm_campaign] => 
    [utm_content] => 
    [utm_medium] => 
    [utm_source] => 
    [utm_term] => 
    [clickid] => 189kdbd53a3j
    [fbpxl] => 
)

----------- RESPONSE ---------
{"result":"ok","localClickId":"2b64d815-a309-480c-8a06-f2303a6a8841"}
----------- END --------------
February 8, 2023, 12:55 pm
----------- DATA -------------
Array
(
    [name] => Carlos Alexander García Morante
    [phone] => +51918740531
    [offerId] => 25c8f434-1934-47b9-8d62-f5327a30c19a
    [domain] => http://finalcjfyi.site/lander/hair-pe-5--accaunt-1-/lemon.php
    [ip] => 181.176.64.229
    [utm_campaign] => 
    [utm_content] => 
    [utm_medium] => 
    [utm_source] => 
    [utm_term] => 
    [clickid] => infi6553an7
    [fbpxl] => 
)

----------- RESPONSE ---------
{"result":"ok","localClickId":"7aefc9ff-ba9e-47c4-8184-53c48a6e5dd8"}
----------- END --------------
February 8, 2023, 1:05 pm
----------- DATA -------------
Array
(
    [name] => Roberto Rafael champi sanalea
    [phone] => +917013034
    [offerId] => 25c8f434-1934-47b9-8d62-f5327a30c19a
    [domain] => http://finalcjfyi.site/lander/hair-pe-5--accaunt-1-/lemon.php
    [ip] => 179.6.147.149
    [utm_campaign] => 
    [utm_content] => 
    [utm_medium] => 
    [utm_source] => 
    [utm_term] => 
    [clickid] => 115k2q453asl
    [fbpxl] => 
)

----------- RESPONSE ---------
{"result":"ok","localClickId":"fde95664-f75f-4aff-a304-eeeb026b42a3"}
----------- END --------------
February 8, 2023, 1:05 pm
----------- DATA -------------
Array
(
    [name] => Ramirez Vladimiro
    [phone] => +941454513
    [offerId] => 25c8f434-1934-47b9-8d62-f5327a30c19a
    [domain] => http://finalcjfyi.site/lander/hair-pe-5--accaunt-1-/lemon.php
    [ip] => 179.6.204.34
    [utm_campaign] => 
    [utm_content] => 
    [utm_medium] => 
    [utm_source] => 
    [utm_term] => 
    [clickid] => 3sc8tet53at5
    [fbpxl] => 
)

----------- RESPONSE ---------
{"result":"ok","localClickId":"21615ac4-05f1-4e63-ac6b-951076dbf011"}
----------- END --------------
February 8, 2023, 1:06 pm
----------- DATA -------------
Array
(
    [name] => Rafael Juan 
    [phone] => +986968235
    [offerId] => 25c8f434-1934-47b9-8d62-f5327a30c19a
    [domain] => http://finalcjfyi.site/lander/hair-pe-5--accaunt-1-/lemon.php
    [ip] => 179.7.64.151
    [utm_campaign] => 
    [utm_content] => 
    [utm_medium] => 
    [utm_source] => 
    [utm_term] => 
    [clickid] => 1tds4ma53at2
    [fbpxl] => 
)

----------- RESPONSE ---------
{"result":"ok","localClickId":"1d6ee7fd-4f99-4bfb-9224-7cdb3b09ad6d"}
----------- END --------------
February 8, 2023, 1:18 pm
----------- DATA -------------
Array
(
    [name] => Rildo torres medrano
    [phone] => +992436389
    [offerId] => 25c8f434-1934-47b9-8d62-f5327a30c19a
    [domain] => http://finalcjfyi.site/lander/hair-pe-5--accaunt-1-/lemon.php
    [ip] => 186.1.135.132
    [utm_campaign] => 
    [utm_content] => 
    [utm_medium] => 
    [utm_source] => 
    [utm_term] => 
    [clickid] => 1t5dh1j53b06
    [fbpxl] => 
)

----------- RESPONSE ---------
{"result":"ok","localClickId":"ec0fe873-1733-4e05-8fcc-f05f29f49090"}
----------- END --------------
February 8, 2023, 1:18 pm
----------- DATA -------------
Array
(
    [name] => Rildo torres medrano
    [phone] => +992436389
    [offerId] => 25c8f434-1934-47b9-8d62-f5327a30c19a
    [domain] => http://finalcjfyi.site/lander/hair-pe-5--accaunt-1-/lemon.php
    [ip] => 186.1.135.132
    [utm_campaign] => 
    [utm_content] => 
    [utm_medium] => 
    [utm_source] => 
    [utm_term] => 
    [clickid] => 1t5dh1j53b06
    [fbpxl] => 
)

----------- RESPONSE ---------
{"result":"ok","localClickId":"4fb14901-0ea9-4be5-8bb9-0338cedd8634"}
----------- END --------------
February 8, 2023, 1:25 pm
----------- DATA -------------
Array
(
    [name] => Aquino ONOFRE AYALA 
    [phone] => +985027011
    [offerId] => 25c8f434-1934-47b9-8d62-f5327a30c19a
    [domain] => http://finalcjfyi.site/lander/hair-pe-5--accaunt-1-/lemon.php
    [ip] => 132.251.0.29
    [utm_campaign] => 
    [utm_content] => 
    [utm_medium] => 
    [utm_source] => 
    [utm_term] => 
    [clickid] => 2us7gk953b8k
    [fbpxl] => 
)

----------- RESPONSE ---------
{"result":"ok","localClickId":"16b9378e-005b-42ca-9ab5-659d90c485dd"}
----------- END --------------
February 8, 2023, 2:06 pm
----------- DATA -------------
Array
(
    [name] => Nixon
    [phone] => +948254051
    [offerId] => 25c8f434-1934-47b9-8d62-f5327a30c19a
    [domain] => http://finalcjfyi.site/lander/hair-pe-5--accaunt-1-/lemon.php
    [ip] => 179.7.65.230
    [utm_campaign] => 
    [utm_content] => 
    [utm_medium] => 
    [utm_source] => 
    [utm_term] => 
    [clickid] => 176er5h53c0o
    [fbpxl] => 
)

----------- RESPONSE ---------
{"result":"ok","localClickId":"4632e9fa-1e6b-4cfb-8eeb-8b67fe90527c"}
----------- END --------------
February 8, 2023, 2:27 pm
----------- DATA -------------
Array
(
    [name] => Salazar ortiz Edgar Luis
    [phone] => +51961713560
    [offerId] => 25c8f434-1934-47b9-8d62-f5327a30c19a
    [domain] => http://finalcjfyi.site/lander/hair-pe-5--accaunt-1-/lemon.php
    [ip] => 179.7.84.16
    [utm_campaign] => 
    [utm_content] => 
    [utm_medium] => 
    [utm_source] => 
    [utm_term] => 
    [clickid] => 27bjs4k53cdv
    [fbpxl] => 
)

----------- RESPONSE ---------
{"result":"ok","localClickId":"e69f5276-9133-4661-9cb3-e8df682d9a95"}
----------- END --------------
February 8, 2023, 2:48 pm
----------- DATA -------------
Array
(
    [name] => Boris silvera
    [phone] => +975596971
    [offerId] => 25c8f434-1934-47b9-8d62-f5327a30c19a
    [domain] => http://finalcjfyi.site/lander/hair-pe-5--accaunt-1-/lemon.php
    [ip] => 181.65.19.98
    [utm_campaign] => 
    [utm_content] => 
    [utm_medium] => 
    [utm_source] => 
    [utm_term] => 
    [clickid] => 20eprl253coq
    [fbpxl] => 
)

----------- RESPONSE ---------
{"result":"ok","localClickId":"353531c0-e7cd-4f20-88d9-0d18f04263dd"}
----------- END --------------
February 8, 2023, 3:29 pm
----------- DATA -------------
Array
(
    [name] => Miguel Angel 
    [phone] => +950883718
    [offerId] => 25c8f434-1934-47b9-8d62-f5327a30c19a
    [domain] => http://finalcjfyi.site/lander/hair-pe-5--accaunt-1-/lemon.php
    [ip] => 190.236.9.74
    [utm_campaign] => 
    [utm_content] => 
    [utm_medium] => 
    [utm_source] => 
    [utm_term] => 
    [clickid] => i77fe853dea
    [fbpxl] => 
)

----------- RESPONSE ---------
{"result":"ok","localClickId":"488bb99f-aec2-4ad7-8dea-22c7e7150ce7"}
----------- END --------------
February 8, 2023, 3:34 pm
----------- DATA -------------
Array
(
    [name] => Juan Carlos 
    [phone] => +519217335451
    [offerId] => 25c8f434-1934-47b9-8d62-f5327a30c19a
    [domain] => http://finalcjfyi.site/lander/hair-pe-5--accaunt-1-/lemon.php
    [ip] => 181.176.119.232
    [utm_campaign] => 
    [utm_content] => 
    [utm_medium] => 
    [utm_source] => 
    [utm_term] => 
    [clickid] => 2ncia5s53dgp
    [fbpxl] => 
)

----------- RESPONSE ---------
{"result":"ok","localClickId":"22ba3998-d84f-4cdf-8fc5-a81024032fcc"}
----------- END --------------
February 8, 2023, 3:42 pm
----------- DATA -------------
Array
(
    [name] => Como se que no es una eatafa como me garantisa que va crecer y si no donde hago mi reclamo
    [phone] => +991074652
    [offerId] => 25c8f434-1934-47b9-8d62-f5327a30c19a
    [domain] => http://finalcjfyi.site/lander/hair-pe-5--accaunt-1-/lemon.php
    [ip] => 190.43.237.233
    [utm_campaign] => 
    [utm_content] => 
    [utm_medium] => 
    [utm_source] => 
    [utm_term] => 
    [clickid] => 5q1ui953dg8
    [fbpxl] => 
)

----------- RESPONSE ---------
{"result":"ok","localClickId":"0459ebe7-e7d4-4569-abb1-b1370299c511"}
----------- END --------------
February 8, 2023, 3:55 pm
----------- DATA -------------
Array
(
    [name] => Carlos Alvarez
    [phone] => +931796984
    [offerId] => 25c8f434-1934-47b9-8d62-f5327a30c19a
    [domain] => http://finalcjfyi.site/lander/hair-pe-5--accaunt-1-/lemon.php
    [ip] => 190.239.70.209
    [utm_campaign] => 
    [utm_content] => 
    [utm_medium] => 
    [utm_source] => 
    [utm_term] => 
    [clickid] => 2ll071v53drh
    [fbpxl] => 
)

----------- RESPONSE ---------
{"result":"ok","localClickId":"aa7952e8-82fa-49e4-a218-7eb904e6014b"}
----------- END --------------
February 8, 2023, 3:55 pm
----------- DATA -------------
Array
(
    [name] => Carlos Alvarez
    [phone] => +931796984
    [offerId] => 25c8f434-1934-47b9-8d62-f5327a30c19a
    [domain] => http://finalcjfyi.site/lander/hair-pe-5--accaunt-1-/lemon.php
    [ip] => 190.239.70.209
    [utm_campaign] => 
    [utm_content] => 
    [utm_medium] => 
    [utm_source] => 
    [utm_term] => 
    [clickid] => 2ll071v53drh
    [fbpxl] => 
)

----------- RESPONSE ---------
{"result":"ok","localClickId":"0725c134-81dd-4cd7-a457-44d6be4faf63"}
----------- END --------------
February 8, 2023, 3:55 pm
----------- DATA -------------
Array
(
    [name] => Carlos Alvarez
    [phone] => +931796984
    [offerId] => 25c8f434-1934-47b9-8d62-f5327a30c19a
    [domain] => http://finalcjfyi.site/lander/hair-pe-5--accaunt-1-/lemon.php
    [ip] => 190.239.70.209
    [utm_campaign] => 
    [utm_content] => 
    [utm_medium] => 
    [utm_source] => 
    [utm_term] => 
    [clickid] => 2ll071v53drh
    [fbpxl] => 
)

----------- RESPONSE ---------
{"result":"ok","localClickId":"7ffc8c37-9297-4a66-859d-4b3e0e1ec091"}
----------- END --------------
February 8, 2023, 4:18 pm
----------- DATA -------------
Array
(
    [name] => PLIDER MARINO
    [phone] => +51962661558
    [offerId] => 25c8f434-1934-47b9-8d62-f5327a30c19a
    [domain] => http://finalcjfyi.site/lander/hair-pe-5--accaunt-1-/lemon.php
    [ip] => 179.6.139.146
    [utm_campaign] => 
    [utm_content] => 
    [utm_medium] => 
    [utm_source] => 
    [utm_term] => 
    [clickid] => 13k6ll553dkf
    [fbpxl] => 
)

----------- RESPONSE ---------
{"result":"ok","localClickId":"4ab4aeff-a48a-4363-bd28-9aa2de7bfc8a"}
----------- END --------------
February 8, 2023, 4:22 pm
----------- DATA -------------
Array
(
    [name] => Juvenal alvarez
    [phone] => +984644077
    [offerId] => 25c8f434-1934-47b9-8d62-f5327a30c19a
    [domain] => http://finalcjfyi.site/lander/hair-pe-5--accaunt-1-/lemon.php
    [ip] => 179.6.149.196
    [utm_campaign] => 
    [utm_content] => 
    [utm_medium] => 
    [utm_source] => 
    [utm_term] => 
    [clickid] => 10cr39453e86
    [fbpxl] => 
)

----------- RESPONSE ---------
{"result":"ok","localClickId":"8cc4e141-e5bc-40cc-9e0f-1ca6a87c4655"}
----------- END --------------
February 8, 2023, 4:29 pm
----------- DATA -------------
Array
(
    [name] => Juan Carlos López 
    [phone] => +979189101
    [offerId] => 25c8f434-1934-47b9-8d62-f5327a30c19a
    [domain] => http://finalcjfyi.site/lander/hair-pe-5--accaunt-1-/lemon.php
    [ip] => 179.6.147.229
    [utm_campaign] => 
    [utm_content] => 
    [utm_medium] => 
    [utm_source] => 
    [utm_term] => 
    [clickid] => 7a32jv53e82
    [fbpxl] => 
)

----------- RESPONSE ---------
{"result":"ok","localClickId":"a1360d93-1ba2-4f63-b0d5-8998e543d5e7"}
----------- END --------------
February 8, 2023, 4:39 pm
----------- DATA -------------
Array
(
    [name] => César Silva campos
    [phone] => +929415139
    [offerId] => 25c8f434-1934-47b9-8d62-f5327a30c19a
    [domain] => http://finalcjfyi.site/lander/hair-pe-5--accaunt-1-/lemon.php
    [ip] => 179.7.92.211
    [utm_campaign] => 
    [utm_content] => 
    [utm_medium] => 
    [utm_source] => 
    [utm_term] => 
    [clickid] => sadjm153egs
    [fbpxl] => 
)

----------- RESPONSE ---------
{"result":"ok","localClickId":"1e787665-e1c9-4c0e-aac0-5aaf172251fa"}
----------- END --------------
February 8, 2023, 5:05 pm
----------- DATA -------------
Array
(
    [name] => Homero Gavidia Romero Homero
    [phone] => +944958752
    [offerId] => 25c8f434-1934-47b9-8d62-f5327a30c19a
    [domain] => http://finalcjfyi.site/lander/hair-pe-5--accaunt-1-/lemon.php
    [ip] => 179.6.83.195
    [utm_campaign] => 
    [utm_content] => 
    [utm_medium] => 
    [utm_source] => 
    [utm_term] => 
    [clickid] => 6r73ie53er8
    [fbpxl] => 
)

----------- RESPONSE ---------
{"result":"ok","localClickId":"0baa2f99-63c9-4d7a-9117-7bf569ec4909"}
----------- END --------------
February 8, 2023, 5:14 pm
----------- DATA -------------
Array
(
    [name] => Manuel Isaac
    [phone] => +966120350
    [offerId] => 25c8f434-1934-47b9-8d62-f5327a30c19a
    [domain] => http://finalcjfyi.site/lander/hair-pe-5--accaunt-1-/lemon.php
    [ip] => 179.6.208.23
    [utm_campaign] => 
    [utm_content] => 
    [utm_medium] => 
    [utm_source] => 
    [utm_term] => 
    [clickid] => 2a2lg6q53evm
    [fbpxl] => 
)

----------- RESPONSE ---------
{"result":"ok","localClickId":"8eec0186-8945-46d7-abdd-2754732861c7"}
----------- END --------------
February 8, 2023, 5:31 pm
----------- DATA -------------
Array
(
    [name] => Hugo Francisco Salazar Galvez
    [phone] => +936534174
    [offerId] => 25c8f434-1934-47b9-8d62-f5327a30c19a
    [domain] => http://finalcjfyi.site/lander/hair-pe-5--accaunt-1-/lemon.php
    [ip] => 179.6.54.106
    [utm_campaign] => 
    [utm_content] => 
    [utm_medium] => 
    [utm_source] => 
    [utm_term] => 
    [clickid] => 3luhbqg53fag
    [fbpxl] => 
)

----------- RESPONSE ---------
{"result":"ok","localClickId":"2ff5c201-0478-48aa-bb03-736dfa0ef3de"}
----------- END --------------
February 8, 2023, 6:07 pm
----------- DATA -------------
Array
(
    [name] => Benardino gracia iman
    [phone] => +945949740
    [offerId] => 25c8f434-1934-47b9-8d62-f5327a30c19a
    [domain] => http://finalcjfyi.site/lander/hair-pe-5--accaunt-1-/lemon.php
    [ip] => 190.236.26.4
    [utm_campaign] => 
    [utm_content] => 
    [utm_medium] => 
    [utm_source] => 
    [utm_term] => 
    [clickid] => b6734s53fti
    [fbpxl] => 
)

----------- RESPONSE ---------
{"result":"ok","localClickId":"722fb486-7094-4777-924d-6f0f3bf6b8a8"}
----------- END --------------
February 8, 2023, 6:25 pm
----------- DATA -------------
Array
(
    [name] => Benardino gracia iman
    [phone] => +945949740
    [offerId] => 25c8f434-1934-47b9-8d62-f5327a30c19a
    [domain] => http://finalcjfyi.site/lander/hair-pe-5--accaunt-1-/lemon.php
    [ip] => 190.236.26.4
    [utm_campaign] => 
    [utm_content] => 
    [utm_medium] => 
    [utm_source] => 
    [utm_term] => 
    [clickid] => b6734s53g74
    [fbpxl] => 
)

----------- RESPONSE ---------
{"result":"ok","localClickId":"e9f9589a-c7ea-4171-870d-769c7ac72a4a"}
----------- END --------------
February 8, 2023, 7:23 pm
----------- DATA -------------
Array
(
    [name] => Calizaya Onofre
    [phone] => +952282452
    [offerId] => 25c8f434-1934-47b9-8d62-f5327a30c19a
    [domain] => http://finalcjfyi.site/lander/hair-pe-5--accaunt-1-/lemon.php
    [ip] => 190.234.143.179
    [utm_campaign] => 
    [utm_content] => 
    [utm_medium] => 
    [utm_source] => 
    [utm_term] => 
    [clickid] => 1rpg3m453h19
    [fbpxl] => 
)

----------- RESPONSE ---------
{"result":"ok","localClickId":"971d8c5c-6bec-4e6e-b7f4-39b61e3ba1d7"}
----------- END --------------
February 8, 2023, 7:53 pm
----------- DATA -------------
Array
(
    [name] => Yhon danny
    [phone] => +51996070436
    [offerId] => 25c8f434-1934-47b9-8d62-f5327a30c19a
    [domain] => http://finalcjfyi.site/lander/hair-pe-5--accaunt-1-/lemon.php
    [ip] => 179.7.80.82
    [utm_campaign] => 
    [utm_content] => 
    [utm_medium] => 
    [utm_source] => 
    [utm_term] => 
    [clickid] => c30dr653hbk
    [fbpxl] => 
)

----------- RESPONSE ---------
{"result":"ok","localClickId":"b955c8a2-4b8e-4fba-8911-f880428df9bd"}
----------- END --------------
February 8, 2023, 8:01 pm
----------- DATA -------------
Array
(
    [name] => Edu
    [phone] => +975225565
    [offerId] => 25c8f434-1934-47b9-8d62-f5327a30c19a
    [domain] => http://finalcjfyi.site/lander/hair-pe-5--accaunt-1-/lemon.php
    [ip] => 179.6.89.117
    [utm_campaign] => 
    [utm_content] => 
    [utm_medium] => 
    [utm_source] => 
    [utm_term] => 
    [clickid] => 2ussj2r53hke
    [fbpxl] => 
)

----------- RESPONSE ---------
{"result":"ok","localClickId":"ee385efa-cf14-4e96-b122-0f60853e83a9"}
----------- END --------------
February 8, 2023, 9:01 pm
----------- DATA -------------
Array
(
    [name] => Eugenio Ramón Mendoza Saravia 
    [phone] => +946046982
    [offerId] => 25c8f434-1934-47b9-8d62-f5327a30c19a
    [domain] => http://finalcjfyi.site/lander/hair-pe-5--accaunt-1-/lemon.php
    [ip] => 179.6.138.199
    [utm_campaign] => 
    [utm_content] => 
    [utm_medium] => 
    [utm_source] => 
    [utm_term] => 
    [clickid] => 3mcb3s153igj
    [fbpxl] => 
)

----------- RESPONSE ---------
{"result":"ok","localClickId":"5c9025cd-46e1-48c9-b31a-62e23c275981"}
----------- END --------------
February 8, 2023, 9:19 pm
----------- DATA -------------
Array
(
    [name] => José alarcon 
    [phone] => +994799765
    [offerId] => 25c8f434-1934-47b9-8d62-f5327a30c19a
    [domain] => http://finalcjfyi.site/lander/hair-pe-5--accaunt-1-/lemon.php
    [ip] => 179.6.155.2
    [utm_campaign] => 
    [utm_content] => 
    [utm_medium] => 
    [utm_source] => 
    [utm_term] => 
    [clickid] => 1kvoqt653iq0
    [fbpxl] => 
)

----------- RESPONSE ---------
{"result":"ok","localClickId":"2df0c896-6b28-4071-9987-6770dbcfd8e2"}
----------- END --------------
February 8, 2023, 9:20 pm
----------- DATA -------------
Array
(
    [name] => Edwin Jamis barrera huaman
    [phone] => +51942750940
    [offerId] => 25c8f434-1934-47b9-8d62-f5327a30c19a
    [domain] => http://finalcjfyi.site/lander/hair-pe-5--accaunt-1-/lemon.php
    [ip] => 179.7.89.215
    [utm_campaign] => 
    [utm_content] => 
    [utm_medium] => 
    [utm_source] => 
    [utm_term] => 
    [clickid] => nq16ph53ipv
    [fbpxl] => 
)

----------- RESPONSE ---------
{"result":"ok","localClickId":"a665f3fc-05a6-4197-9359-767f92c177dd"}
----------- END --------------
February 8, 2023, 9:28 pm
----------- DATA -------------
Array
(
    [name] => Edwin Jamis barrera huaman
    [phone] => +51942750940
    [offerId] => 25c8f434-1934-47b9-8d62-f5327a30c19a
    [domain] => http://finalcjfyi.site/lander/hair-pe-5--accaunt-1-/lemon.php
    [ip] => 179.7.89.215
    [utm_campaign] => 
    [utm_content] => 
    [utm_medium] => 
    [utm_source] => 
    [utm_term] => 
    [clickid] => nq16ph53irq
    [fbpxl] => 
)

----------- RESPONSE ---------
{"result":"ok","localClickId":"c38eed38-4bc8-4494-a1d8-cc400e7573b7"}
----------- END --------------
February 8, 2023, 9:33 pm
----------- DATA -------------
Array
(
    [name] => César silva
    [phone] => +929415139
    [offerId] => 25c8f434-1934-47b9-8d62-f5327a30c19a
    [domain] => http://finalcjfyi.site/lander/hair-pe-5--accaunt-1-/lemon.php
    [ip] => 179.7.92.48
    [utm_campaign] => 
    [utm_content] => 
    [utm_medium] => 
    [utm_source] => 
    [utm_term] => 
    [clickid] => 1hl2n4e53ivv
    [fbpxl] => 
)

----------- RESPONSE ---------
{"result":"ok","localClickId":"1f5766ad-b56f-4c8a-b9ef-e6dd0b055fd9"}
----------- END --------------
February 8, 2023, 9:43 pm
----------- DATA -------------
Array
(
    [name] => Milton
    [phone] => +967433478
    [offerId] => 25c8f434-1934-47b9-8d62-f5327a30c19a
    [domain] => http://finalcjfyi.site/lander/hair-pe-5--accaunt-1-/lemon.php
    [ip] => 190.236.179.207
    [utm_campaign] => 
    [utm_content] => 
    [utm_medium] => 
    [utm_source] => 
    [utm_term] => 
    [clickid] => qlgg3753j2p
    [fbpxl] => 
)

----------- RESPONSE ---------
{"result":"ok","localClickId":"4c393292-58b3-4887-b0ea-5615c8529244"}
----------- END --------------
February 8, 2023, 9:46 pm
----------- DATA -------------
Array
(
    [name] => Edwuin
    [phone] => +5993305972
    [offerId] => 25c8f434-1934-47b9-8d62-f5327a30c19a
    [domain] => http://finalcjfyi.site/lander/hair-pe-5--accaunt-1-/lemon.php
    [ip] => 181.176.104.193
    [utm_campaign] => 
    [utm_content] => 
    [utm_medium] => 
    [utm_source] => 
    [utm_term] => 
    [clickid] => 1ghn7t553j3g
    [fbpxl] => 
)

----------- RESPONSE ---------
{"result":"ok","localClickId":"4cac269c-0d2e-4ed8-acc9-8a4bf08259cc"}
----------- END --------------
February 8, 2023, 9:49 pm
----------- DATA -------------
Array
(
    [name] => Raul palomino
    [phone] => +931037556
    [offerId] => 25c8f434-1934-47b9-8d62-f5327a30c19a
    [domain] => http://finalcjfyi.site/lander/hair-pe-5--accaunt-1-/lemon.php
    [ip] => 190.236.8.220
    [utm_campaign] => 
    [utm_content] => 
    [utm_medium] => 
    [utm_source] => 
    [utm_term] => 
    [clickid] => 2n15p2i53j5h
    [fbpxl] => 
)

----------- RESPONSE ---------
{"result":"ok","localClickId":"dcda9af5-9494-4ca2-9f02-b2d30ba5771c"}
----------- END --------------
February 8, 2023, 10:06 pm
----------- DATA -------------
Array
(
    [name] => Edmundo
    [phone] => +51997508691
    [offerId] => 25c8f434-1934-47b9-8d62-f5327a30c19a
    [domain] => http://finalcjfyi.site/lander/hair-pe-5--accaunt-1-/lemon.php
    [ip] => 179.6.136.106
    [utm_campaign] => 
    [utm_content] => 
    [utm_medium] => 
    [utm_source] => 
    [utm_term] => 
    [clickid] => 1avg28253jc3
    [fbpxl] => 
)

----------- RESPONSE ---------
{"result":"ok","localClickId":"e3090418-ecd8-42ad-af79-334a505de25f"}
----------- END --------------
February 8, 2023, 11:08 pm
----------- DATA -------------
Array
(
    [name] => Justo Hernández
    [phone] => +51943720720
    [offerId] => 25c8f434-1934-47b9-8d62-f5327a30c19a
    [domain] => http://finalcjfyi.site/lander/hair-pe-5--accaunt-1-/lemon.php
    [ip] => 179.7.92.19
    [utm_campaign] => 
    [utm_content] => 
    [utm_medium] => 
    [utm_source] => 
    [utm_term] => 
    [clickid] => tagvhq53k4n
    [fbpxl] => 
)

----------- RESPONSE ---------
{"result":"ok","localClickId":"2b9cad8d-7c92-4ead-94c0-8ed49fdc3d46"}
----------- END --------------
February 8, 2023, 11:26 pm
----------- DATA -------------
Array
(
    [name] => GASPAR
    [phone] => +947006278
    [offerId] => 25c8f434-1934-47b9-8d62-f5327a30c19a
    [domain] => http://finalcjfyi.site/lander/hair-pe-5--accaunt-1-/lemon.php
    [ip] => 190.236.4.7
    [utm_campaign] => 
    [utm_content] => 
    [utm_medium] => 
    [utm_source] => 
    [utm_term] => 
    [clickid] => 2lsqcrp53kat
    [fbpxl] => 
)

----------- RESPONSE ---------
{"result":"ok","localClickId":"986efe0b-bab1-4e07-bc46-58382688db39"}
----------- END --------------
February 8, 2023, 11:37 pm
----------- DATA -------------
Array
(
    [name] => Juan  Manuel Rivera Ojeda
    [phone] => +929954061
    [offerId] => 25c8f434-1934-47b9-8d62-f5327a30c19a
    [domain] => http://finalcjfyi.site/lander/hair-pe-5--accaunt-1-/lemon.php
    [ip] => 181.176.107.246
    [utm_campaign] => 
    [utm_content] => 
    [utm_medium] => 
    [utm_source] => 
    [utm_term] => 
    [clickid] => 3mp9cu653ki6
    [fbpxl] => 
)

----------- RESPONSE ---------
{"result":"ok","localClickId":"b932987c-235c-45c2-8255-b84bb825207f"}
----------- END --------------
February 8, 2023, 11:53 pm
----------- DATA -------------
Array
(
    [name] => Francisco cerna
    [phone] => +957762705
    [offerId] => 25c8f434-1934-47b9-8d62-f5327a30c19a
    [domain] => http://finalcjfyi.site/lander/hair-pe-5--accaunt-1-/lemon.php
    [ip] => 179.6.82.165
    [utm_campaign] => 
    [utm_content] => 
    [utm_medium] => 
    [utm_source] => 
    [utm_term] => 
    [clickid] => 2r9pdbk53kp2
    [fbpxl] => 
)

----------- RESPONSE ---------
{"result":"ok","localClickId":"af936d4f-d15a-4f5d-876f-fc7b778c6746"}
----------- END --------------
February 8, 2023, 11:56 pm
----------- DATA -------------
Array
(
    [name] => Luis Enrique Becerra Jiménez 
    [phone] => +51952542813
    [offerId] => 25c8f434-1934-47b9-8d62-f5327a30c19a
    [domain] => http://finalcjfyi.site/lander/hair-pe-5--accaunt-1-/lemon.php
    [ip] => 190.239.66.211
    [utm_campaign] => 
    [utm_content] => 
    [utm_medium] => 
    [utm_source] => 
    [utm_term] => 
    [clickid] => f1fn2053kq4
    [fbpxl] => 
)

----------- RESPONSE ---------
{"result":"ok","localClickId":"495ebf40-f667-4806-a6b9-af5ac9bdb5ae"}
----------- END --------------
