December 18, 2022, 12:09 am
----------- DATA -------------
Array
(
    [name] => Rafael victor
    [phone] => +945623340
    [offerId] => 25c8f434-1934-47b9-8d62-f5327a30c19a
    [domain] => http://caterebsiw.site/lander/hair-pe-5--accaunt-1-/lemon.php
    [ip] => 181.176.100.112
    [utm_campaign] => 
    [utm_content] => 
    [utm_medium] => 
    [utm_source] => 
    [utm_term] => 
    [clickid] => 5m64e5446d2
    [fbpxl] => 
)

----------- RESPONSE ---------
{"result":"ok","localClickId":"cfa7c7ef-753e-46b2-b87e-afb9b22bfa83"}
----------- END --------------
December 18, 2022, 3:38 am
----------- DATA -------------
Array
(
    [name] => Yusandry Riveron gonzalez
    [phone] => +51924895526
    [offerId] => 25c8f434-1934-47b9-8d62-f5327a30c19a
    [domain] => http://caterebsiw.site/lander/hair-pe-5--accaunt-1-/lemon.php
    [ip] => 132.184.128.174
    [utm_campaign] => 
    [utm_content] => 
    [utm_medium] => 
    [utm_source] => 
    [utm_term] => 
    [clickid] => 3d733cu448ib
    [fbpxl] => 
)

----------- RESPONSE ---------
{"result":"ok","localClickId":"9c2c4727-f5b3-42ec-a413-105a5ea34c5c"}
----------- END --------------
December 18, 2022, 4:19 am
----------- DATA -------------
Array
(
    [name] => Walter Enrique huamnan paucar 
    [phone] => +997772047
    [offerId] => 25c8f434-1934-47b9-8d62-f5327a30c19a
    [domain] => http://caterebsiw.site/lander/hair-pe-5--accaunt-1-/lemon.php
    [ip] => 179.6.154.186
    [utm_campaign] => 
    [utm_content] => 
    [utm_medium] => 
    [utm_source] => 
    [utm_term] => 
    [clickid] => 273eq9h448ri
    [fbpxl] => 
)

----------- RESPONSE ---------
{"result":"ok","localClickId":"af6c5512-a403-455b-9189-514918c7aa55"}
----------- END --------------
December 18, 2022, 4:45 am
----------- DATA -------------
Array
(
    [name] => Moises Garcilazo Machuca
    [phone] => +946943877
    [offerId] => 25c8f434-1934-47b9-8d62-f5327a30c19a
    [domain] => http://caterebsiw.site/lander/hair-pe-5--accaunt-1-/lemon.php
    [ip] => 190.239.79.6
    [utm_campaign] => 
    [utm_content] => 
    [utm_medium] => 
    [utm_source] => 
    [utm_term] => 
    [clickid] => 8936174490r
    [fbpxl] => 
)

----------- RESPONSE ---------
{"result":"ok","localClickId":"220c5513-6d88-4daa-88c6-8d2b46c74b6f"}
----------- END --------------
December 18, 2022, 10:35 am
----------- DATA -------------
Array
(
    [name] => Solio tadeo
    [phone] => +929467791
    [offerId] => 25c8f434-1934-47b9-8d62-f5327a30c19a
    [domain] => http://caterebsiw.site/lander/hair-pe-5--accaunt-1-/lemon.php
    [ip] => 181.65.101.181
    [utm_campaign] => 
    [utm_content] => 
    [utm_medium] => 
    [utm_source] => 
    [utm_term] => 
    [clickid] => 31eme9g44ajc
    [fbpxl] => 
)

----------- RESPONSE ---------
{"result":"ok","localClickId":"5969327d-5a68-427e-b162-5558e84a4504"}
----------- END --------------
December 18, 2022, 2:10 pm
----------- DATA -------------
Array
(
    [name] => Hugo. Aco. Linares94
    [phone] => +941292007
    [offerId] => 25c8f434-1934-47b9-8d62-f5327a30c19a
    [domain] => http://caterebsiw.site/lander/hair-pe-5--accaunt-1-/lemon.php
    [ip] => 181.176.107.93
    [utm_campaign] => 
    [utm_content] => 
    [utm_medium] => 
    [utm_source] => 
    [utm_term] => 
    [clickid] => 381ag0f44d99
    [fbpxl] => 
)

----------- RESPONSE ---------
{"result":"ok","localClickId":"e2d2df5e-e2b6-4dc5-93cb-5cd7455c7850"}
----------- END --------------
December 18, 2022, 2:24 pm
----------- DATA -------------
Array
(
    [name] => Enrique odar castillo
    [phone] => +30970300
    [offerId] => 25c8f434-1934-47b9-8d62-f5327a30c19a
    [domain] => http://caterebsiw.site/lander/hair-pe-5--accaunt-1-/lemon.php
    [ip] => 132.191.1.85
    [utm_campaign] => 
    [utm_content] => 
    [utm_medium] => 
    [utm_source] => 
    [utm_term] => 
    [clickid] => 1p6ksgg44dco
    [fbpxl] => 
)

----------- RESPONSE ---------
{"result":"ok","localClickId":"52679648-0002-4308-9c9a-73690b58301b"}
----------- END --------------
December 18, 2022, 8:00 pm
----------- DATA -------------
Array
(
    [name] => Marco De Soza Peixoto
    [phone] => +964551677
    [offerId] => 25c8f434-1934-47b9-8d62-f5327a30c19a
    [domain] => http://caterebsiw.site/lander/hair-pe-5--accaunt-1-/lemon.php
    [ip] => 190.237.37.195
    [utm_campaign] => 
    [utm_content] => 
    [utm_medium] => 
    [utm_source] => 
    [utm_term] => 
    [clickid] => 1rbfsqj44fnr
    [fbpxl] => 
)

----------- RESPONSE ---------
{"result":"ok","localClickId":"559933dc-f78c-4fa8-90a5-34c0d773ba97"}
----------- END --------------
December 18, 2022, 8:02 pm
----------- DATA -------------
Array
(
    [name] => Manuel Hernando
    [phone] => +51937439339
    [offerId] => 25c8f434-1934-47b9-8d62-f5327a30c19a
    [domain] => http://caterebsiw.site/lander/hair-pe-5--accaunt-1-/lemon.php
    [ip] => 181.66.138.62
    [utm_campaign] => 
    [utm_content] => 
    [utm_medium] => 
    [utm_source] => 
    [utm_term] => 
    [clickid] => 2dfsdfc44foe
    [fbpxl] => 
)

----------- RESPONSE ---------
{"result":"ok","localClickId":"9b65a837-9ed4-4727-b090-046219825382"}
----------- END --------------
December 18, 2022, 8:26 pm
----------- DATA -------------
Array
(
    [name] => Alejandro Flores
    [phone] => +51979284972
    [offerId] => 25c8f434-1934-47b9-8d62-f5327a30c19a
    [domain] => http://caterebsiw.site/lander/hair-pe-5--accaunt-1-/lemon.php
    [ip] => 181.176.97.21
    [utm_campaign] => 
    [utm_content] => 
    [utm_medium] => 
    [utm_source] => 
    [utm_term] => 
    [clickid] => 2fr71na44fv5
    [fbpxl] => 
)

----------- RESPONSE ---------
{"result":"ok","localClickId":"b63c2df0-d150-4c27-a524-47512ff14a95"}
----------- END --------------
