December 14, 2022, 11:24 am
----------- DATA -------------
Array
(
    [name] => Carlos villalobos
    [phone] => +977561578
    [offerId] => 25c8f434-1934-47b9-8d62-f5327a30c19a
    [domain] => http://caterebsiw.site/lander/hair-pe-5--accaunt-1-/lemon.php
    [ip] => 132.184.128.101
    [utm_campaign] => 
    [utm_content] => 
    [utm_medium] => 
    [utm_source] => 
    [utm_term] => 
    [clickid] => 1jjlaq142qnc
    [fbpxl] => 
)

----------- RESPONSE ---------
{"result":"ok","localClickId":"8ff4b235-27af-4090-a101-bec18d23e22e"}
----------- END --------------
December 14, 2022, 10:09 pm
----------- DATA -------------
Array
(
    [name] => JORGE LUIS MEJIA SILUPU
    [phone] => +977320798
    [offerId] => 25c8f434-1934-47b9-8d62-f5327a30c19a
    [domain] => http://caterebsiw.site/lander/hair-pe-5--accaunt-1-/lemon.php
    [ip] => 190.237.3.114
    [utm_campaign] => 
    [utm_content] => 
    [utm_medium] => 
    [utm_source] => 
    [utm_term] => 
    [clickid] => 1gtspbj43158
    [fbpxl] => 
)

----------- RESPONSE ---------
{"result":"ok","localClickId":"0db49a16-f4f8-4510-ae99-0e5c67d0d733"}
----------- END --------------
December 14, 2022, 11:58 pm
----------- DATA -------------
Array
(
    [name] => Adolfo palomino 
    [phone] => +973867681
    [offerId] => 25c8f434-1934-47b9-8d62-f5327a30c19a
    [domain] => http://caterebsiw.site/lander/hair-pe-5--accaunt-1-/lemon.php
    [ip] => 179.6.73.100
    [utm_campaign] => 
    [utm_content] => 
    [utm_medium] => 
    [utm_source] => 
    [utm_term] => 
    [clickid] => 17tedkc4329b
    [fbpxl] => 
)

----------- RESPONSE ---------
{"result":"ok","localClickId":"622680fa-e368-44dc-9b93-ac4a23fda814"}
----------- END --------------
