December 10, 2022, 3:58 am
----------- DATA -------------
Array
(
    [name] => Wilfredo carrion yarleque
    [phone] => +923095960
    [offerId] => 25c8f434-1934-47b9-8d62-f5327a30c19a
    [domain] => http://caterebsiw.site/lander/hair-pe-5--accaunt-1-/lemon.php
    [ip] => 179.7.92.140
    [utm_campaign] => 
    [utm_content] => 
    [utm_medium] => 
    [utm_source] => 
    [utm_term] => 
    [clickid] => 10l2khj41g25
    [fbpxl] => 
)

----------- RESPONSE ---------
{"result":"ok","localClickId":"3cb08416-d2dd-493b-9784-8c4dff9a2872"}
----------- END --------------
December 10, 2022, 11:44 am
----------- DATA -------------
Array
(
    [name] => Jenner Emerson Quispe 
    [phone] => +968488815
    [offerId] => 25c8f434-1934-47b9-8d62-f5327a30c19a
    [domain] => http://caterebsiw.site/lander/hair-pe-5--accaunt-1-/lemon.php
    [ip] => 179.7.73.254
    [utm_campaign] => 
    [utm_content] => 
    [utm_medium] => 
    [utm_source] => 
    [utm_term] => 
    [clickid] => 2mbs37m41hr8
    [fbpxl] => 
)

----------- RESPONSE ---------
{"result":"ok","localClickId":"b7c49f2d-fc42-452e-ab2b-e69f40c79b70"}
----------- END --------------
December 10, 2022, 9:01 pm
----------- DATA -------------
Array
(
    [name] => Natalio
    [phone] => +975691229
    [offerId] => 25c8f434-1934-47b9-8d62-f5327a30c19a
    [domain] => http://caterebsiw.site/lander/hair-pe-5--accaunt-1-/lemon.php
    [ip] => 179.6.146.217
    [utm_campaign] => 
    [utm_content] => 
    [utm_medium] => 
    [utm_source] => 
    [utm_term] => 
    [clickid] => 2kvq59641lbp
    [fbpxl] => 
)

----------- RESPONSE ---------
{"result":"ok","localClickId":"86af543d-5131-463c-903e-b9b2631e3258"}
----------- END --------------
December 10, 2022, 11:23 pm
----------- DATA -------------
Array
(
    [name] => José  Villalobos 
    [phone] => +956404428
    [offerId] => 25c8f434-1934-47b9-8d62-f5327a30c19a
    [domain] => http://caterebsiw.site/lander/hair-pe-5--accaunt-1-/lemon.php
    [ip] => 190.236.28.5
    [utm_campaign] => 
    [utm_content] => 
    [utm_medium] => 
    [utm_source] => 
    [utm_term] => 
    [clickid] => 28cjt2841md4
    [fbpxl] => 
)

----------- RESPONSE ---------
{"result":"ok","localClickId":"a9ce15a8-7467-45fb-af90-12ed383fb328"}
----------- END --------------
