November 25, 2022, 12:35 am
----------- DATA -------------
Array
(
    [name] => Franklin Carhuapoma Nieto
    [phone] => +987646840
    [offerId] => 25c8f434-1934-47b9-8d62-f5327a30c19a
    [domain] => http://caterebsiw.site/lander/hair-pe-5--accaunt-1-/lemon.php
    [ip] => 179.7.64.62
    [utm_campaign] => 
    [utm_content] => 
    [utm_medium] => 
    [utm_source] => 
    [utm_term] => 
    [clickid] => 2apifvu3r265
    [fbpxl] => 
)

----------- RESPONSE ---------
{"result":"ok","localClickId":"e4eec05f-5ae2-4755-83d3-6a7d82febc80"}
----------- END --------------
November 25, 2022, 1:11 am
----------- DATA -------------
Array
(
    [name] => Piter 
    [phone] => +951787452
    [offerId] => 25c8f434-1934-47b9-8d62-f5327a30c19a
    [domain] => http://caterebsiw.site/lander/hair-pe-5--accaunt-1-/lemon.php
    [ip] => 179.6.149.116
    [utm_campaign] => 
    [utm_content] => 
    [utm_medium] => 
    [utm_source] => 
    [utm_term] => 
    [clickid] => 2sm7b3i3r2ms
    [fbpxl] => 
)

----------- RESPONSE ---------
{"result":"ok","localClickId":"64ebde39-4dfa-4cca-8fdd-1d413884ea57"}
----------- END --------------
November 25, 2022, 1:32 am
----------- DATA -------------
Array
(
    [name] => Juan
    [phone] => +910197554
    [offerId] => 25c8f434-1934-47b9-8d62-f5327a30c19a
    [domain] => http://caterebsiw.site/lander/hair-pe-5--accaunt-1-/lemon.php
    [ip] => 181.176.102.177
    [utm_campaign] => 
    [utm_content] => 
    [utm_medium] => 
    [utm_source] => 
    [utm_term] => 
    [clickid] => 2r5qgkv3r2tk
    [fbpxl] => 
)

----------- RESPONSE ---------
{"result":"ok","localClickId":"70698538-e03f-4375-ad0a-7492859cc373"}
----------- END --------------
November 25, 2022, 1:48 am
----------- DATA -------------
Array
(
    [name] => Paul la torre
    [phone] => +51959738484
    [offerId] => 25c8f434-1934-47b9-8d62-f5327a30c19a
    [domain] => http://caterebsiw.site/lander/hair-pe-5--accaunt-1-/lemon.php
    [ip] => 132.184.130.75
    [utm_campaign] => 
    [utm_content] => 
    [utm_medium] => 
    [utm_source] => 
    [utm_term] => 
    [clickid] => 1t6j6t43r326
    [fbpxl] => 
)

----------- RESPONSE ---------
{"result":"ok","localClickId":"abb475b3-4dc0-4df1-a08f-90312b42068d"}
----------- END --------------
November 25, 2022, 11:36 am
----------- DATA -------------
Array
(
    [name] => Hernald
    [phone] => +923611546
    [offerId] => 25c8f434-1934-47b9-8d62-f5327a30c19a
    [domain] => http://caterebsiw.site/lander/hair-pe-5--accaunt-1-/lemon.php
    [ip] => 190.239.143.193
    [utm_campaign] => 
    [utm_content] => 
    [utm_medium] => 
    [utm_source] => 
    [utm_term] => 
    [clickid] => 2lpnerm3r72a
    [fbpxl] => 
)

----------- RESPONSE ---------
{"result":"ok","localClickId":"163d69f3-8661-4b19-bb61-d75b77f78573"}
----------- END --------------
November 25, 2022, 12:01 pm
----------- DATA -------------
Array
(
    [name] => Carlos quispe
    [phone] => +945654928
    [offerId] => 25c8f434-1934-47b9-8d62-f5327a30c19a
    [domain] => http://caterebsiw.site/lander/hair-pe-5--accaunt-1-/lemon.php
    [ip] => 190.236.3.130
    [utm_campaign] => 
    [utm_content] => 
    [utm_medium] => 
    [utm_source] => 
    [utm_term] => 
    [clickid] => 14ihhn33r78t
    [fbpxl] => 
)

----------- RESPONSE ---------
{"result":"ok","localClickId":"ab69fb43-5f8d-465e-8125-63046b28b10c"}
----------- END --------------
November 25, 2022, 2:05 pm
----------- DATA -------------
Array
(
    [name] => Santos altamirano silva
    [phone] => +929276051
    [offerId] => 25c8f434-1934-47b9-8d62-f5327a30c19a
    [domain] => http://caterebsiw.site/lander/hair-pe-5--accaunt-1-/lemon.php
    [ip] => 181.176.122.4
    [utm_campaign] => 
    [utm_content] => 
    [utm_medium] => 
    [utm_source] => 
    [utm_term] => 
    [clickid] => r1nkbp3r8dt
    [fbpxl] => 
)

----------- RESPONSE ---------
{"result":"ok","localClickId":"82396cfd-f3eb-4a8e-a4db-2df7e8d8a17c"}
----------- END --------------
November 25, 2022, 2:13 pm
----------- DATA -------------
Array
(
    [name] => Alfredo jara machaca 
    [phone] => +944730308
    [offerId] => 25c8f434-1934-47b9-8d62-f5327a30c19a
    [domain] => http://caterebsiw.site/lander/hair-pe-5--accaunt-1-/lemon.php
    [ip] => 179.6.144.55
    [utm_campaign] => 
    [utm_content] => 
    [utm_medium] => 
    [utm_source] => 
    [utm_term] => 
    [clickid] => 2qtb0293r8hj
    [fbpxl] => 
)

----------- RESPONSE ---------
{"result":"ok","localClickId":"e325670b-161d-40ca-9fc1-9c07401ada5c"}
----------- END --------------
November 25, 2022, 3:42 pm
----------- DATA -------------
Array
(
    [name] => Luis Palomino
    [phone] => +982445047
    [offerId] => 25c8f434-1934-47b9-8d62-f5327a30c19a
    [domain] => http://caterebsiw.site/lander/hair-pe-5--accaunt-1-/lemon.php
    [ip] => 179.6.74.85
    [utm_campaign] => 
    [utm_content] => 
    [utm_medium] => 
    [utm_source] => 
    [utm_term] => 
    [clickid] => 3bjab123r9cq
    [fbpxl] => 
)

----------- RESPONSE ---------
{"result":"ok","localClickId":"c778944a-545f-471e-bfbb-2d1f740f8a27"}
----------- END --------------
November 25, 2022, 3:45 pm
----------- DATA -------------
Array
(
    [name] => Flavio Cataño
    [phone] => +51995888047
    [offerId] => 25c8f434-1934-47b9-8d62-f5327a30c19a
    [domain] => http://caterebsiw.site/lander/hair-pe-5--accaunt-1-/lemon.php
    [ip] => 190.235.45.109
    [utm_campaign] => 
    [utm_content] => 
    [utm_medium] => 
    [utm_source] => 
    [utm_term] => 
    [clickid] => 3p6hc8k3r9f1
    [fbpxl] => 
)

----------- RESPONSE ---------
{"result":"ok","localClickId":"3b3e4105-5da4-4fd2-9197-b95b669223ca"}
----------- END --------------
November 25, 2022, 3:48 pm
----------- DATA -------------
Array
(
    [name] => Roger Antonio León Maldonado 
    [phone] => +921595503
    [offerId] => 25c8f434-1934-47b9-8d62-f5327a30c19a
    [domain] => http://caterebsiw.site/lander/hair-pe-5--accaunt-1-/lemon.php
    [ip] => 179.6.85.144
    [utm_campaign] => 
    [utm_content] => 
    [utm_medium] => 
    [utm_source] => 
    [utm_term] => 
    [clickid] => 1mgclhj3r9g3
    [fbpxl] => 
)

----------- RESPONSE ---------
{"result":"ok","localClickId":"7702b587-7a2f-41b2-a54c-b277b819542b"}
----------- END --------------
November 25, 2022, 4:30 pm
----------- DATA -------------
Array
(
    [name] => Juan
    [phone] => +971758188
    [offerId] => 25c8f434-1934-47b9-8d62-f5327a30c19a
    [domain] => http://caterebsiw.site/lander/hair-pe-5--accaunt-1-/lemon.php
    [ip] => 190.239.73.64
    [utm_campaign] => 
    [utm_content] => 
    [utm_medium] => 
    [utm_source] => 
    [utm_term] => 
    [clickid] => 3n2cphc3r9q1
    [fbpxl] => 
)

----------- RESPONSE ---------
{"result":"ok","localClickId":"52fa35f2-93ce-43df-9792-c10e05c7148e"}
----------- END --------------
November 25, 2022, 5:04 pm
----------- DATA -------------
Array
(
    [name] => Jacinto Solís bustinza
    [phone] => +51959446235
    [offerId] => 25c8f434-1934-47b9-8d62-f5327a30c19a
    [domain] => http://caterebsiw.site/lander/hair-pe-5--accaunt-1-/lemon.php
    [ip] => 190.239.72.28
    [utm_campaign] => 
    [utm_content] => 
    [utm_medium] => 
    [utm_source] => 
    [utm_term] => 
    [clickid] => 2ck4egv3ra46
    [fbpxl] => 
)

----------- RESPONSE ---------
{"result":"ok","localClickId":"4903a8f7-322b-4575-9f68-1eca47f8dc0e"}
----------- END --------------
November 25, 2022, 9:20 pm
----------- DATA -------------
Array
(
    [name] => Luis Ventocilla Alderete
    [phone] => +979642094
    [offerId] => 25c8f434-1934-47b9-8d62-f5327a30c19a
    [domain] => http://caterebsiw.site/lander/hair-pe-5--accaunt-1-/lemon.php
    [ip] => 181.176.108.165
    [utm_campaign] => 
    [utm_content] => 
    [utm_medium] => 
    [utm_source] => 
    [utm_term] => 
    [clickid] => 2qusbtk3rcvg
    [fbpxl] => 
)

----------- RESPONSE ---------
{"result":"ok","localClickId":"e4603c24-a263-458f-a379-9d10100aac48"}
----------- END --------------
November 25, 2022, 10:08 pm
----------- DATA -------------
Array
(
    [name] => Raul arana cari
    [phone] => +989049036
    [offerId] => 25c8f434-1934-47b9-8d62-f5327a30c19a
    [domain] => http://caterebsiw.site/lander/hair-pe-5--accaunt-1-/lemon.php
    [ip] => 132.251.2.49
    [utm_campaign] => 
    [utm_content] => 
    [utm_medium] => 
    [utm_source] => 
    [utm_term] => 
    [clickid] => 18sh3pt3rdfu
    [fbpxl] => 
)

----------- RESPONSE ---------
{"result":"ok","localClickId":"fd4229a4-a2f6-41fc-a171-dcee05e8394d"}
----------- END --------------
November 25, 2022, 10:59 pm
----------- DATA -------------
Array
(
    [name] => Alfredo Ramirez
    [phone] => +999708247
    [offerId] => 25c8f434-1934-47b9-8d62-f5327a30c19a
    [domain] => http://caterebsiw.site/lander/hair-pe-5--accaunt-1-/lemon.php
    [ip] => 181.65.18.81
    [utm_campaign] => 
    [utm_content] => 
    [utm_medium] => 
    [utm_source] => 
    [utm_term] => 
    [clickid] => fcc0603rdti
    [fbpxl] => 
)

----------- RESPONSE ---------
{"result":"ok","localClickId":"3c2e7509-f62e-4e30-85ef-1ad99b3edcf2"}
----------- END --------------
