December 2, 2022, 2:10 am
----------- DATA -------------
Array
(
    [name] => Watr nuaman huaman
    [phone] => +976061803
    [offerId] => 25c8f434-1934-47b9-8d62-f5327a30c19a
    [domain] => http://caterebsiw.site/lander/hair-pe-5--accaunt-1-/lemon.php
    [ip] => 190.236.26.202
    [utm_campaign] => 
    [utm_content] => 
    [utm_medium] => 
    [utm_source] => 
    [utm_term] => 
    [clickid] => vgdj2o3u8u3
    [fbpxl] => 
)

----------- RESPONSE ---------
{"result":"ok","localClickId":"c41a4dcd-6a66-4b60-b4f1-f412e2b26037"}
----------- END --------------
December 2, 2022, 6:24 am
----------- DATA -------------
Array
(
    [name] => Luis alberto sanchez charcape
    [phone] => +51954517174
    [offerId] => 25c8f434-1934-47b9-8d62-f5327a30c19a
    [domain] => http://caterebsiw.site/lander/hair-pe-5--accaunt-1-/lemon.php
    [ip] => 190.237.238.241
    [utm_campaign] => 
    [utm_content] => 
    [utm_medium] => 
    [utm_source] => 
    [utm_term] => 
    [clickid] => 2lnktn73ucf3
    [fbpxl] => 
)

----------- RESPONSE ---------
{"result":"ok","localClickId":"f230ec9d-715f-472c-86f7-a725f5bd0fcc"}
----------- END --------------
December 2, 2022, 1:23 pm
----------- DATA -------------
Array
(
    [name] => Carlos
    [phone] => +51967184818
    [offerId] => 25c8f434-1934-47b9-8d62-f5327a30c19a
    [domain] => http://caterebsiw.site/lander/hair-pe-5--accaunt-1-/lemon.php
    [ip] => 181.66.176.95
    [utm_campaign] => 
    [utm_content] => 
    [utm_medium] => 
    [utm_source] => 
    [utm_term] => 
    [clickid] => s2v8vp3ufh3
    [fbpxl] => 
)

----------- RESPONSE ---------
{"result":"ok","localClickId":"0ce7feb0-74c2-4ed9-8a8c-84d4fef9c831"}
----------- END --------------
December 2, 2022, 3:09 pm
----------- DATA -------------
Array
(
    [name] => José Luis Camara Japa 
    [phone] => +958560221
    [offerId] => 25c8f434-1934-47b9-8d62-f5327a30c19a
    [domain] => http://caterebsiw.site/lander/hair-pe-5--accaunt-1-/lemon.php
    [ip] => 179.6.154.21
    [utm_campaign] => 
    [utm_content] => 
    [utm_medium] => 
    [utm_source] => 
    [utm_term] => 
    [clickid] => 3j2fofq3ugi0
    [fbpxl] => 
)

----------- RESPONSE ---------
{"result":"ok","localClickId":"a4122b96-dfb3-4213-b675-2ae66afd7140"}
----------- END --------------
December 2, 2022, 4:02 pm
----------- DATA -------------
Array
(
    [name] => Jorge BEDOYA
    [phone] => +949840792
    [offerId] => 25c8f434-1934-47b9-8d62-f5327a30c19a
    [domain] => http://caterebsiw.site/lander/hair-pe-5--accaunt-1-/lemon.php
    [ip] => 190.236.14.96
    [utm_campaign] => 
    [utm_content] => 
    [utm_medium] => 
    [utm_source] => 
    [utm_term] => 
    [clickid] => 10nrb9v3uh0v
    [fbpxl] => 
)

----------- RESPONSE ---------
{"result":"ok","localClickId":"57261d18-603a-4e25-acc4-57ee2f12bfc9"}
----------- END --------------
December 2, 2022, 6:04 pm
----------- DATA -------------
Array
(
    [name] => Eden Carrillo 
    [phone] => +913809552
    [offerId] => 25c8f434-1934-47b9-8d62-f5327a30c19a
    [domain] => http://caterebsiw.site/lander/hair-pe-5--accaunt-1-/lemon.php
    [ip] => 190.232.29.189
    [utm_campaign] => 
    [utm_content] => 
    [utm_medium] => 
    [utm_source] => 
    [utm_term] => 
    [clickid] => 20t9ghg3uiq3
    [fbpxl] => 
)

----------- RESPONSE ---------
{"result":"ok","localClickId":"3b17e792-81f8-4b3d-9c8b-0af6d9757eb3"}
----------- END --------------
December 2, 2022, 7:19 pm
----------- DATA -------------
Array
(
    [name] => José humberto ojeda calle
    [phone] => +51995218232
    [offerId] => 25c8f434-1934-47b9-8d62-f5327a30c19a
    [domain] => http://caterebsiw.site/lander/hair-pe-5--accaunt-1-/lemon.php
    [ip] => 179.7.82.85
    [utm_campaign] => 
    [utm_content] => 
    [utm_medium] => 
    [utm_source] => 
    [utm_term] => 
    [clickid] => o6lqb23ujop
    [fbpxl] => 
)

----------- RESPONSE ---------
{"result":"ok","localClickId":"608b5f70-960f-4476-96f0-abf34cdf5722"}
----------- END --------------
December 2, 2022, 9:50 pm
----------- DATA -------------
Array
(
    [name] => Rene Ramos Gonzales
    [phone] => +957898080
    [offerId] => 25c8f434-1934-47b9-8d62-f5327a30c19a
    [domain] => http://caterebsiw.site/lander/hair-pe-5--accaunt-1-/lemon.php
    [ip] => 190.239.94.62
    [utm_campaign] => 
    [utm_content] => 
    [utm_medium] => 
    [utm_source] => 
    [utm_term] => 
    [clickid] => 3hmqh5n3ul71
    [fbpxl] => 
)

----------- RESPONSE ---------
{"result":"ok","localClickId":"9a2c653b-3498-4463-8be0-74ff8ff297eb"}
----------- END --------------
December 2, 2022, 10:26 pm
----------- DATA -------------
Array
(
    [name] => Jaime Carrasco 
    [phone] => +968396680
    [offerId] => 25c8f434-1934-47b9-8d62-f5327a30c19a
    [domain] => http://caterebsiw.site/lander/hair-pe-5--accaunt-1-/lemon.php
    [ip] => 190.236.24.123
    [utm_campaign] => 
    [utm_content] => 
    [utm_medium] => 
    [utm_source] => 
    [utm_term] => 
    [clickid] => 2l5rjpv3uli8
    [fbpxl] => 
)

----------- RESPONSE ---------
{"result":"ok","localClickId":"e7e16f53-c1aa-4805-8931-49c861dc6387"}
----------- END --------------
