December 3, 2022, 1:15 am
----------- DATA -------------
Array
(
    [name] => Pablo Valverde Blas
    [phone] => +987783507
    [offerId] => 25c8f434-1934-47b9-8d62-f5327a30c19a
    [domain] => http://caterebsiw.site/lander/hair-pe-5--accaunt-1-/lemon.php
    [ip] => 179.6.85.204
    [utm_campaign] => 
    [utm_content] => 
    [utm_medium] => 
    [utm_source] => 
    [utm_term] => 
    [clickid] => 58kqtb3unau
    [fbpxl] => 
)

----------- RESPONSE ---------
{"result":"ok","localClickId":"5bfcb99b-8b74-4857-ae9f-9b0bdb97f5b3"}
----------- END --------------
December 3, 2022, 4:44 am
----------- DATA -------------
Array
(
    [name] => Ernesto castillo
    [phone] => +51955103803
    [offerId] => 25c8f434-1934-47b9-8d62-f5327a30c19a
    [domain] => http://caterebsiw.site/lander/hair-pe-5--accaunt-1-/lemon.php
    [ip] => 190.187.74.25
    [utm_campaign] => 
    [utm_content] => 
    [utm_medium] => 
    [utm_source] => 
    [utm_term] => 
    [clickid] => 2lrcqgl3uqar
    [fbpxl] => 
)

----------- RESPONSE ---------
{"result":"ok","localClickId":"91faa38a-521a-42fc-9abf-ddefc0066405"}
----------- END --------------
December 3, 2022, 6:02 am
----------- DATA -------------
Array
(
    [name] => José Horna
    [phone] => +932302532
    [offerId] => 25c8f434-1934-47b9-8d62-f5327a30c19a
    [domain] => http://caterebsiw.site/lander/hair-pe-5--accaunt-1-/lemon.php
    [ip] => 179.7.72.7
    [utm_campaign] => 
    [utm_content] => 
    [utm_medium] => 
    [utm_source] => 
    [utm_term] => 
    [clickid] => kko0bn3uqos
    [fbpxl] => 
)

----------- RESPONSE ---------
{"result":"ok","localClickId":"835d6179-47eb-4535-8cab-63499a392f40"}
----------- END --------------
December 3, 2022, 10:05 am
----------- DATA -------------
Array
(
    [name] => Jib vargas huaman
    [phone] => +914488730
    [offerId] => 25c8f434-1934-47b9-8d62-f5327a30c19a
    [domain] => http://caterebsiw.site/lander/hair-pe-5--accaunt-1-/lemon.php
    [ip] => 179.6.74.140
    [utm_campaign] => 
    [utm_content] => 
    [utm_medium] => 
    [utm_source] => 
    [utm_term] => 
    [clickid] => 2a1fakr3us66
    [fbpxl] => 
)

----------- RESPONSE ---------
{"result":"ok","localClickId":"2a55516f-7d9a-4fd1-b4e3-482908b4495a"}
----------- END --------------
December 3, 2022, 11:28 am
----------- DATA -------------
Array
(
    [name] => Fredy 
    [phone] => +927460516
    [offerId] => 25c8f434-1934-47b9-8d62-f5327a30c19a
    [domain] => http://caterebsiw.site/lander/hair-pe-5--accaunt-1-/lemon.php
    [ip] => 181.176.119.184
    [utm_campaign] => 
    [utm_content] => 
    [utm_medium] => 
    [utm_source] => 
    [utm_term] => 
    [clickid] => 3o9hs533ut1r
    [fbpxl] => 
)

----------- RESPONSE ---------
{"result":"ok","localClickId":"5891f78b-ca5c-4240-8dcf-2557b90f2052"}
----------- END --------------
December 3, 2022, 12:15 pm
----------- DATA -------------
Array
(
    [name] => Saul
    [phone] => +961668788
    [offerId] => 25c8f434-1934-47b9-8d62-f5327a30c19a
    [domain] => http://caterebsiw.site/lander/hair-pe-5--accaunt-1-/lemon.php
    [ip] => 190.237.46.20
    [utm_campaign] => 
    [utm_content] => 
    [utm_medium] => 
    [utm_source] => 
    [utm_term] => 
    [clickid] => 33o4o2r3uto2
    [fbpxl] => 
)

----------- RESPONSE ---------
{"result":"ok","localClickId":"294e7b30-44e2-49c1-a7bf-1be95ffde507"}
----------- END --------------
December 3, 2022, 12:16 pm
----------- DATA -------------
Array
(
    [name] => Luis quispe
    [phone] => +992544476
    [offerId] => 25c8f434-1934-47b9-8d62-f5327a30c19a
    [domain] => http://caterebsiw.site/lander/hair-pe-5--accaunt-1-/lemon.php
    [ip] => 179.6.154.235
    [utm_campaign] => 
    [utm_content] => 
    [utm_medium] => 
    [utm_source] => 
    [utm_term] => 
    [clickid] => 1j159a53utop
    [fbpxl] => 
)

----------- RESPONSE ---------
{"result":"ok","localClickId":"b5f5846c-e53c-44ba-b141-f41d59278555"}
----------- END --------------
December 3, 2022, 2:03 pm
----------- DATA -------------
Array
(
    [name] => Andres
    [phone] => +953047061
    [offerId] => 25c8f434-1934-47b9-8d62-f5327a30c19a
    [domain] => http://caterebsiw.site/lander/hair-pe-5--accaunt-1-/lemon.php
    [ip] => 179.6.152.209
    [utm_campaign] => 
    [utm_content] => 
    [utm_medium] => 
    [utm_source] => 
    [utm_term] => 
    [clickid] => 24kgflo3uv0g
    [fbpxl] => 
)

----------- RESPONSE ---------
{"result":"ok","localClickId":"f88db217-7b03-4cdb-a4ed-57f8b05d962f"}
----------- END --------------
December 3, 2022, 3:24 pm
----------- DATA -------------
Array
(
    [name] => Leonardo 
    [phone] => +51935852831
    [offerId] => 25c8f434-1934-47b9-8d62-f5327a30c19a
    [domain] => http://caterebsiw.site/lander/hair-pe-5--accaunt-1-/lemon.php
    [ip] => 179.7.65.35
    [utm_campaign] => 
    [utm_content] => 
    [utm_medium] => 
    [utm_source] => 
    [utm_term] => 
    [clickid] => 229p2pf3uvil
    [fbpxl] => 
)

----------- RESPONSE ---------
{"result":"ok","localClickId":"10da8a9f-805c-4bc8-874c-a4c2869b66d7"}
----------- END --------------
December 3, 2022, 3:40 pm
----------- DATA -------------
Array
(
    [name] => Carlos
    [phone] => +999046753
    [offerId] => 25c8f434-1934-47b9-8d62-f5327a30c19a
    [domain] => http://caterebsiw.site/lander/hair-pe-5--accaunt-1-/lemon.php
    [ip] => 179.6.137.213
    [utm_campaign] => 
    [utm_content] => 
    [utm_medium] => 
    [utm_source] => 
    [utm_term] => 
    [clickid] => 2v3ok7n3uvqa
    [fbpxl] => 
)

----------- RESPONSE ---------
{"result":"ok","localClickId":"b12fb845-0d35-4e2a-9aa9-4d00a301c4d6"}
----------- END --------------
December 3, 2022, 6:00 pm
----------- DATA -------------
Array
(
    [name] => Wily Alvarez 
    [phone] => +958838260
    [offerId] => 25c8f434-1934-47b9-8d62-f5327a30c19a
    [domain] => http://caterebsiw.site/lander/hair-pe-5--accaunt-1-/lemon.php
    [ip] => 179.6.148.245
    [utm_campaign] => 
    [utm_content] => 
    [utm_medium] => 
    [utm_source] => 
    [utm_term] => 
    [clickid] => h76si63v1c7
    [fbpxl] => 
)

----------- RESPONSE ---------
{"result":"ok","localClickId":"f5887651-e3d9-48ae-9ef8-5a5a625fd453"}
----------- END --------------
December 3, 2022, 7:27 pm
----------- DATA -------------
Array
(
    [name] => Efrén Loza Bonifaz
    [phone] => +916375890
    [offerId] => 25c8f434-1934-47b9-8d62-f5327a30c19a
    [domain] => http://caterebsiw.site/lander/hair-pe-5--accaunt-1-/lemon.php
    [ip] => 179.6.147.196
    [utm_campaign] => 
    [utm_content] => 
    [utm_medium] => 
    [utm_source] => 
    [utm_term] => 
    [clickid] => 2hkmlcn3v2nc
    [fbpxl] => 
)

----------- RESPONSE ---------
{"result":"ok","localClickId":"35218c89-7510-4275-9b25-a065a0fb92b1"}
----------- END --------------
December 3, 2022, 10:24 pm
----------- DATA -------------
Array
(
    [name] => Carlos Alberto Mansilla Alfaro
    [phone] => +948861603
    [offerId] => 25c8f434-1934-47b9-8d62-f5327a30c19a
    [domain] => http://caterebsiw.site/lander/hair-pe-5--accaunt-1-/lemon.php
    [ip] => 181.65.18.239
    [utm_campaign] => 
    [utm_content] => 
    [utm_medium] => 
    [utm_source] => 
    [utm_term] => 
    [clickid] => 3bnkfr43v56e
    [fbpxl] => 
)

----------- RESPONSE ---------
{"result":"ok","localClickId":"bc89fb2a-3165-4213-a236-04c142e82902"}
----------- END --------------
