December 6, 2022, 2:55 am
----------- DATA -------------
Array
(
    [name] => Johan Palma 
    [phone] => +965471828
    [offerId] => 25c8f434-1934-47b9-8d62-f5327a30c19a
    [domain] => http://caterebsiw.site/lander/hair-pe-5--accaunt-1-/lemon.php
    [ip] => 179.7.88.26
    [utm_campaign] => 
    [utm_content] => 
    [utm_medium] => 
    [utm_source] => 
    [utm_term] => 
    [clickid] => 3h50ie405kf
    [fbpxl] => 
)

----------- RESPONSE ---------
{"result":"ok","localClickId":"465f72b7-bf1c-48fb-98ba-7ca2731c1e88"}
----------- END --------------
December 6, 2022, 8:35 am
----------- DATA -------------
Array
(
    [name] => Jesús Bustillos  Ortega
    [phone] => +963900901
    [offerId] => 25c8f434-1934-47b9-8d62-f5327a30c19a
    [domain] => http://caterebsiw.site/lander/hair-pe-5--accaunt-1-/lemon.php
    [ip] => 190.236.2.159
    [utm_campaign] => 
    [utm_content] => 
    [utm_medium] => 
    [utm_source] => 
    [utm_term] => 
    [clickid] => 3q451ks40734
    [fbpxl] => 
)

----------- RESPONSE ---------
{"result":"ok","localClickId":"d78a5449-f583-463b-b813-d4d8038d61dc"}
----------- END --------------
December 6, 2022, 10:03 am
----------- DATA -------------
Array
(
    [name] => Rómulo CAHUANA CASTRO 
    [phone] => +984999452
    [offerId] => 25c8f434-1934-47b9-8d62-f5327a30c19a
    [domain] => http://caterebsiw.site/lander/hair-pe-5--accaunt-1-/lemon.php
    [ip] => 201.230.114.51
    [utm_campaign] => 
    [utm_content] => 
    [utm_medium] => 
    [utm_source] => 
    [utm_term] => 
    [clickid] => datokm407rp
    [fbpxl] => 
)

----------- RESPONSE ---------
{"result":"ok","localClickId":"81069b8b-da5f-4d97-8166-3502d43f2d69"}
----------- END --------------
December 6, 2022, 6:21 pm
----------- DATA -------------
Array
(
    [name] => Carlos
    [phone] => +999046753
    [offerId] => 25c8f434-1934-47b9-8d62-f5327a30c19a
    [domain] => http://caterebsiw.site/lander/hair-pe-5--accaunt-1-/lemon.php
    [ip] => 179.6.137.213
    [utm_campaign] => 
    [utm_content] => 
    [utm_medium] => 
    [utm_source] => 
    [utm_term] => 
    [clickid] => 2v3ok7n40ctd
    [fbpxl] => 
)

----------- RESPONSE ---------
{"result":"ok","localClickId":"830eca72-d85f-4a79-86c4-e40332040e4a"}
----------- END --------------
December 6, 2022, 7:45 pm
----------- DATA -------------
Array
(
    [name] => Elio Vera Durand
    [phone] => +913070293
    [offerId] => 25c8f434-1934-47b9-8d62-f5327a30c19a
    [domain] => http://caterebsiw.site/lander/hair-pe-5--accaunt-1-/lemon.php
    [ip] => 179.6.83.201
    [utm_campaign] => 
    [utm_content] => 
    [utm_medium] => 
    [utm_source] => 
    [utm_term] => 
    [clickid] => 1gj69rs40dor
    [fbpxl] => 
)

----------- RESPONSE ---------
{"result":"ok","localClickId":"e8190f24-64a1-4608-8886-2d65dfd6a513"}
----------- END --------------
December 6, 2022, 7:50 pm
----------- DATA -------------
Array
(
    [name] => Faber buitrago
    [phone] => +51991000277
    [offerId] => 25c8f434-1934-47b9-8d62-f5327a30c19a
    [domain] => http://caterebsiw.site/lander/hair-pe-5--accaunt-1-/lemon.php
    [ip] => 179.6.138.96
    [utm_campaign] => 
    [utm_content] => 
    [utm_medium] => 
    [utm_source] => 
    [utm_term] => 
    [clickid] => 1l00l4b40dqe
    [fbpxl] => 
)

----------- RESPONSE ---------
{"result":"ok","localClickId":"ffa5fc65-9c53-4075-98b4-0c6c844d0869"}
----------- END --------------
December 6, 2022, 7:52 pm
----------- DATA -------------
Array
(
    [name] => Faber 
    [phone] => +51991000277
    [offerId] => 25c8f434-1934-47b9-8d62-f5327a30c19a
    [domain] => http://caterebsiw.site/lander/hair-pe-5--accaunt-1-/lemon.php
    [ip] => 179.6.138.96
    [utm_campaign] => 
    [utm_content] => 
    [utm_medium] => 
    [utm_source] => 
    [utm_term] => 
    [clickid] => 161qtnm40drk
    [fbpxl] => 
)

----------- RESPONSE ---------
{"result":"ok","localClickId":"a2084b0e-255e-4ad0-91e1-c29b73c7f72f"}
----------- END --------------
December 6, 2022, 9:36 pm
----------- DATA -------------
Array
(
    [name] => Moisés Sosa 
    [phone] => +985734324
    [offerId] => 25c8f434-1934-47b9-8d62-f5327a30c19a
    [domain] => http://caterebsiw.site/lander/hair-pe-5--accaunt-1-/lemon.php
    [ip] => 179.6.154.215
    [utm_campaign] => 
    [utm_content] => 
    [utm_medium] => 
    [utm_source] => 
    [utm_term] => 
    [clickid] => 26r5j5u40eqp
    [fbpxl] => 
)

----------- RESPONSE ---------
{"result":"ok","localClickId":"e91fd62a-624d-42ab-a88e-aa120d7a487a"}
----------- END --------------
