November 30, 2022, 3:56 am
----------- DATA -------------
Array
(
    [name] => Rodríguez reyes Richard 
    [phone] => +939593428
    [offerId] => 25c8f434-1934-47b9-8d62-f5327a30c19a
    [domain] => http://caterebsiw.site/lander/hair-pe-5--accaunt-1-/lemon.php
    [ip] => 190.42.33.157
    [utm_campaign] => 
    [utm_content] => 
    [utm_medium] => 
    [utm_source] => 
    [utm_term] => 
    [clickid] => 232jttc3t94p
    [fbpxl] => 
)

----------- RESPONSE ---------
{"result":"ok","localClickId":"e787d965-bc33-4557-ac68-486977132218"}
----------- END --------------
November 30, 2022, 11:12 am
----------- DATA -------------
Array
(
    [name] => Fredi
    [phone] => +928988964
    [offerId] => 25c8f434-1934-47b9-8d62-f5327a30c19a
    [domain] => http://caterebsiw.site/lander/hair-pe-5--accaunt-1-/lemon.php
    [ip] => 181.176.123.53
    [utm_campaign] => 
    [utm_content] => 
    [utm_medium] => 
    [utm_source] => 
    [utm_term] => 
    [clickid] => kf6hmp3tbuj
    [fbpxl] => 
)

----------- RESPONSE ---------
{"result":"ok","localClickId":"6ec68a8f-7194-42fd-be36-02fe392334ee"}
----------- END --------------
November 30, 2022, 5:59 pm
----------- DATA -------------
Array
(
    [name] => Miguel Angel Del Rosario Pomar
    [phone] => +985281408
    [offerId] => 25c8f434-1934-47b9-8d62-f5327a30c19a
    [domain] => http://caterebsiw.site/lander/hair-pe-5--accaunt-1-/lemon.php
    [ip] => 179.6.91.172
    [utm_campaign] => 
    [utm_content] => 
    [utm_medium] => 
    [utm_source] => 
    [utm_term] => 
    [clickid] => 1s2jln63tgp9
    [fbpxl] => 
)

----------- RESPONSE ---------
{"result":"ok","localClickId":"08c56526-1aa0-401a-9457-032bc475c673"}
----------- END --------------
November 30, 2022, 9:32 pm
----------- DATA -------------
Array
(
    [name] => luis cardenas
    [phone] => +943080066
    [offerId] => 25c8f434-1934-47b9-8d62-f5327a30c19a
    [domain] => http://caterebsiw.site/lander/hair-pe-5--accaunt-1-/lemon.php
    [ip] => 191.97.61.230
    [utm_campaign] => 
    [utm_content] => 
    [utm_medium] => 
    [utm_source] => 
    [utm_term] => 
    [clickid] => 1v7h7ku3tjhn
    [fbpxl] => 
)

----------- RESPONSE ---------
{"result":"ok","localClickId":"1a4c72ba-de17-4cc1-80a7-f1848fcdb7eb"}
----------- END --------------
November 30, 2022, 10:42 pm
----------- DATA -------------
Array
(
    [name] => José Luis Latorre 
    [phone] => +51984630953
    [offerId] => 25c8f434-1934-47b9-8d62-f5327a30c19a
    [domain] => http://caterebsiw.site/lander/hair-pe-5--accaunt-1-/lemon.php
    [ip] => 201.230.114.216
    [utm_campaign] => 
    [utm_content] => 
    [utm_medium] => 
    [utm_source] => 
    [utm_term] => 
    [clickid] => 3l783bu3tkdj
    [fbpxl] => 
)

----------- RESPONSE ---------
{"result":"ok","localClickId":"7d9f4ae2-d7da-4042-bc3b-b40756b35f03"}
----------- END --------------
