February 13, 2023, 2:50 pm
----------- DATA -------------
Array
(
    [name] => Jose Villanueva
    [phone] => +949916278
    [offerId] => 25c8f434-1934-47b9-8d62-f5327a30c19a
    [domain] => http://finalcjfyi.site/lander/hair-pe-5--accaunt-1-/lemon.php
    [ip] => 179.6.80.160
    [utm_campaign] => 
    [utm_content] => 
    [utm_medium] => 
    [utm_source] => 
    [utm_term] => 
    [clickid] => 22g6cck55gco
    [fbpxl] => 
)

----------- RESPONSE ---------
{"result":"ok","localClickId":"15ff206b-f0ca-40b4-8c5e-523036c9feba"}
----------- END --------------
February 13, 2023, 11:12 pm
----------- DATA -------------
Array
(
    [name] => walter Pereyra Bardalez
    [phone] => +51927708684
    [offerId] => 25c8f434-1934-47b9-8d62-f5327a30c19a
    [domain] => http://finalcjfyi.site/lander/hair-pe-5--accaunt-1-/lemon.php
    [ip] => 191.97.54.214
    [utm_campaign] => 
    [utm_content] => 
    [utm_medium] => 
    [utm_source] => 
    [utm_term] => 
    [clickid] => l2nfti55msm
    [fbpxl] => 
)

----------- RESPONSE ---------
{"result":"ok","localClickId":"ee8fed61-28da-49d2-8713-4fb7dda17250"}
----------- END --------------
