February 11, 2023, 12:29 am
----------- DATA -------------
Array
(
    [name] => Yorman 
    [phone] => +51935767500
    [offerId] => 25c8f434-1934-47b9-8d62-f5327a30c19a
    [domain] => http://finalcjfyi.site/lander/hair-pe-5--accaunt-1-/lemon.php
    [ip] => 187.86.166.67
    [utm_campaign] => 
    [utm_content] => 
    [utm_medium] => 
    [utm_source] => 
    [utm_term] => 
    [clickid] => 39kco2c54l31
    [fbpxl] => 
)

----------- RESPONSE ---------
{"result":"ok","localClickId":"55158155-1c5d-41a9-be54-b8160832c8ad"}
----------- END --------------
February 11, 2023, 12:46 am
----------- DATA -------------
Array
(
    [name] => Manuel
    [phone] => +925803286
    [offerId] => 25c8f434-1934-47b9-8d62-f5327a30c19a
    [domain] => http://finalcjfyi.site/lander/hair-pe-5--accaunt-1-/lemon.php
    [ip] => 179.6.148.2
    [utm_campaign] => 
    [utm_content] => 
    [utm_medium] => 
    [utm_source] => 
    [utm_term] => 
    [clickid] => 2puqcd054l8o
    [fbpxl] => 
)

----------- RESPONSE ---------
{"result":"ok","localClickId":"f63464b2-fea6-4f62-9153-66b8e1015ede"}
----------- END --------------
February 11, 2023, 12:46 am
----------- DATA -------------
Array
(
    [name] => Manuel
    [phone] => +925803286
    [offerId] => 25c8f434-1934-47b9-8d62-f5327a30c19a
    [domain] => http://finalcjfyi.site/lander/hair-pe-5--accaunt-1-/lemon.php
    [ip] => 179.6.148.2
    [utm_campaign] => 
    [utm_content] => 
    [utm_medium] => 
    [utm_source] => 
    [utm_term] => 
    [clickid] => 2puqcd054l8o
    [fbpxl] => 
)

----------- RESPONSE ---------
{"result":"ok","localClickId":"aa4bef34-5ce8-4ab8-b3e9-12b4a13bb5ae"}
----------- END --------------
February 11, 2023, 12:46 am
----------- DATA -------------
Array
(
    [name] => Manuel Tito 
    [phone] => +925803286
    [offerId] => 25c8f434-1934-47b9-8d62-f5327a30c19a
    [domain] => http://finalcjfyi.site/lander/hair-pe-5--accaunt-1-/lemon.php
    [ip] => 179.6.148.2
    [utm_campaign] => 
    [utm_content] => 
    [utm_medium] => 
    [utm_source] => 
    [utm_term] => 
    [clickid] => 2puqcd054l8o
    [fbpxl] => 
)

----------- RESPONSE ---------
{"result":"ok","localClickId":"cd0eea55-ec0a-4688-ae59-9d84097a5a39"}
----------- END --------------
February 11, 2023, 12:46 am
----------- DATA -------------
Array
(
    [name] => Manuel Tito 
    [phone] => +925803286
    [offerId] => 25c8f434-1934-47b9-8d62-f5327a30c19a
    [domain] => http://finalcjfyi.site/lander/hair-pe-5--accaunt-1-/lemon.php
    [ip] => 179.6.148.2
    [utm_campaign] => 
    [utm_content] => 
    [utm_medium] => 
    [utm_source] => 
    [utm_term] => 
    [clickid] => 2puqcd054l8o
    [fbpxl] => 
)

----------- RESPONSE ---------
{"result":"ok","localClickId":"eec43556-cf12-4319-8128-428da9bed5d7"}
----------- END --------------
February 11, 2023, 12:57 am
----------- DATA -------------
Array
(
    [name] => José Pérez Vargas 
    [phone] => +51944804008
    [offerId] => 25c8f434-1934-47b9-8d62-f5327a30c19a
    [domain] => http://finalcjfyi.site/lander/hair-pe-5--accaunt-1-/lemon.php
    [ip] => 190.237.148.2
    [utm_campaign] => 
    [utm_content] => 
    [utm_medium] => 
    [utm_source] => 
    [utm_term] => 
    [clickid] => nnr5m954l8i
    [fbpxl] => 
)

----------- RESPONSE ---------
{"result":"ok","localClickId":"d22948cf-0234-4885-8b5f-50bfef34bf0c"}
----------- END --------------
February 11, 2023, 12:58 am
----------- DATA -------------
Array
(
    [name] => Dagoberto
    [phone] => +987012471
    [offerId] => 25c8f434-1934-47b9-8d62-f5327a30c19a
    [domain] => http://finalcjfyi.site/lander/hair-pe-5--accaunt-1-/lemon.php
    [ip] => 179.7.65.21
    [utm_campaign] => 
    [utm_content] => 
    [utm_medium] => 
    [utm_source] => 
    [utm_term] => 
    [clickid] => tc4vti54l99
    [fbpxl] => 
)

----------- RESPONSE ---------
{"result":"ok","localClickId":"88bb6988-8d22-4728-85c6-2168373fd72d"}
----------- END --------------
February 11, 2023, 1:49 am
----------- DATA -------------
Array
(
    [name] => Teo
    [phone] => +951599912
    [offerId] => 25c8f434-1934-47b9-8d62-f5327a30c19a
    [domain] => http://finalcjfyi.site/lander/hair-pe-5--accaunt-1-/lemon.php
    [ip] => 132.191.1.154
    [utm_campaign] => 
    [utm_content] => 
    [utm_medium] => 
    [utm_source] => 
    [utm_term] => 
    [clickid] => 24mdu3m54lqo
    [fbpxl] => 
)

----------- RESPONSE ---------
{"result":"ok","localClickId":"11bd6000-ea22-454a-be04-e4e0b6d2613e"}
----------- END --------------
February 11, 2023, 1:53 am
----------- DATA -------------
Array
(
    [name] => Alfonso Mario Castillo Rimac
    [phone] => +924790102
    [offerId] => 25c8f434-1934-47b9-8d62-f5327a30c19a
    [domain] => http://finalcjfyi.site/lander/hair-pe-5--accaunt-1-/lemon.php
    [ip] => 179.7.82.113
    [utm_campaign] => 
    [utm_content] => 
    [utm_medium] => 
    [utm_source] => 
    [utm_term] => 
    [clickid] => 1c0psjf54lu9
    [fbpxl] => 
)

----------- RESPONSE ---------
{"result":"ok","localClickId":"f1b1b5a8-88f8-45cc-8c9a-10d96e9dd40b"}
----------- END --------------
February 11, 2023, 2:50 am
----------- DATA -------------
Array
(
    [name] => Segundo Juan Peres dolores
    [phone] => +989475246
    [offerId] => 25c8f434-1934-47b9-8d62-f5327a30c19a
    [domain] => http://finalcjfyi.site/lander/hair-pe-5--accaunt-1-/lemon.php
    [ip] => 179.6.73.29
    [utm_campaign] => 
    [utm_content] => 
    [utm_medium] => 
    [utm_source] => 
    [utm_term] => 
    [clickid] => 10dmpse54mhh
    [fbpxl] => 
)

----------- RESPONSE ---------
{"result":"ok","localClickId":"c2b1f183-42b7-48ed-8f6d-80079cea6b4a"}
----------- END --------------
February 11, 2023, 3:12 am
----------- DATA -------------
Array
(
    [name] => Jorge carranza vera
    [phone] => +933804430
    [offerId] => 25c8f434-1934-47b9-8d62-f5327a30c19a
    [domain] => http://finalcjfyi.site/lander/hair-pe-5--accaunt-1-/lemon.php
    [ip] => 181.66.138.129
    [utm_campaign] => 
    [utm_content] => 
    [utm_medium] => 
    [utm_source] => 
    [utm_term] => 
    [clickid] => 1omaeg154mnq
    [fbpxl] => 
)

----------- RESPONSE ---------
{"result":"ok","localClickId":"67cf2ba4-3c95-4904-84b1-744cc3129188"}
----------- END --------------
February 11, 2023, 4:03 am
----------- DATA -------------
Array
(
    [name] => John milton
    [phone] => +981496707
    [offerId] => 25c8f434-1934-47b9-8d62-f5327a30c19a
    [domain] => http://finalcjfyi.site/lander/hair-pe-5--accaunt-1-/lemon.php
    [ip] => 190.239.76.56
    [utm_campaign] => 
    [utm_content] => 
    [utm_medium] => 
    [utm_source] => 
    [utm_term] => 
    [clickid] => uv5i4s54nd0
    [fbpxl] => 
)

----------- RESPONSE ---------
{"result":"ok","localClickId":"a04760a4-fb20-4813-8415-28093fedbf97"}
----------- END --------------
February 11, 2023, 10:57 am
----------- DATA -------------
Array
(
    [name] => Ronald Macollunco 
    [phone] => +51946300304
    [offerId] => 25c8f434-1934-47b9-8d62-f5327a30c19a
    [domain] => http://finalcjfyi.site/lander/hair-pe-5--accaunt-1-/lemon.php
    [ip] => 132.251.2.113
    [utm_campaign] => 
    [utm_content] => 
    [utm_medium] => 
    [utm_source] => 
    [utm_term] => 
    [clickid] => 2tc739554q3u
    [fbpxl] => 
)

----------- RESPONSE ---------
{"result":"ok","localClickId":"07f87dfc-261a-4b22-acb5-a9a0af0e434b"}
----------- END --------------
February 11, 2023, 11:18 am
----------- DATA -------------
Array
(
    [name] => Hugo Chacaliaza Carbajo
    [phone] => +955920062
    [offerId] => 25c8f434-1934-47b9-8d62-f5327a30c19a
    [domain] => http://finalcjfyi.site/lander/hair-pe-5--accaunt-1-/lemon.php
    [ip] => 190.236.6.14
    [utm_campaign] => 
    [utm_content] => 
    [utm_medium] => 
    [utm_source] => 
    [utm_term] => 
    [clickid] => 2rpkh1b54q90
    [fbpxl] => 
)

----------- RESPONSE ---------
{"result":"ok","localClickId":"209c555a-b886-4d6d-bdbc-1931b51a273c"}
----------- END --------------
February 11, 2023, 11:35 am
----------- DATA -------------
Array
(
    [name] => Jorge campos
    [phone] => +934678567
    [offerId] => 25c8f434-1934-47b9-8d62-f5327a30c19a
    [domain] => http://finalcjfyi.site/lander/hair-pe-5--accaunt-1-/lemon.php
    [ip] => 132.191.3.141
    [utm_campaign] => 
    [utm_content] => 
    [utm_medium] => 
    [utm_source] => 
    [utm_term] => 
    [clickid] => 37u4cht54qeo
    [fbpxl] => 
)

----------- RESPONSE ---------
{"result":"ok","localClickId":"6ad22f59-8a8a-489d-9761-1622ce52dbe9"}
----------- END --------------
February 11, 2023, 11:36 am
----------- DATA -------------
Array
(
    [name] => Raymundo Germán Mansilla Bolívar
    [phone] => +938483487
    [offerId] => 25c8f434-1934-47b9-8d62-f5327a30c19a
    [domain] => http://finalcjfyi.site/lander/hair-pe-5--accaunt-1-/lemon.php
    [ip] => 190.239.70.225
    [utm_campaign] => 
    [utm_content] => 
    [utm_medium] => 
    [utm_source] => 
    [utm_term] => 
    [clickid] => 1ne8n2554qf3
    [fbpxl] => 
)

----------- RESPONSE ---------
{"result":"ok","localClickId":"73021ae4-79e4-4d8e-9780-a64c520b9648"}
----------- END --------------
February 11, 2023, 12:02 pm
----------- DATA -------------
Array
(
    [name] => Edgar paccori ramos
    [phone] => +949850850
    [offerId] => 25c8f434-1934-47b9-8d62-f5327a30c19a
    [domain] => http://finalcjfyi.site/lander/hair-pe-5--accaunt-1-/lemon.php
    [ip] => 181.176.67.239
    [utm_campaign] => 
    [utm_content] => 
    [utm_medium] => 
    [utm_source] => 
    [utm_term] => 
    [clickid] => 1pgo36p54qng
    [fbpxl] => 
)

----------- RESPONSE ---------
{"result":"ok","localClickId":"5552787e-9e74-407c-88e0-0066c4cf4b7b"}
----------- END --------------
February 11, 2023, 12:15 pm
----------- DATA -------------
Array
(
    [name] => Jorge Dante hurtado escobar
    [phone] => +01930477503
    [offerId] => 25c8f434-1934-47b9-8d62-f5327a30c19a
    [domain] => http://finalcjfyi.site/lander/hair-pe-5--accaunt-1-/lemon.php
    [ip] => 190.239.66.252
    [utm_campaign] => 
    [utm_content] => 
    [utm_medium] => 
    [utm_source] => 
    [utm_term] => 
    [clickid] => 6vi63d54qqp
    [fbpxl] => 
)

----------- RESPONSE ---------
{"result":"ok","localClickId":"d860192f-56e2-4054-8ad8-df5c780316e6"}
----------- END --------------
February 11, 2023, 12:30 pm
----------- DATA -------------
Array
(
    [name] => sidney linares barba
    [phone] => +51945168199
    [offerId] => 25c8f434-1934-47b9-8d62-f5327a30c19a
    [domain] => http://finalcjfyi.site/lander/hair-pe-5--accaunt-1-/lemon.php
    [ip] => 190.236.30.151
    [utm_campaign] => 
    [utm_content] => 
    [utm_medium] => 
    [utm_source] => 
    [utm_term] => 
    [clickid] => 254qfuv54r19
    [fbpxl] => 
)

----------- RESPONSE ---------
{"result":"ok","localClickId":"1c3341f1-9735-4f44-8917-2c83522148e7"}
----------- END --------------
February 11, 2023, 1:29 pm
----------- DATA -------------
Array
(
    [name] => James 
    [phone] => +51986878578
    [offerId] => 25c8f434-1934-47b9-8d62-f5327a30c19a
    [domain] => http://finalcjfyi.site/lander/hair-pe-5--accaunt-1-/lemon.php
    [ip] => 132.251.2.32
    [utm_campaign] => 
    [utm_content] => 
    [utm_medium] => 
    [utm_source] => 
    [utm_term] => 
    [clickid] => kis0tm54rju
    [fbpxl] => 
)

----------- RESPONSE ---------
{"result":"ok","localClickId":"a885a155-c23d-4d4a-a120-e66429f1aeba"}
----------- END --------------
February 11, 2023, 1:30 pm
----------- DATA -------------
Array
(
    [name] => James 
    [phone] => +51986878578
    [offerId] => 25c8f434-1934-47b9-8d62-f5327a30c19a
    [domain] => http://finalcjfyi.site/lander/hair-pe-5--accaunt-1-/lemon.php
    [ip] => 132.251.2.32
    [utm_campaign] => 
    [utm_content] => 
    [utm_medium] => 
    [utm_source] => 
    [utm_term] => 
    [clickid] => kis0tm54rju
    [fbpxl] => 
)

----------- RESPONSE ---------
{"result":"ok","localClickId":"82e5830f-01f4-476d-9867-f36e7596d5de"}
----------- END --------------
February 11, 2023, 1:30 pm
----------- DATA -------------
Array
(
    [name] => James 
    [phone] => +51986878578
    [offerId] => 25c8f434-1934-47b9-8d62-f5327a30c19a
    [domain] => http://finalcjfyi.site/lander/hair-pe-5--accaunt-1-/lemon.php
    [ip] => 132.251.2.32
    [utm_campaign] => 
    [utm_content] => 
    [utm_medium] => 
    [utm_source] => 
    [utm_term] => 
    [clickid] => kis0tm54rju
    [fbpxl] => 
)

----------- RESPONSE ---------
{"result":"ok","localClickId":"57cad111-4306-4aea-9202-ab2f10e3b099"}
----------- END --------------
February 11, 2023, 1:39 pm
----------- DATA -------------
Array
(
    [name] => Feliz
    [phone] => +942220291
    [offerId] => 25c8f434-1934-47b9-8d62-f5327a30c19a
    [domain] => http://finalcjfyi.site/lander/hair-pe-5--accaunt-1-/lemon.php
    [ip] => 179.6.83.25
    [utm_campaign] => 
    [utm_content] => 
    [utm_medium] => 
    [utm_source] => 
    [utm_term] => 
    [clickid] => 3bgsb9t54ro2
    [fbpxl] => 
)

----------- RESPONSE ---------
{"result":"ok","localClickId":"63e057ac-6b28-4eab-aa45-dd833137b156"}
----------- END --------------
