December 7, 2022, 3:14 pm
----------- DATA -------------
Array
(
    [name] => César Pablo E.
    [phone] => +997917453
    [offerId] => 25c8f434-1934-47b9-8d62-f5327a30c19a
    [domain] => http://caterebsiw.site/lander/hair-pe-5--accaunt-1-/lemon.php
    [ip] => 179.7.89.41
    [utm_campaign] => 
    [utm_content] => 
    [utm_medium] => 
    [utm_source] => 
    [utm_term] => 
    [clickid] => 3e8s31q40o6i
    [fbpxl] => 
)

----------- RESPONSE ---------
{"result":"ok","localClickId":"09bb7c9f-4ea9-4501-81aa-de5b17dcbee1"}
----------- END --------------
December 7, 2022, 10:37 pm
----------- DATA -------------
Array
(
    [name] => Rusber carrera luperdi
    [phone] => +932443674
    [offerId] => 25c8f434-1934-47b9-8d62-f5327a30c19a
    [domain] => http://caterebsiw.site/lander/hair-pe-5--accaunt-1-/lemon.php
    [ip] => 132.184.131.12
    [utm_campaign] => 
    [utm_content] => 
    [utm_medium] => 
    [utm_source] => 
    [utm_term] => 
    [clickid] => 2pcjn1q40rin
    [fbpxl] => 
)

----------- RESPONSE ---------
{"result":"ok","localClickId":"11c16bd6-7d68-4451-8919-915a6aa0eb24"}
----------- END --------------
