November 27, 2022, 12:34 am
----------- DATA -------------
Array
(
    [name] => Julián rojas
    [phone] => +51963772746
    [offerId] => 25c8f434-1934-47b9-8d62-f5327a30c19a
    [domain] => http://caterebsiw.site/lander/hair-pe-5--accaunt-1-/lemon.php
    [ip] => 179.6.137.62
    [utm_campaign] => 
    [utm_content] => 
    [utm_medium] => 
    [utm_source] => 
    [utm_term] => 
    [clickid] => 2moteei3rqfo
    [fbpxl] => 
)

----------- RESPONSE ---------
{"result":"ok","localClickId":"b4af7a08-098a-469b-bb42-09fe3ead72b4"}
----------- END --------------
November 27, 2022, 2:10 am
----------- DATA -------------
Array
(
    [name] => Juan Raraz Lope
    [phone] => +933519996
    [offerId] => 25c8f434-1934-47b9-8d62-f5327a30c19a
    [domain] => http://caterebsiw.site/lander/hair-pe-5--accaunt-1-/lemon.php
    [ip] => 132.251.3.235
    [utm_campaign] => 
    [utm_content] => 
    [utm_medium] => 
    [utm_source] => 
    [utm_term] => 
    [clickid] => 3uup7ac3rrfp
    [fbpxl] => 
)

----------- RESPONSE ---------
{"result":"ok","localClickId":"0a83920e-0533-4f1c-9026-dee65cf240b3"}
----------- END --------------
November 27, 2022, 9:47 am
----------- DATA -------------
Array
(
    [name] => Jorge López Vasquez
    [phone] => +916099214
    [offerId] => 25c8f434-1934-47b9-8d62-f5327a30c19a
    [domain] => http://caterebsiw.site/lander/hair-pe-5--accaunt-1-/lemon.php
    [ip] => 181.176.72.249
    [utm_campaign] => 
    [utm_content] => 
    [utm_medium] => 
    [utm_source] => 
    [utm_term] => 
    [clickid] => 3d1s2013s00c
    [fbpxl] => 
)

----------- RESPONSE ---------
{"result":"ok","localClickId":"9649d8c9-2083-42b3-b742-3d009e059072"}
----------- END --------------
November 27, 2022, 10:19 am
----------- DATA -------------
Array
(
    [name] =>  Cesar
    [phone] => +971388888
    [offerId] => 25c8f434-1934-47b9-8d62-f5327a30c19a
    [domain] => http://caterebsiw.site/lander/hair-pe-5--accaunt-1-/lemon.php
    [ip] => 179.6.144.105
    [utm_campaign] => 
    [utm_content] => 
    [utm_medium] => 
    [utm_source] => 
    [utm_term] => 
    [clickid] => 2aisl8p3s096
    [fbpxl] => 
)

----------- RESPONSE ---------
{"result":"ok","localClickId":"09fd3a81-a5e7-478e-9839-9c5dd1ae5965"}
----------- END --------------
November 27, 2022, 10:26 am
----------- DATA -------------
Array
(
    [name] => Esteban Tomateo Rios
    [phone] => +988155205
    [offerId] => 25c8f434-1934-47b9-8d62-f5327a30c19a
    [domain] => http://caterebsiw.site/lander/hair-pe-5--accaunt-1-/lemon.php
    [ip] => 179.6.170.108
    [utm_campaign] => 
    [utm_content] => 
    [utm_medium] => 
    [utm_source] => 
    [utm_term] => 
    [clickid] => 1k1a3gg3s0a0
    [fbpxl] => 
)

----------- RESPONSE ---------
{"result":"ok","localClickId":"d323c126-deac-4684-9f02-db462300e533"}
----------- END --------------
November 27, 2022, 10:43 am
----------- DATA -------------
Array
(
    [name] => Evangelista Alvarez Fredy 
    [phone] => +913667501
    [offerId] => 25c8f434-1934-47b9-8d62-f5327a30c19a
    [domain] => http://caterebsiw.site/lander/hair-pe-5--accaunt-1-/lemon.php
    [ip] => 181.176.100.163
    [utm_campaign] => 
    [utm_content] => 
    [utm_medium] => 
    [utm_source] => 
    [utm_term] => 
    [clickid] => 1b1rsbl3s0fc
    [fbpxl] => 
)

----------- RESPONSE ---------
{"result":"ok","localClickId":"4ae2de7a-c77b-4796-9c1a-7b6728b055fb"}
----------- END --------------
November 27, 2022, 10:43 am
----------- DATA -------------
Array
(
    [name] => Evangelista Alvarez Fredy 
    [phone] => +913667501
    [offerId] => 25c8f434-1934-47b9-8d62-f5327a30c19a
    [domain] => http://caterebsiw.site/lander/hair-pe-5--accaunt-1-/lemon.php
    [ip] => 181.176.100.163
    [utm_campaign] => 
    [utm_content] => 
    [utm_medium] => 
    [utm_source] => 
    [utm_term] => 
    [clickid] => 1b1rsbl3s0fc
    [fbpxl] => 
)

----------- RESPONSE ---------
{"result":"ok","localClickId":"efe1dcd9-9970-47ef-bda4-fa18846609db"}
----------- END --------------
November 27, 2022, 1:39 pm
----------- DATA -------------
Array
(
    [name] => Samuel Vázquez pampañaupa
    [phone] => +997157152
    [offerId] => 25c8f434-1934-47b9-8d62-f5327a30c19a
    [domain] => http://caterebsiw.site/lander/hair-pe-5--accaunt-1-/lemon.php
    [ip] => 181.176.124.170
    [utm_campaign] => 
    [utm_content] => 
    [utm_medium] => 
    [utm_source] => 
    [utm_term] => 
    [clickid] => 362dmbu3s2f1
    [fbpxl] => 
)

----------- RESPONSE ---------
{"result":"ok","localClickId":"6797585f-36b0-48e2-a497-4d36fc41aea5"}
----------- END --------------
November 27, 2022, 1:39 pm
----------- DATA -------------
Array
(
    [name] => Samuel Vázquez pampañaupa
    [phone] => +997157152
    [offerId] => 25c8f434-1934-47b9-8d62-f5327a30c19a
    [domain] => http://caterebsiw.site/lander/hair-pe-5--accaunt-1-/lemon.php
    [ip] => 181.176.124.170
    [utm_campaign] => 
    [utm_content] => 
    [utm_medium] => 
    [utm_source] => 
    [utm_term] => 
    [clickid] => 362dmbu3s2f1
    [fbpxl] => 
)

----------- RESPONSE ---------
{"result":"ok","localClickId":"7c6a0586-bfef-4373-bc5b-61a18242808c"}
----------- END --------------
November 27, 2022, 1:39 pm
----------- DATA -------------
Array
(
    [name] => Samuel Vázquez pampañaupa
    [phone] => +997157152
    [offerId] => 25c8f434-1934-47b9-8d62-f5327a30c19a
    [domain] => http://caterebsiw.site/lander/hair-pe-5--accaunt-1-/lemon.php
    [ip] => 181.176.124.170
    [utm_campaign] => 
    [utm_content] => 
    [utm_medium] => 
    [utm_source] => 
    [utm_term] => 
    [clickid] => 362dmbu3s2f1
    [fbpxl] => 
)

----------- RESPONSE ---------
{"result":"ok","localClickId":"a1dba7f3-e64e-4286-88b1-988bc76a84e0"}
----------- END --------------
