November 28, 2022, 12:01 am
----------- DATA -------------
Array
(
    [name] => Rony
    [phone] => +997069284
    [offerId] => 25c8f434-1934-47b9-8d62-f5327a30c19a
    [domain] => http://caterebsiw.site/lander/hair-pe-5--accaunt-1-/lemon.php
    [ip] => 179.6.154.193
    [utm_campaign] => 
    [utm_content] => 
    [utm_medium] => 
    [utm_source] => 
    [utm_term] => 
    [clickid] => 1ompv0c3s8fa
    [fbpxl] => 
)

----------- RESPONSE ---------
{"result":"ok","localClickId":"581c75e6-72ac-4e63-a431-2771238cac33"}
----------- END --------------
November 28, 2022, 2:17 am
----------- DATA -------------
Array
(
    [name] => Carlos
    [phone] => +914115942
    [offerId] => 25c8f434-1934-47b9-8d62-f5327a30c19a
    [domain] => http://caterebsiw.site/lander/hair-pe-5--accaunt-1-/lemon.php
    [ip] => 179.7.88.142
    [utm_campaign] => 
    [utm_content] => 
    [utm_medium] => 
    [utm_source] => 
    [utm_term] => 
    [clickid] => 2ltlr7j3s9n8
    [fbpxl] => 
)

----------- RESPONSE ---------
{"result":"ok","localClickId":"95bcc0bf-7b7f-4987-abce-f4c9e0f20669"}
----------- END --------------
November 28, 2022, 3:33 am
----------- DATA -------------
Array
(
    [name] => Danty Eliseo 
    [phone] => +951800636
    [offerId] => 25c8f434-1934-47b9-8d62-f5327a30c19a
    [domain] => http://caterebsiw.site/lander/hair-pe-5--accaunt-1-/lemon.php
    [ip] => 179.6.145.150
    [utm_campaign] => 
    [utm_content] => 
    [utm_medium] => 
    [utm_source] => 
    [utm_term] => 
    [clickid] => 2ekn32v3sapn
    [fbpxl] => 
)

----------- RESPONSE ---------
{"result":"ok","localClickId":"74b9849e-7faf-448f-84e5-c0e5ea335c4e"}
----------- END --------------
November 28, 2022, 9:59 am
----------- DATA -------------
Array
(
    [name] => Daniel 
    [phone] => +958478955
    [offerId] => 25c8f434-1934-47b9-8d62-f5327a30c19a
    [domain] => http://caterebsiw.site/lander/hair-pe-5--accaunt-1-/lemon.php
    [ip] => 179.6.147.153
    [utm_campaign] => 
    [utm_content] => 
    [utm_medium] => 
    [utm_source] => 
    [utm_term] => 
    [clickid] => 3299b2v3scob
    [fbpxl] => 
)

----------- RESPONSE ---------
{"result":"ok","localClickId":"59c6d0cb-892c-408f-a4ea-a8f2b8121bc1"}
----------- END --------------
November 28, 2022, 11:47 am
----------- DATA -------------
Array
(
    [name] => Delio
    [phone] => +51924616041
    [offerId] => 25c8f434-1934-47b9-8d62-f5327a30c19a
    [domain] => http://caterebsiw.site/lander/hair-pe-5--accaunt-1-/lemon.php
    [ip] => 132.251.0.152
    [utm_campaign] => 
    [utm_content] => 
    [utm_medium] => 
    [utm_source] => 
    [utm_term] => 
    [clickid] => 1es2csu3sdk1
    [fbpxl] => 
)

----------- RESPONSE ---------
{"result":"ok","localClickId":"a8927fc0-ac0b-4ec3-8c61-9ba1a85855a7"}
----------- END --------------
November 28, 2022, 12:41 pm
----------- DATA -------------
Array
(
    [name] => Carlos García Garcia
    [phone] => +945797926
    [offerId] => 25c8f434-1934-47b9-8d62-f5327a30c19a
    [domain] => http://caterebsiw.site/lander/hair-pe-5--accaunt-1-/lemon.php
    [ip] => 179.6.194.226
    [utm_campaign] => 
    [utm_content] => 
    [utm_medium] => 
    [utm_source] => 
    [utm_term] => 
    [clickid] => hbb6gg3se59
    [fbpxl] => 
)

----------- RESPONSE ---------
{"result":"ok","localClickId":"c1f3ae08-51ed-4b9a-862d-b3420e6a4b87"}
----------- END --------------
November 28, 2022, 2:53 pm
----------- DATA -------------
Array
(
    [name] => Javier Salcedo Alfaro
    [phone] => +900577723
    [offerId] => 25c8f434-1934-47b9-8d62-f5327a30c19a
    [domain] => http://caterebsiw.site/lander/hair-pe-5--accaunt-1-/lemon.php
    [ip] => 179.6.90.254
    [utm_campaign] => 
    [utm_content] => 
    [utm_medium] => 
    [utm_source] => 
    [utm_term] => 
    [clickid] => 2k0evne3sf9p
    [fbpxl] => 
)

----------- RESPONSE ---------
{"result":"ok","localClickId":"0fe01377-7351-4847-8738-5c99e64aa57e"}
----------- END --------------
November 28, 2022, 5:17 pm
----------- DATA -------------
Array
(
    [name] => Carlos Alberto Rivera Munayco
    [phone] => +51956240009
    [offerId] => 25c8f434-1934-47b9-8d62-f5327a30c19a
    [domain] => http://caterebsiw.site/lander/hair-pe-5--accaunt-1-/lemon.php
    [ip] => 187.86.164.152
    [utm_campaign] => 
    [utm_content] => 
    [utm_medium] => 
    [utm_source] => 
    [utm_term] => 
    [clickid] => 2b4gu4r3sh3l
    [fbpxl] => 
)

----------- RESPONSE ---------
{"result":"ok","localClickId":"e035ec6d-b686-4f51-8156-6b29b94c5399"}
----------- END --------------
November 28, 2022, 5:54 pm
----------- DATA -------------
Array
(
    [name] => Cesar
    [phone] => +962274899
    [offerId] => 25c8f434-1934-47b9-8d62-f5327a30c19a
    [domain] => http://caterebsiw.site/lander/hair-pe-5--accaunt-1-/lemon.php
    [ip] => 179.7.65.25
    [utm_campaign] => 
    [utm_content] => 
    [utm_medium] => 
    [utm_source] => 
    [utm_term] => 
    [clickid] => 92i6u83shd0
    [fbpxl] => 
)

----------- RESPONSE ---------
{"result":"ok","localClickId":"542ae508-d1d1-4aef-bdd7-641fabb61011"}
----------- END --------------
November 28, 2022, 6:03 pm
----------- DATA -------------
Array
(
    [name] => Simon
    [phone] => +936253635
    [offerId] => 25c8f434-1934-47b9-8d62-f5327a30c19a
    [domain] => http://caterebsiw.site/lander/hair-pe-5--accaunt-1-/lemon.php
    [ip] => 179.6.80.140
    [utm_campaign] => 
    [utm_content] => 
    [utm_medium] => 
    [utm_source] => 
    [utm_term] => 
    [clickid] => 2qkd1gl3shks
    [fbpxl] => 
)

----------- RESPONSE ---------
{"result":"ok","localClickId":"675920f2-714b-4832-8cfe-6cbeb16eb0f7"}
----------- END --------------
November 28, 2022, 8:01 pm
----------- DATA -------------
Array
(
    [name] => Fredi
    [phone] => +928988964
    [offerId] => 25c8f434-1934-47b9-8d62-f5327a30c19a
    [domain] => http://caterebsiw.site/lander/hair-pe-5--accaunt-1-/lemon.php
    [ip] => 181.176.110.145
    [utm_campaign] => 
    [utm_content] => 
    [utm_medium] => 
    [utm_source] => 
    [utm_term] => 
    [clickid] => b0dpvu3sj62
    [fbpxl] => 
)

----------- RESPONSE ---------
{"result":"ok","localClickId":"799a5c28-77e7-45da-97f7-6ce515e779ba"}
----------- END --------------
November 28, 2022, 9:31 pm
----------- DATA -------------
Array
(
    [name] => Juan merino
    [phone] => +941138238
    [offerId] => 25c8f434-1934-47b9-8d62-f5327a30c19a
    [domain] => http://caterebsiw.site/lander/hair-pe-5--accaunt-1-/lemon.php
    [ip] => 179.7.80.137
    [utm_campaign] => 
    [utm_content] => 
    [utm_medium] => 
    [utm_source] => 
    [utm_term] => 
    [clickid] => 2db2cuf3skb0
    [fbpxl] => 
)

----------- RESPONSE ---------
{"result":"ok","localClickId":"8f73a438-2cb9-432a-9057-b3fb1b6d28ca"}
----------- END --------------
