November 26, 2022, 12:37 am
----------- DATA -------------
Array
(
    [name] => ,Rodolfo Moreno dominguez
    [phone] => +950162161
    [offerId] => 25c8f434-1934-47b9-8d62-f5327a30c19a
    [domain] => http://caterebsiw.site/lander/hair-pe-5--accaunt-1-/lemon.php
    [ip] => 132.251.3.116
    [utm_campaign] => 
    [utm_content] => 
    [utm_medium] => 
    [utm_source] => 
    [utm_term] => 
    [clickid] => 1ou3s8f3rev4
    [fbpxl] => 
)

----------- RESPONSE ---------
{"result":"ok","localClickId":"9b4b0ceb-2b01-4812-b951-7f29c060f996"}
----------- END --------------
November 26, 2022, 11:14 am
----------- DATA -------------
Array
(
    [name] => Kavier
    [phone] => +966609630
    [offerId] => 25c8f434-1934-47b9-8d62-f5327a30c19a
    [domain] => http://caterebsiw.site/lander/hair-pe-5--accaunt-1-/lemon.php
    [ip] => 190.234.163.61
    [utm_campaign] => 
    [utm_content] => 
    [utm_medium] => 
    [utm_source] => 
    [utm_term] => 
    [clickid] => 2dckv2g3rj60
    [fbpxl] => 
)

----------- RESPONSE ---------
{"result":"ok","localClickId":"2f344f83-8e08-48d3-ae1c-6e2d78144f30"}
----------- END --------------
November 26, 2022, 1:53 pm
----------- DATA -------------
Array
(
    [name] => Pablo  Rojas
    [phone] => +915155266
    [offerId] => 25c8f434-1934-47b9-8d62-f5327a30c19a
    [domain] => http://caterebsiw.site/lander/hair-pe-5--accaunt-1-/lemon.php
    [ip] => 190.236.2.40
    [utm_campaign] => 
    [utm_content] => 
    [utm_medium] => 
    [utm_source] => 
    [utm_term] => 
    [clickid] => 1fb7u633rkes
    [fbpxl] => 
)

----------- RESPONSE ---------
{"result":"ok","localClickId":"46f624e1-c468-4865-bbba-8a73d6161c6c"}
----------- END --------------
November 26, 2022, 7:03 pm
----------- DATA -------------
Array
(
    [name] => Dino
    [phone] => +951592110
    [offerId] => 25c8f434-1934-47b9-8d62-f5327a30c19a
    [domain] => http://caterebsiw.site/lander/hair-pe-5--accaunt-1-/lemon.php
    [ip] => 190.239.95.184
    [utm_campaign] => 
    [utm_content] => 
    [utm_medium] => 
    [utm_source] => 
    [utm_term] => 
    [clickid] => bbboif3rn9e
    [fbpxl] => 
)

----------- RESPONSE ---------
{"result":"ok","localClickId":"5a4f4e2b-c728-414c-868e-a38252062701"}
----------- END --------------
November 26, 2022, 7:03 pm
----------- DATA -------------
Array
(
    [name] => Dino
    [phone] => +951592110
    [offerId] => 25c8f434-1934-47b9-8d62-f5327a30c19a
    [domain] => http://caterebsiw.site/lander/hair-pe-5--accaunt-1-/lemon.php
    [ip] => 190.239.95.184
    [utm_campaign] => 
    [utm_content] => 
    [utm_medium] => 
    [utm_source] => 
    [utm_term] => 
    [clickid] => bbboif3rn9e
    [fbpxl] => 
)

----------- RESPONSE ---------
{"result":"ok","localClickId":"f3ab77b4-8ebe-4d6d-aa5e-5cb53d4a2347"}
----------- END --------------
November 26, 2022, 7:08 pm
----------- DATA -------------
Array
(
    [name] => Angel
    [phone] => +960666228
    [offerId] => 25c8f434-1934-47b9-8d62-f5327a30c19a
    [domain] => http://caterebsiw.site/lander/hair-pe-5--accaunt-1-/lemon.php
    [ip] => 190.235.46.209
    [utm_campaign] => 
    [utm_content] => 
    [utm_medium] => 
    [utm_source] => 
    [utm_term] => 
    [clickid] => 1d9lkq13rna7
    [fbpxl] => 
)

----------- RESPONSE ---------
{"result":"ok","localClickId":"0ac12828-a9be-474e-be32-823cac514309"}
----------- END --------------
November 26, 2022, 9:05 pm
----------- DATA -------------
Array
(
    [name] => Ramiro Alberto 
    [phone] => +969397086
    [offerId] => 25c8f434-1934-47b9-8d62-f5327a30c19a
    [domain] => http://caterebsiw.site/lander/hair-pe-5--accaunt-1-/lemon.php
    [ip] => 179.6.84.42
    [utm_campaign] => 
    [utm_content] => 
    [utm_medium] => 
    [utm_source] => 
    [utm_term] => 
    [clickid] => 1r07hv83rodq
    [fbpxl] => 
)

----------- RESPONSE ---------
{"result":"ok","localClickId":"85a4e299-04a8-4d1d-834a-9e6524d69fc4"}
----------- END --------------
November 26, 2022, 11:42 pm
----------- DATA -------------
Array
(
    [name] => Marcos alberto castillo romero
    [phone] => +921106206
    [offerId] => 25c8f434-1934-47b9-8d62-f5327a30c19a
    [domain] => http://caterebsiw.site/lander/hair-pe-5--accaunt-1-/lemon.php
    [ip] => 132.184.130.35
    [utm_campaign] => 
    [utm_content] => 
    [utm_medium] => 
    [utm_source] => 
    [utm_term] => 
    [clickid] => 3c3kdru3rpth
    [fbpxl] => 
)

----------- RESPONSE ---------
{"result":"ok","localClickId":"721f8982-066d-4060-b4fb-79733f6ce3bf"}
----------- END --------------
