February 5, 2023, 10:40 pm
----------- DATA -------------
Array
(
    [name] => Jhon Quiro
    [phone] => +990293554
    [offerId] => 25c8f434-1934-47b9-8d62-f5327a30c19a
    [domain] => http://testvmtb.site/lander/hair-pe-5--accaunt-1-/lemon.php
    [ip] => 190.236.179.156
    [utm_campaign] => 
    [utm_content] => 
    [utm_medium] => 
    [utm_source] => 
    [utm_term] => 
    [clickid] => mi5g8l520b8
    [fbpxl] => 
)

----------- RESPONSE ---------
{"result":"ok","localClickId":"7fddd544-5ed7-4078-8c60-708fad9aca4b"}
----------- END --------------
