December 8, 2022, 10:22 am
----------- DATA -------------
Array
(
    [name] => Daniel condezo 
    [phone] => +963564238
    [offerId] => 25c8f434-1934-47b9-8d62-f5327a30c19a
    [domain] => http://caterebsiw.site/lander/hair-pe-5--accaunt-1-/lemon.php
    [ip] => 190.236.6.114
    [utm_campaign] => 
    [utm_content] => 
    [utm_medium] => 
    [utm_source] => 
    [utm_term] => 
    [clickid] => 2p1utjj40uvl
    [fbpxl] => 
)

----------- RESPONSE ---------
{"result":"ok","localClickId":"064295bd-ee77-4995-af39-89671a7c1fa4"}
----------- END --------------
December 8, 2022, 4:57 pm
----------- DATA -------------
Array
(
    [name] => Carlos
    [phone] => +988900602
    [offerId] => 25c8f434-1934-47b9-8d62-f5327a30c19a
    [domain] => http://caterebsiw.site/lander/hair-pe-5--accaunt-1-/lemon.php
    [ip] => 190.237.204.149
    [utm_campaign] => 
    [utm_content] => 
    [utm_medium] => 
    [utm_source] => 
    [utm_term] => 
    [clickid] => 1a8bjhm4120h
    [fbpxl] => 
)

----------- RESPONSE ---------
{"result":"ok","localClickId":"1cc14681-abd6-4d6f-96b6-518440ebd895"}
----------- END --------------
December 8, 2022, 6:38 pm
----------- DATA -------------
Array
(
    [name] => Jose Sanchez
    [phone] => +955654160
    [offerId] => 25c8f434-1934-47b9-8d62-f5327a30c19a
    [domain] => http://caterebsiw.site/lander/hair-pe-5--accaunt-1-/lemon.php
    [ip] => 190.236.211.189
    [utm_campaign] => 
    [utm_content] => 
    [utm_medium] => 
    [utm_source] => 
    [utm_term] => 
    [clickid] => 37mocpg412n3
    [fbpxl] => 
)

----------- RESPONSE ---------
{"result":"ok","localClickId":"c9976fb9-ab9d-469a-a43c-98434e29679e"}
----------- END --------------
December 8, 2022, 8:28 pm
----------- DATA -------------
Array
(
    [name] => Danny arevalo
    [phone] => +932360633
    [offerId] => 25c8f434-1934-47b9-8d62-f5327a30c19a
    [domain] => http://caterebsiw.site/lander/hair-pe-5--accaunt-1-/lemon.php
    [ip] => 179.7.80.27
    [utm_campaign] => 
    [utm_content] => 
    [utm_medium] => 
    [utm_source] => 
    [utm_term] => 
    [clickid] => 3iqj3jb413g8
    [fbpxl] => 
)

----------- RESPONSE ---------
{"result":"ok","localClickId":"688f8b1d-4efb-4003-9dc8-e110e2e33aa1"}
----------- END --------------
