December 19, 2022, 12:53 am
----------- DATA -------------
Array
(
    [name] => Jorge Luis
    [phone] => +51945471868
    [offerId] => 25c8f434-1934-47b9-8d62-f5327a30c19a
    [domain] => http://caterebsiw.site/lander/hair-pe-5--accaunt-1-/lemon.php
    [ip] => 179.6.165.106
    [utm_campaign] => 
    [utm_content] => 
    [utm_medium] => 
    [utm_source] => 
    [utm_term] => 
    [clickid] => 3qu8kt544iug
    [fbpxl] => 
)

----------- RESPONSE ---------
{"result":"ok","localClickId":"8f49df40-4114-444f-96a6-1ff0a786b4f4"}
----------- END --------------
December 19, 2022, 9:14 am
----------- DATA -------------
Array
(
    [name] => Almerco
    [phone] => +990071022
    [offerId] => 25c8f434-1934-47b9-8d62-f5327a30c19a
    [domain] => http://caterebsiw.site/lander/hair-pe-5--accaunt-1-/lemon.php
    [ip] => 190.236.14.113
    [utm_campaign] => 
    [utm_content] => 
    [utm_medium] => 
    [utm_source] => 
    [utm_term] => 
    [clickid] => 13slmee44m27
    [fbpxl] => 
)

----------- RESPONSE ---------
{"result":"ok","localClickId":"210e29cb-eafd-4ce3-9513-8e1539f30f56"}
----------- END --------------
December 19, 2022, 10:04 am
----------- DATA -------------
Array
(
    [name] => Mateo
    [phone] => +950790780
    [offerId] => 25c8f434-1934-47b9-8d62-f5327a30c19a
    [domain] => http://caterebsiw.site/lander/hair-pe-5--accaunt-1-/lemon.php
    [ip] => 179.6.149.26
    [utm_campaign] => 
    [utm_content] => 
    [utm_medium] => 
    [utm_source] => 
    [utm_term] => 
    [clickid] => 2qa69e544me3
    [fbpxl] => 
)

----------- RESPONSE ---------
{"result":"ok","localClickId":"244b6f74-f629-4c11-8f1a-b2ef86def670"}
----------- END --------------
December 19, 2022, 10:30 am
----------- DATA -------------
Array
(
    [name] => Adán vela Hidalgo
    [phone] => +941269456
    [offerId] => 25c8f434-1934-47b9-8d62-f5327a30c19a
    [domain] => http://caterebsiw.site/lander/hair-pe-5--accaunt-1-/lemon.php
    [ip] => 179.6.147.185
    [utm_campaign] => 
    [utm_content] => 
    [utm_medium] => 
    [utm_source] => 
    [utm_term] => 
    [clickid] => 284bscn44mlo
    [fbpxl] => 
)

----------- RESPONSE ---------
{"result":"ok","localClickId":"cc0ad216-869d-4a25-a7f9-0799f023c36a"}
----------- END --------------
December 19, 2022, 6:13 pm
----------- DATA -------------
Array
(
    [name] => Juan Carlos manuyama huaymana 
    [phone] => +983229258
    [offerId] => 25c8f434-1934-47b9-8d62-f5327a30c19a
    [domain] => http://caterebsiw.site/lander/hair-pe-5--accaunt-1-/lemon.php
    [ip] => 179.6.152.36
    [utm_campaign] => 
    [utm_content] => 
    [utm_medium] => 
    [utm_source] => 
    [utm_term] => 
    [clickid] => 34hes7m44r2n
    [fbpxl] => 
)

----------- RESPONSE ---------
{"result":"ok","localClickId":"b2b9c9c0-130e-4ba7-b9c3-1de3fc957560"}
----------- END --------------
