December 4, 2022, 2:54 am
----------- DATA -------------
Array
(
    [name] => Aquiles cancho
    [phone] => +912230900
    [offerId] => 25c8f434-1934-47b9-8d62-f5327a30c19a
    [domain] => http://caterebsiw.site/lander/hair-pe-5--accaunt-1-/lemon.php
    [ip] => 181.176.97.126
    [utm_campaign] => 
    [utm_content] => 
    [utm_medium] => 
    [utm_source] => 
    [utm_term] => 
    [clickid] => 198odej3v8vg
    [fbpxl] => 
)

----------- RESPONSE ---------
{"result":"ok","localClickId":"f9f2a3e2-d494-407d-a049-b47b61f2663d"}
----------- END --------------
December 4, 2022, 5:51 am
----------- DATA -------------
Array
(
    [name] => Alejandro Arévalo
    [phone] => +51985731689
    [offerId] => 25c8f434-1934-47b9-8d62-f5327a30c19a
    [domain] => http://caterebsiw.site/lander/hair-pe-5--accaunt-1-/lemon.php
    [ip] => 179.6.31.128
    [utm_campaign] => 
    [utm_content] => 
    [utm_medium] => 
    [utm_source] => 
    [utm_term] => 
    [clickid] => 268o6rl3vbdf
    [fbpxl] => 
)

----------- RESPONSE ---------
{"result":"ok","localClickId":"4ffc47c5-c119-4dcf-aac5-6638d3317d9d"}
----------- END --------------
December 4, 2022, 6:56 am
----------- DATA -------------
Array
(
    [name] => Oscar Guerra castro
    [phone] => +901660322
    [offerId] => 25c8f434-1934-47b9-8d62-f5327a30c19a
    [domain] => http://caterebsiw.site/lander/hair-pe-5--accaunt-1-/lemon.php
    [ip] => 187.86.167.254
    [utm_campaign] => 
    [utm_content] => 
    [utm_medium] => 
    [utm_source] => 
    [utm_term] => 
    [clickid] => 8dscgg3vbnh
    [fbpxl] => 
)

----------- RESPONSE ---------
{"result":"ok","localClickId":"5e43d2b5-9dbc-4050-9da6-a1709232cf97"}
----------- END --------------
December 4, 2022, 8:53 am
----------- DATA -------------
Array
(
    [name] => IGNACIO TEOFILO NEIRA MALLAUPOMA
    [phone] => +51999008890
    [offerId] => 25c8f434-1934-47b9-8d62-f5327a30c19a
    [domain] => http://caterebsiw.site/lander/hair-pe-5--accaunt-1-/lemon.php
    [ip] => 179.6.72.101
    [utm_campaign] => 
    [utm_content] => 
    [utm_medium] => 
    [utm_source] => 
    [utm_term] => 
    [clickid] => dhkrtq3vcbf
    [fbpxl] => 
)

----------- RESPONSE ---------
{"result":"ok","localClickId":"466e4011-ce8a-44e2-aae0-1788b5725ae9"}
----------- END --------------
December 4, 2022, 9:07 am
----------- DATA -------------
Array
(
    [name] =>  Pierre  Tello
    [phone] => +51964081555
    [offerId] => 25c8f434-1934-47b9-8d62-f5327a30c19a
    [domain] => http://caterebsiw.site/lander/hair-pe-5--accaunt-1-/lemon.php
    [ip] => 190.232.53.22
    [utm_campaign] => 
    [utm_content] => 
    [utm_medium] => 
    [utm_source] => 
    [utm_term] => 
    [clickid] => ralnq53vcev
    [fbpxl] => 
)

----------- RESPONSE ---------
{"result":"ok","localClickId":"37671105-dc46-46bc-80f9-1b685d977415"}
----------- END --------------
December 4, 2022, 11:50 am
----------- DATA -------------
Array
(
    [name] => Junior noblecilla 
    [phone] => +51933974063
    [offerId] => 25c8f434-1934-47b9-8d62-f5327a30c19a
    [domain] => http://caterebsiw.site/lander/hair-pe-5--accaunt-1-/lemon.php
    [ip] => 132.157.131.91
    [utm_campaign] => 
    [utm_content] => 
    [utm_medium] => 
    [utm_source] => 
    [utm_term] => 
    [clickid] => 2giu3jt3vefh
    [fbpxl] => 
)

----------- RESPONSE ---------
{"result":"ok","localClickId":"02429475-337c-41ee-94b6-8c5e6335f477"}
----------- END --------------
December 4, 2022, 12:06 pm
----------- DATA -------------
Array
(
    [name] => Miguel
    [phone] => +941645007
    [offerId] => 25c8f434-1934-47b9-8d62-f5327a30c19a
    [domain] => http://caterebsiw.site/lander/hair-pe-5--accaunt-1-/lemon.php
    [ip] => 179.7.92.97
    [utm_campaign] => 
    [utm_content] => 
    [utm_medium] => 
    [utm_source] => 
    [utm_term] => 
    [clickid] => 3egt5k33veo1
    [fbpxl] => 
)

----------- RESPONSE ---------
{"result":"ok","localClickId":"071da3ea-9afa-429f-9735-b981aa0d7c59"}
----------- END --------------
December 4, 2022, 2:20 pm
----------- DATA -------------
Array
(
    [name] => Juancsrlos
    [phone] => +964686432
    [offerId] => 25c8f434-1934-47b9-8d62-f5327a30c19a
    [domain] => http://caterebsiw.site/lander/hair-pe-5--accaunt-1-/lemon.php
    [ip] => 179.6.138.197
    [utm_campaign] => 
    [utm_content] => 
    [utm_medium] => 
    [utm_source] => 
    [utm_term] => 
    [clickid] => 10o1ue73vgio
    [fbpxl] => 
)

----------- RESPONSE ---------
{"result":"ok","localClickId":"4f39cdab-9995-4055-b1ad-5a677562d28b"}
----------- END --------------
December 4, 2022, 4:54 pm
----------- DATA -------------
Array
(
    [name] => Raúl
    [phone] => +934567424
    [offerId] => 25c8f434-1934-47b9-8d62-f5327a30c19a
    [domain] => http://caterebsiw.site/lander/hair-pe-5--accaunt-1-/lemon.php
    [ip] => 132.251.1.214
    [utm_campaign] => 
    [utm_content] => 
    [utm_medium] => 
    [utm_source] => 
    [utm_term] => 
    [clickid] => 2gdlqi03vi5g
    [fbpxl] => 
)

----------- RESPONSE ---------
{"result":"ok","localClickId":"c8663a87-d039-423a-b558-6af035325d4e"}
----------- END --------------
December 4, 2022, 5:33 pm
----------- DATA -------------
Array
(
    [name] => Jose Bernaola sanchez
    [phone] => +51984230741
    [offerId] => 25c8f434-1934-47b9-8d62-f5327a30c19a
    [domain] => http://caterebsiw.site/lander/hair-pe-5--accaunt-1-/lemon.php
    [ip] => 179.6.35.204
    [utm_campaign] => 
    [utm_content] => 
    [utm_medium] => 
    [utm_source] => 
    [utm_term] => 
    [clickid] => 2jlqo0m3viig
    [fbpxl] => 
)

----------- RESPONSE ---------
{"result":"ok","localClickId":"a11cc45b-9239-4b09-95d2-7ac13040b970"}
----------- END --------------
December 4, 2022, 7:56 pm
----------- DATA -------------
Array
(
    [name] => Francis López 
    [phone] => +51952537951
    [offerId] => 25c8f434-1934-47b9-8d62-f5327a30c19a
    [domain] => http://caterebsiw.site/lander/hair-pe-5--accaunt-1-/lemon.php
    [ip] => 179.6.82.15
    [utm_campaign] => 
    [utm_content] => 
    [utm_medium] => 
    [utm_source] => 
    [utm_term] => 
    [clickid] => 2flrlq83vk2v
    [fbpxl] => 
)

----------- RESPONSE ---------
{"result":"ok","localClickId":"028304bc-17a1-4ec7-8a14-f6eaf54f0103"}
----------- END --------------
