December 15, 2022, 12:40 am
----------- DATA -------------
Array
(
    [name] => Fernando
    [phone] => +926554946
    [offerId] => 25c8f434-1934-47b9-8d62-f5327a30c19a
    [domain] => http://caterebsiw.site/lander/hair-pe-5--accaunt-1-/lemon.php
    [ip] => 181.176.105.4
    [utm_campaign] => 
    [utm_content] => 
    [utm_medium] => 
    [utm_source] => 
    [utm_term] => 
    [clickid] => 241lat2432lj
    [fbpxl] => 
)

----------- RESPONSE ---------
{"result":"ok","localClickId":"fbbc81ee-bd3d-4f30-bbb4-bf8566e8c38b"}
----------- END --------------
December 15, 2022, 1:27 am
----------- DATA -------------
Array
(
    [name] => Jorge 
    [phone] => +939688569
    [offerId] => 25c8f434-1934-47b9-8d62-f5327a30c19a
    [domain] => http://caterebsiw.site/lander/hair-pe-5--accaunt-1-/lemon.php
    [ip] => 179.6.49.138
    [utm_campaign] => 
    [utm_content] => 
    [utm_medium] => 
    [utm_source] => 
    [utm_term] => 
    [clickid] => mjti74336b
    [fbpxl] => 
)

----------- RESPONSE ---------
{"result":"ok","localClickId":"106b8e9d-5d13-4edf-836e-09ae18bbf515"}
----------- END --------------
December 15, 2022, 2:06 am
----------- DATA -------------
Array
(
    [name] => Marco
    [phone] => +989775502
    [offerId] => 25c8f434-1934-47b9-8d62-f5327a30c19a
    [domain] => http://caterebsiw.site/lander/hair-pe-5--accaunt-1-/lemon.php
    [ip] => 181.176.98.109
    [utm_campaign] => 
    [utm_content] => 
    [utm_medium] => 
    [utm_source] => 
    [utm_term] => 
    [clickid] => 14o4ik433kv
    [fbpxl] => 
)

----------- RESPONSE ---------
{"result":"ok","localClickId":"8411a33c-cdf8-4d84-80d0-af3adf533e43"}
----------- END --------------
December 15, 2022, 2:10 am
----------- DATA -------------
Array
(
    [name] => Jose
    [phone] => +970817606
    [offerId] => 25c8f434-1934-47b9-8d62-f5327a30c19a
    [domain] => http://caterebsiw.site/lander/hair-pe-5--accaunt-1-/lemon.php
    [ip] => 179.6.19.110
    [utm_campaign] => 
    [utm_content] => 
    [utm_medium] => 
    [utm_source] => 
    [utm_term] => 
    [clickid] => 2s9rrr3433mf
    [fbpxl] => 
)

----------- RESPONSE ---------
{"result":"ok","localClickId":"bd6c5c81-c746-433c-8859-8dbf781b726a"}
----------- END --------------
December 15, 2022, 10:48 am
----------- DATA -------------
Array
(
    [name] => Alejandro Matías Cotarate TEJEDA
    [phone] => +964842612
    [offerId] => 25c8f434-1934-47b9-8d62-f5327a30c19a
    [domain] => http://caterebsiw.site/lander/hair-pe-5--accaunt-1-/lemon.php
    [ip] => 190.236.8.104
    [utm_campaign] => 
    [utm_content] => 
    [utm_medium] => 
    [utm_source] => 
    [utm_term] => 
    [clickid] => 26vu3444371q
    [fbpxl] => 
)

----------- RESPONSE ---------
{"result":"ok","localClickId":"63ea7d84-2a9b-4217-adb3-3cd7bf498d64"}
----------- END --------------
December 15, 2022, 4:24 pm
----------- DATA -------------
Array
(
    [name] => DAVID EVER CURI RAMOS
    [phone] => +955686853
    [offerId] => 25c8f434-1934-47b9-8d62-f5327a30c19a
    [domain] => http://caterebsiw.site/lander/hair-pe-5--accaunt-1-/lemon.php
    [ip] => 45.239.23.138
    [utm_campaign] => 
    [utm_content] => 
    [utm_medium] => 
    [utm_source] => 
    [utm_term] => 
    [clickid] => 3gqepf943ahl
    [fbpxl] => 
)

----------- RESPONSE ---------
{"result":"ok","localClickId":"e09bf1fc-3ba8-413c-ba8c-59fcba609ffc"}
----------- END --------------
December 15, 2022, 5:53 pm
----------- DATA -------------
Array
(
    [name] => Benjamin
    [phone] => +51944618166
    [offerId] => 25c8f434-1934-47b9-8d62-f5327a30c19a
    [domain] => http://caterebsiw.site/lander/hair-pe-5--accaunt-1-/lemon.php
    [ip] => 179.6.84.47
    [utm_campaign] => 
    [utm_content] => 
    [utm_medium] => 
    [utm_source] => 
    [utm_term] => 
    [clickid] => 3ppq1j043b97
    [fbpxl] => 
)

----------- RESPONSE ---------
{"result":"ok","localClickId":"996967e4-3fff-4955-af8f-efb87cbc4cd4"}
----------- END --------------
December 15, 2022, 10:12 pm
----------- DATA -------------
Array
(
    [name] => Jorge yuyarima
    [phone] => +935967251
    [offerId] => 25c8f434-1934-47b9-8d62-f5327a30c19a
    [domain] => http://caterebsiw.site/lander/hair-pe-5--accaunt-1-/lemon.php
    [ip] => 181.176.116.152
    [utm_campaign] => 
    [utm_content] => 
    [utm_medium] => 
    [utm_source] => 
    [utm_term] => 
    [clickid] => 3b8ivmp43di2
    [fbpxl] => 
)

----------- RESPONSE ---------
{"result":"ok","localClickId":"2eac6af1-84da-4bdc-8e6e-035cc0578322"}
----------- END --------------
December 15, 2022, 10:36 pm
----------- DATA -------------
Array
(
    [name] => inga pizarro Llerne asunta
    [phone] => +51978775192
    [offerId] => 25c8f434-1934-47b9-8d62-f5327a30c19a
    [domain] => http://caterebsiw.site/lander/hair-pe-5--accaunt-1-/lemon.php
    [ip] => 181.176.114.127
    [utm_campaign] => 
    [utm_content] => 
    [utm_medium] => 
    [utm_source] => 
    [utm_term] => 
    [clickid] => 1e5reo243dqj
    [fbpxl] => 
)

----------- RESPONSE ---------
{"result":"ok","localClickId":"b88ec498-3efd-4952-bc85-65775d3d40d8"}
----------- END --------------
December 15, 2022, 11:09 pm
----------- DATA -------------
Array
(
    [name] => Benjamin Luis 
    [phone] => +928105825
    [offerId] => 25c8f434-1934-47b9-8d62-f5327a30c19a
    [domain] => http://caterebsiw.site/lander/hair-pe-5--accaunt-1-/lemon.php
    [ip] => 132.191.2.14
    [utm_campaign] => 
    [utm_content] => 
    [utm_medium] => 
    [utm_source] => 
    [utm_term] => 
    [clickid] => m003gu43e1s
    [fbpxl] => 
)

----------- RESPONSE ---------
{"result":"ok","localClickId":"c29b368c-db7f-4048-9a33-8db2fe51f003"}
----------- END --------------
December 15, 2022, 11:50 pm
----------- DATA -------------
Array
(
    [name] => Juan CURASI TACO
    [phone] => +51984671457
    [offerId] => 25c8f434-1934-47b9-8d62-f5327a30c19a
    [domain] => http://caterebsiw.site/lander/hair-pe-5--accaunt-1-/lemon.php
    [ip] => 181.67.136.120
    [utm_campaign] => 
    [utm_content] => 
    [utm_medium] => 
    [utm_source] => 
    [utm_term] => 
    [clickid] => 1lnt2cd43ee6
    [fbpxl] => 
)

----------- RESPONSE ---------
{"result":"ok","localClickId":"b1ddd9ca-4540-4bd5-9bce-edf5b8bcb015"}
----------- END --------------
