February 6, 2023, 1:55 am
----------- DATA -------------
Array
(
    [name] => Juan Morales 
    [phone] => +969257773
    [offerId] => 25c8f434-1934-47b9-8d62-f5327a30c19a
    [domain] => http://testvmtb.site/lander/hair-pe-5--accaunt-1-/lemon.php
    [ip] => 45.191.96.36
    [utm_campaign] => 
    [utm_content] => 
    [utm_medium] => 
    [utm_source] => 
    [utm_term] => 
    [clickid] => m99hbd523jn
    [fbpxl] => 
)

----------- RESPONSE ---------
{"result":"ok","localClickId":"7c5af813-efc2-4392-9524-d84ffb89c6ed"}
----------- END --------------
February 6, 2023, 2:26 am
----------- DATA -------------
Array
(
    [name] => Reinaldo vilca
    [phone] => +938628664
    [offerId] => 25c8f434-1934-47b9-8d62-f5327a30c19a
    [domain] => http://testvmtb.site/lander/hair-pe-5--accaunt-1-/lemon.php
    [ip] => 200.37.105.148
    [utm_campaign] => 
    [utm_content] => 
    [utm_medium] => 
    [utm_source] => 
    [utm_term] => 
    [clickid] => 5b853h5245t
    [fbpxl] => 
)

----------- RESPONSE ---------
{"result":"ok","localClickId":"d3788855-401e-4546-a6a8-acf954ee6ddf"}
----------- END --------------
February 6, 2023, 2:28 am
----------- DATA -------------
Array
(
    [name] => Reinaldo vilca
    [phone] => +938628664
    [offerId] => 25c8f434-1934-47b9-8d62-f5327a30c19a
    [domain] => http://testvmtb.site/lander/hair-pe-5--accaunt-1-/lemon.php
    [ip] => 200.37.105.148
    [utm_campaign] => 
    [utm_content] => 
    [utm_medium] => 
    [utm_source] => 
    [utm_term] => 
    [clickid] => 5b853h5246v
    [fbpxl] => 
)

----------- RESPONSE ---------
{"result":"ok","localClickId":"8d73a39c-96e7-4c58-93df-e056ddffa444"}
----------- END --------------
February 6, 2023, 2:29 am
----------- DATA -------------
Array
(
    [name] => Carlos Agramonte
    [phone] => +51984693466
    [offerId] => 25c8f434-1934-47b9-8d62-f5327a30c19a
    [domain] => http://testvmtb.site/lander/hair-pe-5--accaunt-1-/lemon.php
    [ip] => 132.191.3.162
    [utm_campaign] => 
    [utm_content] => 
    [utm_medium] => 
    [utm_source] => 
    [utm_term] => 
    [clickid] => 231l8qk5246r
    [fbpxl] => 
)

----------- RESPONSE ---------
{"result":"ok","localClickId":"c54b0cfd-ac17-4a35-bdd9-69877b9c5956"}
----------- END --------------
February 6, 2023, 3:44 am
----------- DATA -------------
Array
(
    [name] => Jimmy
    [phone] => +979213000
    [offerId] => 25c8f434-1934-47b9-8d62-f5327a30c19a
    [domain] => http://testvmtb.site/lander/hair-pe-5--accaunt-1-/lemon.php
    [ip] => 181.67.205.62
    [utm_campaign] => 
    [utm_content] => 
    [utm_medium] => 
    [utm_source] => 
    [utm_term] => 
    [clickid] => 7bvvfo525il
    [fbpxl] => 
)

----------- RESPONSE ---------
{"result":"ok","localClickId":"c3092e4b-1201-4fb0-9109-6b8e59a3e6a1"}
----------- END --------------
February 6, 2023, 4:11 am
----------- DATA -------------
Array
(
    [name] => IGNACIO TEOFILO NEIRA MALLAUPOMA0101
    [phone] => +999008890
    [offerId] => 25c8f434-1934-47b9-8d62-f5327a30c19a
    [domain] => http://testvmtb.site/lander/hair-pe-5--accaunt-1-/lemon.php
    [ip] => 179.6.73.79
    [utm_campaign] => 
    [utm_content] => 
    [utm_medium] => 
    [utm_source] => 
    [utm_term] => 
    [clickid] => 1tciamj52609
    [fbpxl] => 
)

----------- RESPONSE ---------
{"result":"ok","localClickId":"9511fc9a-c1a2-43cb-826b-777ef1867a3d"}
----------- END --------------
February 6, 2023, 12:56 pm
----------- DATA -------------
Array
(
    [name] => OSCAR ANCAJIMA RAMOS RAMOS
    [phone] => +957572463
    [offerId] => 25c8f434-1934-47b9-8d62-f5327a30c19a
    [domain] => http://testvmtb.site/lander/hair-pe-5--accaunt-1-/lemon.php
    [ip] => 181.176.76.204
    [utm_campaign] => 
    [utm_content] => 
    [utm_medium] => 
    [utm_source] => 
    [utm_term] => 
    [clickid] => 3p46fq52a7p
    [fbpxl] => 
)

----------- RESPONSE ---------
{"result":"ok","localClickId":"48c8630b-ba98-4745-9ffe-2a63bdbd0349"}
----------- END --------------
February 6, 2023, 2:10 pm
----------- DATA -------------
Array
(
    [name] => Leónidas merma 
    [phone] => +910282884
    [offerId] => 25c8f434-1934-47b9-8d62-f5327a30c19a
    [domain] => http://testvmtb.site/lander/hair-pe-5--accaunt-1-/lemon.php
    [ip] => 181.176.116.89
    [utm_campaign] => 
    [utm_content] => 
    [utm_medium] => 
    [utm_source] => 
    [utm_term] => 
    [clickid] => 2mmuhmg52aor
    [fbpxl] => 
)

----------- RESPONSE ---------
{"result":"ok","localClickId":"f98d05c6-3407-412f-b86b-1af1e138adf7"}
----------- END --------------
