December 9, 2022, 12:11 am
----------- DATA -------------
Array
(
    [name] => Victor
    [phone] => +977342862
    [offerId] => 25c8f434-1934-47b9-8d62-f5327a30c19a
    [domain] => http://caterebsiw.site/lander/hair-pe-5--accaunt-1-/lemon.php
    [ip] => 181.66.164.85
    [utm_campaign] => 
    [utm_content] => 
    [utm_medium] => 
    [utm_source] => 
    [utm_term] => 
    [clickid] => 1n504ng414uf
    [fbpxl] => 
)

----------- RESPONSE ---------
{"result":"ok","localClickId":"d628a3a8-d919-47c6-84d5-6f23f55c0034"}
----------- END --------------
December 9, 2022, 12:45 am
----------- DATA -------------
Array
(
    [name] => Franklin Fernández vasquez
    [phone] => +920000712
    [offerId] => 25c8f434-1934-47b9-8d62-f5327a30c19a
    [domain] => http://caterebsiw.site/lander/hair-pe-5--accaunt-1-/lemon.php
    [ip] => 179.7.80.159
    [utm_campaign] => 
    [utm_content] => 
    [utm_medium] => 
    [utm_source] => 
    [utm_term] => 
    [clickid] => 2o3pjla4153o
    [fbpxl] => 
)

----------- RESPONSE ---------
{"result":"ok","localClickId":"0c517cfc-aef9-4e8a-8e79-ba80f6fcfe93"}
----------- END --------------
December 9, 2022, 3:51 am
----------- DATA -------------
Array
(
    [name] => Juan 
    [phone] => +922041698
    [offerId] => 25c8f434-1934-47b9-8d62-f5327a30c19a
    [domain] => http://caterebsiw.site/lander/hair-pe-5--accaunt-1-/lemon.php
    [ip] => 179.7.80.245
    [utm_campaign] => 
    [utm_content] => 
    [utm_medium] => 
    [utm_source] => 
    [utm_term] => 
    [clickid] => vu0ahp416ec
    [fbpxl] => 
)

----------- RESPONSE ---------
{"result":"ok","localClickId":"673b9005-c149-47b7-bcb8-52f9800332ea"}
----------- END --------------
